<?xml version="1.0" encoding="UTF-8"?>
<testsuite xmlns:xsi="http://www.w3.org/2001/XMLSchema-instance" xsi:noNamespaceSchemaLocation="https://maven.apache.org/surefire/maven-surefire-plugin/xsd/surefire-test-report-3.0.xsd" version="3.0" name="com.example.recipe.recipe.RecipeIntegrationTest" time="44.248" tests="12" errors="0" skipped="0" failures="0">
  <properties>
    <property name="java.specification.version" value="18"/>
    <property name="sun.jnu.encoding" value="UTF-8"/>
    <property name="java.class.path" value="/Users/nellirossi/Documents/recipes/recipes-backend/target/test-classes:/Users/nellirossi/Documents/recipes/recipes-backend/target/classes:/Users/nellirossi/.m2/repository/org/springframework/boot/spring-boot-starter-data-jpa/3.2.0/spring-boot-starter-data-jpa-3.2.0.jar:/Users/nellirossi/.m2/repository/org/springframework/boot/spring-boot-starter-aop/3.2.0/spring-boot-starter-aop-3.2.0.jar:/Users/nellirossi/.m2/repository/org/aspectj/aspectjweaver/1.9.20.1/aspectjweaver-1.9.20.1.jar:/Users/nellirossi/.m2/repository/org/springframework/boot/spring-boot-starter-jdbc/3.2.0/spring-boot-starter-jdbc-3.2.0.jar:/Users/nellirossi/.m2/repository/com/zaxxer/HikariCP/5.0.1/HikariCP-5.0.1.jar:/Users/nellirossi/.m2/repository/org/springframework/spring-jdbc/6.1.1/spring-jdbc-6.1.1.jar:/Users/nellirossi/.m2/repository/org/hibernate/orm/hibernate-core/6.3.1.Final/hibernate-core-6.3.1.Final.jar:/Users/nellirossi/.m2/repository/jakarta/persistence/jakarta.persistence-api/3.1.0/jakarta.persistence-api-3.1.0.jar:/Users/nellirossi/.m2/repository/jakarta/transaction/jakarta.transaction-api/2.0.1/jakarta.transaction-api-2.0.1.jar:/Users/nellirossi/.m2/repository/org/jboss/logging/jboss-logging/3.5.3.Final/jboss-logging-3.5.3.Final.jar:/Users/nellirossi/.m2/repository/org/hibernate/common/hibernate-commons-annotations/6.0.6.Final/hibernate-commons-annotations-6.0.6.Final.jar:/Users/nellirossi/.m2/repository/io/smallrye/jandex/3.1.2/jandex-3.1.2.jar:/Users/nellirossi/.m2/repository/com/fasterxml/classmate/1.6.0/classmate-1.6.0.jar:/Users/nellirossi/.m2/repository/net/bytebuddy/byte-buddy/1.14.10/byte-buddy-1.14.10.jar:/Users/nellirossi/.m2/repository/org/glassfish/jaxb/jaxb-runtime/4.0.4/jaxb-runtime-4.0.4.jar:/Users/nellirossi/.m2/repository/org/glassfish/jaxb/jaxb-core/4.0.4/jaxb-core-4.0.4.jar:/Users/nellirossi/.m2/repository/org/eclipse/angus/angus-activation/2.0.1/angus-activation-2.0.1.jar:/Users/nellirossi/.m2/repository/org/glassfish/jaxb/txw2/4.0.4/txw2-4.0.4.jar:/Users/nellirossi/.m2/repository/com/sun/istack/istack-commons-runtime/4.1.2/istack-commons-runtime-4.1.2.jar:/Users/nellirossi/.m2/repository/jakarta/inject/jakarta.inject-api/2.0.1/jakarta.inject-api-2.0.1.jar:/Users/nellirossi/.m2/repository/org/antlr/antlr4-runtime/4.10.1/antlr4-runtime-4.10.1.jar:/Users/nellirossi/.m2/repository/org/springframework/data/spring-data-jpa/3.2.0/spring-data-jpa-3.2.0.jar:/Users/nellirossi/.m2/repository/org/springframework/data/spring-data-commons/3.2.0/spring-data-commons-3.2.0.jar:/Users/nellirossi/.m2/repository/org/springframework/spring-orm/6.1.1/spring-orm-6.1.1.jar:/Users/nellirossi/.m2/repository/org/springframework/spring-context/6.1.1/spring-context-6.1.1.jar:/Users/nellirossi/.m2/repository/org/springframework/spring-tx/6.1.1/spring-tx-6.1.1.jar:/Users/nellirossi/.m2/repository/org/springframework/spring-beans/6.1.1/spring-beans-6.1.1.jar:/Users/nellirossi/.m2/repository/jakarta/annotation/jakarta.annotation-api/2.1.1/jakarta.annotation-api-2.1.1.jar:/Users/nellirossi/.m2/repository/org/slf4j/slf4j-api/2.0.9/slf4j-api-2.0.9.jar:/Users/nellirossi/.m2/repository/org/springframework/spring-aspects/6.1.1/spring-aspects-6.1.1.jar:/Users/nellirossi/.m2/repository/org/springframework/boot/spring-boot-starter-security/3.2.0/spring-boot-starter-security-3.2.0.jar:/Users/nellirossi/.m2/repository/org/springframework/boot/spring-boot-starter/3.2.0/spring-boot-starter-3.2.0.jar:/Users/nellirossi/.m2/repository/org/springframework/boot/spring-boot/3.2.0/spring-boot-3.2.0.jar:/Users/nellirossi/.m2/repository/org/springframework/boot/spring-boot-autoconfigure/3.2.0/spring-boot-autoconfigure-3.2.0.jar:/Users/nellirossi/.m2/repository/org/springframework/boot/spring-boot-starter-logging/3.2.0/spring-boot-starter-logging-3.2.0.jar:/Users/nellirossi/.m2/repository/ch/qos/logback/logback-classic/1.4.11/logback-classic-1.4.11.jar:/Users/nellirossi/.m2/repository/ch/qos/logback/logback-core/1.4.11/logback-core-1.4.11.jar:/Users/nellirossi/.m2/repository/org/apache/logging/log4j/log4j-to-slf4j/2.21.1/log4j-to-slf4j-2.21.1.jar:/Users/nellirossi/.m2/repository/org/apache/logging/log4j/log4j-api/2.21.1/log4j-api-2.21.1.jar:/Users/nellirossi/.m2/repository/org/slf4j/jul-to-slf4j/2.0.9/jul-to-slf4j-2.0.9.jar:/Users/nellirossi/.m2/repository/org/yaml/snakeyaml/2.2/snakeyaml-2.2.jar:/Users/nellirossi/.m2/repository/org/springframework/spring-aop/6.1.1/spring-aop-6.1.1.jar:/Users/nellirossi/.m2/repository/org/springframework/security/spring-security-config/6.2.0/spring-security-config-6.2.0.jar:/Users/nellirossi/.m2/repository/org/springframework/security/spring-security-web/6.2.0/spring-security-web-6.2.0.jar:/Users/nellirossi/.m2/repository/org/springframework/spring-expression/6.1.1/spring-expression-6.1.1.jar:/Users/nellirossi/.m2/repository/org/springframework/boot/spring-boot-starter-web/3.2.0/spring-boot-starter-web-3.2.0.jar:/Users/nellirossi/.m2/repository/org/springframework/boot/spring-boot-starter-json/3.2.0/spring-boot-starter-json-3.2.0.jar:/Users/nellirossi/.m2/repository/com/fasterxml/jackson/datatype/jackson-datatype-jdk8/2.15.3/jackson-datatype-jdk8-2.15.3.jar:/Users/nellirossi/.m2/repository/com/fasterxml/jackson/datatype/jackson-datatype-jsr310/2.15.3/jackson-datatype-jsr310-2.15.3.jar:/Users/nellirossi/.m2/repository/com/fasterxml/jackson/module/jackson-module-parameter-names/2.15.3/jackson-module-parameter-names-2.15.3.jar:/Users/nellirossi/.m2/repository/org/springframework/boot/spring-boot-starter-tomcat/3.2.0/spring-boot-starter-tomcat-3.2.0.jar:/Users/nellirossi/.m2/repository/org/apache/tomcat/embed/tomcat-embed-core/10.1.16/tomcat-embed-core-10.1.16.jar:/Users/nellirossi/.m2/repository/org/apache/tomcat/embed/tomcat-embed-el/10.1.16/tomcat-embed-el-10.1.16.jar:/Users/nellirossi/.m2/repository/org/apache/tomcat/embed/tomcat-embed-websocket/10.1.16/tomcat-embed-websocket-10.1.16.jar:/Users/nellirossi/.m2/repository/org/springframework/spring-web/6.1.1/spring-web-6.1.1.jar:/Users/nellirossi/.m2/repository/io/micrometer/micrometer-observation/1.12.0/micrometer-observation-1.12.0.jar:/Users/nellirossi/.m2/repository/io/micrometer/micrometer-commons/1.12.0/micrometer-commons-1.12.0.jar:/Users/nellirossi/.m2/repository/org/springframework/spring-webmvc/6.1.1/spring-webmvc-6.1.1.jar:/Users/nellirossi/.m2/repository/com/mysql/mysql-connector-j/8.1.0/mysql-connector-j-8.1.0.jar:/Users/nellirossi/.m2/repository/org/projectlombok/lombok/1.18.30/lombok-1.18.30.jar:/Users/nellirossi/.m2/repository/org/springframework/boot/spring-boot-starter-test/3.2.0/spring-boot-starter-test-3.2.0.jar:/Users/nellirossi/.m2/repository/org/springframework/boot/spring-boot-test/3.2.0/spring-boot-test-3.2.0.jar:/Users/nellirossi/.m2/repository/org/springframework/boot/spring-boot-test-autoconfigure/3.2.0/spring-boot-test-autoconfigure-3.2.0.jar:/Users/nellirossi/.m2/repository/com/jayway/jsonpath/json-path/2.8.0/json-path-2.8.0.jar:/Users/nellirossi/.m2/repository/jakarta/xml/bind/jakarta.xml.bind-api/4.0.1/jakarta.xml.bind-api-4.0.1.jar:/Users/nellirossi/.m2/repository/jakarta/activation/jakarta.activation-api/2.1.2/jakarta.activation-api-2.1.2.jar:/Users/nellirossi/.m2/repository/org/assertj/assertj-core/3.24.2/assertj-core-3.24.2.jar:/Users/nellirossi/.m2/repository/org/awaitility/awaitility/4.2.0/awaitility-4.2.0.jar:/Users/nellirossi/.m2/repository/org/hamcrest/hamcrest/2.2/hamcrest-2.2.jar:/Users/nellirossi/.m2/repository/org/junit/jupiter/junit-jupiter/5.10.1/junit-jupiter-5.10.1.jar:/Users/nellirossi/.m2/repository/org/junit/jupiter/junit-jupiter-api/5.10.1/junit-jupiter-api-5.10.1.jar:/Users/nellirossi/.m2/repository/org/opentest4j/opentest4j/1.3.0/opentest4j-1.3.0.jar:/Users/nellirossi/.m2/repository/org/junit/platform/junit-platform-commons/1.10.1/junit-platform-commons-1.10.1.jar:/Users/nellirossi/.m2/repository/org/apiguardian/apiguardian-api/1.1.2/apiguardian-api-1.1.2.jar:/Users/nellirossi/.m2/repository/org/junit/jupiter/junit-jupiter-params/5.10.1/junit-jupiter-params-5.10.1.jar:/Users/nellirossi/.m2/repository/org/junit/jupiter/junit-jupiter-engine/5.10.1/junit-jupiter-engine-5.10.1.jar:/Users/nellirossi/.m2/repository/org/junit/platform/junit-platform-engine/1.10.1/junit-platform-engine-1.10.1.jar:/Users/nellirossi/.m2/repository/org/mockito/mockito-core/5.7.0/mockito-core-5.7.0.jar:/Users/nellirossi/.m2/repository/net/bytebuddy/byte-buddy-agent/1.14.10/byte-buddy-agent-1.14.10.jar:/Users/nellirossi/.m2/repository/org/objenesis/objenesis/3.3/objenesis-3.3.jar:/Users/nellirossi/.m2/repository/org/mockito/mockito-junit-jupiter/5.7.0/mockito-junit-jupiter-5.7.0.jar:/Users/nellirossi/.m2/repository/org/skyscreamer/jsonassert/1.5.1/jsonassert-1.5.1.jar:/Users/nellirossi/.m2/repository/com/vaadin/external/google/android-json/0.0.20131108.vaadin1/android-json-0.0.20131108.vaadin1.jar:/Users/nellirossi/.m2/repository/org/springframework/spring-core/6.1.1/spring-core-6.1.1.jar:/Users/nellirossi/.m2/repository/org/springframework/spring-jcl/6.1.1/spring-jcl-6.1.1.jar:/Users/nellirossi/.m2/repository/org/springframework/spring-test/6.1.1/spring-test-6.1.1.jar:/Users/nellirossi/.m2/repository/org/xmlunit/xmlunit-core/2.9.1/xmlunit-core-2.9.1.jar:/Users/nellirossi/.m2/repository/org/springframework/security/spring-security-test/6.2.0/spring-security-test-6.2.0.jar:/Users/nellirossi/.m2/repository/org/springframework/security/spring-security-core/6.2.0/spring-security-core-6.2.0.jar:/Users/nellirossi/.m2/repository/org/springframework/security/spring-security-crypto/6.2.0/spring-security-crypto-6.2.0.jar:/Users/nellirossi/.m2/repository/io/jsonwebtoken/jjwt-api/0.11.5/jjwt-api-0.11.5.jar:/Users/nellirossi/.m2/repository/net/minidev/json-smart/2.5.0/json-smart-2.5.0.jar:/Users/nellirossi/.m2/repository/net/minidev/accessors-smart/2.5.0/accessors-smart-2.5.0.jar:/Users/nellirossi/.m2/repository/org/ow2/asm/asm/9.3/asm-9.3.jar:/Users/nellirossi/.m2/repository/io/jsonwebtoken/jjwt-impl/0.11.5/jjwt-impl-0.11.5.jar:/Users/nellirossi/.m2/repository/io/jsonwebtoken/jjwt-jackson/0.11.5/jjwt-jackson-0.11.5.jar:/Users/nellirossi/.m2/repository/com/fasterxml/jackson/core/jackson-databind/2.15.3/jackson-databind-2.15.3.jar:/Users/nellirossi/.m2/repository/com/fasterxml/jackson/core/jackson-annotations/2.15.3/jackson-annotations-2.15.3.jar:/Users/nellirossi/.m2/repository/com/fasterxml/jackson/core/jackson-core/2.15.3/jackson-core-2.15.3.jar:/Users/nellirossi/.m2/repository/com/h2database/h2/2.2.224/h2-2.2.224.jar:/Users/nellirossi/.m2/repository/org/springframework/boot/spring-boot-starter-webflux/3.2.0/spring-boot-starter-webflux-3.2.0.jar:/Users/nellirossi/.m2/repository/org/springframework/boot/spring-boot-starter-reactor-netty/3.2.0/spring-boot-starter-reactor-netty-3.2.0.jar:/Users/nellirossi/.m2/repository/io/projectreactor/netty/reactor-netty-http/1.1.13/reactor-netty-http-1.1.13.jar:/Users/nellirossi/.m2/repository/io/netty/netty-codec-http/4.1.101.Final/netty-codec-http-4.1.101.Final.jar:/Users/nellirossi/.m2/repository/io/netty/netty-common/4.1.101.Final/netty-common-4.1.101.Final.jar:/Users/nellirossi/.m2/repository/io/netty/netty-buffer/4.1.101.Final/netty-buffer-4.1.101.Final.jar:/Users/nellirossi/.m2/repository/io/netty/netty-transport/4.1.101.Final/netty-transport-4.1.101.Final.jar:/Users/nellirossi/.m2/repository/io/netty/netty-codec/4.1.101.Final/netty-codec-4.1.101.Final.jar:/Users/nellirossi/.m2/repository/io/netty/netty-handler/4.1.101.Final/netty-handler-4.1.101.Final.jar:/Users/nellirossi/.m2/repository/io/netty/netty-codec-http2/4.1.101.Final/netty-codec-http2-4.1.101.Final.jar:/Users/nellirossi/.m2/repository/io/netty/netty-resolver-dns/4.1.101.Final/netty-resolver-dns-4.1.101.Final.jar:/Users/nellirossi/.m2/repository/io/netty/netty-resolver/4.1.101.Final/netty-resolver-4.1.101.Final.jar:/Users/nellirossi/.m2/repository/io/netty/netty-codec-dns/4.1.101.Final/netty-codec-dns-4.1.101.Final.jar:/Users/nellirossi/.m2/repository/io/netty/netty-resolver-dns-native-macos/4.1.101.Final/netty-resolver-dns-native-macos-4.1.101.Final-osx-x86_64.jar:/Users/nellirossi/.m2/repository/io/netty/netty-resolver-dns-classes-macos/4.1.101.Final/netty-resolver-dns-classes-macos-4.1.101.Final.jar:/Users/nellirossi/.m2/repository/io/netty/netty-transport-native-epoll/4.1.101.Final/netty-transport-native-epoll-4.1.101.Final-linux-x86_64.jar:/Users/nellirossi/.m2/repository/io/netty/netty-transport-native-unix-common/4.1.101.Final/netty-transport-native-unix-common-4.1.101.Final.jar:/Users/nellirossi/.m2/repository/io/netty/netty-transport-classes-epoll/4.1.101.Final/netty-transport-classes-epoll-4.1.101.Final.jar:/Users/nellirossi/.m2/repository/io/projectreactor/netty/reactor-netty-core/1.1.13/reactor-netty-core-1.1.13.jar:/Users/nellirossi/.m2/repository/io/netty/netty-handler-proxy/4.1.101.Final/netty-handler-proxy-4.1.101.Final.jar:/Users/nellirossi/.m2/repository/io/netty/netty-codec-socks/4.1.101.Final/netty-codec-socks-4.1.101.Final.jar:/Users/nellirossi/.m2/repository/org/springframework/spring-webflux/6.1.1/spring-webflux-6.1.1.jar:/Users/nellirossi/.m2/repository/io/projectreactor/reactor-core/3.6.0/reactor-core-3.6.0.jar:/Users/nellirossi/.m2/repository/org/reactivestreams/reactive-streams/1.0.4/reactive-streams-1.0.4.jar:/Users/nellirossi/.m2/repository/com/squareup/okhttp3/okhttp/4.10.0/okhttp-4.10.0.jar:/Users/nellirossi/.m2/repository/com/squareup/okio/okio-jvm/3.0.0/okio-jvm-3.0.0.jar:/Users/nellirossi/.m2/repository/org/jetbrains/kotlin/kotlin-stdlib-common/1.9.20/kotlin-stdlib-common-1.9.20.jar:/Users/nellirossi/.m2/repository/org/jetbrains/kotlin/kotlin-stdlib/1.9.20/kotlin-stdlib-1.9.20.jar:/Users/nellirossi/.m2/repository/org/jetbrains/annotations/13.0/annotations-13.0.jar:/Users/nellirossi/.m2/repository/com/squareup/okhttp3/mockwebserver/4.10.0/mockwebserver-4.10.0.jar:/Users/nellirossi/.m2/repository/junit/junit/4.13.2/junit-4.13.2.jar:/Users/nellirossi/.m2/repository/org/hamcrest/hamcrest-core/2.2/hamcrest-core-2.2.jar:/Users/nellirossi/.m2/repository/org/jetbrains/kotlin/kotlin-stdlib-jdk8/1.9.20/kotlin-stdlib-jdk8-1.9.20.jar:/Users/nellirossi/.m2/repository/org/jetbrains/kotlin/kotlin-stdlib-jdk7/1.9.20/kotlin-stdlib-jdk7-1.9.20.jar:"/>
    <property name="java.vm.vendor" value="Homebrew"/>
    <property name="sun.arch.data.model" value="64"/>
    <property name="java.vendor.url" value="https://github.com/Homebrew/homebrew-core/issues"/>
    <property name="catalina.useNaming" value="false"/>
    <property name="user.timezone" value="Europe/Helsinki"/>
    <property name="org.jboss.logging.provider" value="slf4j"/>
    <property name="os.name" value="Mac OS X"/>
    <property name="java.vm.specification.version" value="18"/>
    <property name="sun.java.launcher" value="SUN_STANDARD"/>
    <property name="user.country" value="GB"/>
    <property name="sun.boot.library.path" value="/usr/local/Cellar/openjdk/18.0.2.1/libexec/openjdk.jdk/Contents/Home/lib"/>
    <property name="sun.java.command" value="/Users/nellirossi/Documents/recipes/recipes-backend/target/surefire/surefirebooter-20240118200226112_3.jar /Users/nellirossi/Documents/recipes/recipes-backend/target/surefire 2024-01-18T20-02-25_984-jvmRun1 surefire-20240118200226112_1tmp surefire_0-20240118200226112_2tmp"/>
    <property name="http.nonProxyHosts" value="local|*.local|169.254/16|*.169.254/16"/>
    <property name="jdk.debug" value="release"/>
    <property name="surefire.test.class.path" value="/Users/nellirossi/Documents/recipes/recipes-backend/target/test-classes:/Users/nellirossi/Documents/recipes/recipes-backend/target/classes:/Users/nellirossi/.m2/repository/org/springframework/boot/spring-boot-starter-data-jpa/3.2.0/spring-boot-starter-data-jpa-3.2.0.jar:/Users/nellirossi/.m2/repository/org/springframework/boot/spring-boot-starter-aop/3.2.0/spring-boot-starter-aop-3.2.0.jar:/Users/nellirossi/.m2/repository/org/aspectj/aspectjweaver/1.9.20.1/aspectjweaver-1.9.20.1.jar:/Users/nellirossi/.m2/repository/org/springframework/boot/spring-boot-starter-jdbc/3.2.0/spring-boot-starter-jdbc-3.2.0.jar:/Users/nellirossi/.m2/repository/com/zaxxer/HikariCP/5.0.1/HikariCP-5.0.1.jar:/Users/nellirossi/.m2/repository/org/springframework/spring-jdbc/6.1.1/spring-jdbc-6.1.1.jar:/Users/nellirossi/.m2/repository/org/hibernate/orm/hibernate-core/6.3.1.Final/hibernate-core-6.3.1.Final.jar:/Users/nellirossi/.m2/repository/jakarta/persistence/jakarta.persistence-api/3.1.0/jakarta.persistence-api-3.1.0.jar:/Users/nellirossi/.m2/repository/jakarta/transaction/jakarta.transaction-api/2.0.1/jakarta.transaction-api-2.0.1.jar:/Users/nellirossi/.m2/repository/org/jboss/logging/jboss-logging/3.5.3.Final/jboss-logging-3.5.3.Final.jar:/Users/nellirossi/.m2/repository/org/hibernate/common/hibernate-commons-annotations/6.0.6.Final/hibernate-commons-annotations-6.0.6.Final.jar:/Users/nellirossi/.m2/repository/io/smallrye/jandex/3.1.2/jandex-3.1.2.jar:/Users/nellirossi/.m2/repository/com/fasterxml/classmate/1.6.0/classmate-1.6.0.jar:/Users/nellirossi/.m2/repository/net/bytebuddy/byte-buddy/1.14.10/byte-buddy-1.14.10.jar:/Users/nellirossi/.m2/repository/org/glassfish/jaxb/jaxb-runtime/4.0.4/jaxb-runtime-4.0.4.jar:/Users/nellirossi/.m2/repository/org/glassfish/jaxb/jaxb-core/4.0.4/jaxb-core-4.0.4.jar:/Users/nellirossi/.m2/repository/org/eclipse/angus/angus-activation/2.0.1/angus-activation-2.0.1.jar:/Users/nellirossi/.m2/repository/org/glassfish/jaxb/txw2/4.0.4/txw2-4.0.4.jar:/Users/nellirossi/.m2/repository/com/sun/istack/istack-commons-runtime/4.1.2/istack-commons-runtime-4.1.2.jar:/Users/nellirossi/.m2/repository/jakarta/inject/jakarta.inject-api/2.0.1/jakarta.inject-api-2.0.1.jar:/Users/nellirossi/.m2/repository/org/antlr/antlr4-runtime/4.10.1/antlr4-runtime-4.10.1.jar:/Users/nellirossi/.m2/repository/org/springframework/data/spring-data-jpa/3.2.0/spring-data-jpa-3.2.0.jar:/Users/nellirossi/.m2/repository/org/springframework/data/spring-data-commons/3.2.0/spring-data-commons-3.2.0.jar:/Users/nellirossi/.m2/repository/org/springframework/spring-orm/6.1.1/spring-orm-6.1.1.jar:/Users/nellirossi/.m2/repository/org/springframework/spring-context/6.1.1/spring-context-6.1.1.jar:/Users/nellirossi/.m2/repository/org/springframework/spring-tx/6.1.1/spring-tx-6.1.1.jar:/Users/nellirossi/.m2/repository/org/springframework/spring-beans/6.1.1/spring-beans-6.1.1.jar:/Users/nellirossi/.m2/repository/jakarta/annotation/jakarta.annotation-api/2.1.1/jakarta.annotation-api-2.1.1.jar:/Users/nellirossi/.m2/repository/org/slf4j/slf4j-api/2.0.9/slf4j-api-2.0.9.jar:/Users/nellirossi/.m2/repository/org/springframework/spring-aspects/6.1.1/spring-aspects-6.1.1.jar:/Users/nellirossi/.m2/repository/org/springframework/boot/spring-boot-starter-security/3.2.0/spring-boot-starter-security-3.2.0.jar:/Users/nellirossi/.m2/repository/org/springframework/boot/spring-boot-starter/3.2.0/spring-boot-starter-3.2.0.jar:/Users/nellirossi/.m2/repository/org/springframework/boot/spring-boot/3.2.0/spring-boot-3.2.0.jar:/Users/nellirossi/.m2/repository/org/springframework/boot/spring-boot-autoconfigure/3.2.0/spring-boot-autoconfigure-3.2.0.jar:/Users/nellirossi/.m2/repository/org/springframework/boot/spring-boot-starter-logging/3.2.0/spring-boot-starter-logging-3.2.0.jar:/Users/nellirossi/.m2/repository/ch/qos/logback/logback-classic/1.4.11/logback-classic-1.4.11.jar:/Users/nellirossi/.m2/repository/ch/qos/logback/logback-core/1.4.11/logback-core-1.4.11.jar:/Users/nellirossi/.m2/repository/org/apache/logging/log4j/log4j-to-slf4j/2.21.1/log4j-to-slf4j-2.21.1.jar:/Users/nellirossi/.m2/repository/org/apache/logging/log4j/log4j-api/2.21.1/log4j-api-2.21.1.jar:/Users/nellirossi/.m2/repository/org/slf4j/jul-to-slf4j/2.0.9/jul-to-slf4j-2.0.9.jar:/Users/nellirossi/.m2/repository/org/yaml/snakeyaml/2.2/snakeyaml-2.2.jar:/Users/nellirossi/.m2/repository/org/springframework/spring-aop/6.1.1/spring-aop-6.1.1.jar:/Users/nellirossi/.m2/repository/org/springframework/security/spring-security-config/6.2.0/spring-security-config-6.2.0.jar:/Users/nellirossi/.m2/repository/org/springframework/security/spring-security-web/6.2.0/spring-security-web-6.2.0.jar:/Users/nellirossi/.m2/repository/org/springframework/spring-expression/6.1.1/spring-expression-6.1.1.jar:/Users/nellirossi/.m2/repository/org/springframework/boot/spring-boot-starter-web/3.2.0/spring-boot-starter-web-3.2.0.jar:/Users/nellirossi/.m2/repository/org/springframework/boot/spring-boot-starter-json/3.2.0/spring-boot-starter-json-3.2.0.jar:/Users/nellirossi/.m2/repository/com/fasterxml/jackson/datatype/jackson-datatype-jdk8/2.15.3/jackson-datatype-jdk8-2.15.3.jar:/Users/nellirossi/.m2/repository/com/fasterxml/jackson/datatype/jackson-datatype-jsr310/2.15.3/jackson-datatype-jsr310-2.15.3.jar:/Users/nellirossi/.m2/repository/com/fasterxml/jackson/module/jackson-module-parameter-names/2.15.3/jackson-module-parameter-names-2.15.3.jar:/Users/nellirossi/.m2/repository/org/springframework/boot/spring-boot-starter-tomcat/3.2.0/spring-boot-starter-tomcat-3.2.0.jar:/Users/nellirossi/.m2/repository/org/apache/tomcat/embed/tomcat-embed-core/10.1.16/tomcat-embed-core-10.1.16.jar:/Users/nellirossi/.m2/repository/org/apache/tomcat/embed/tomcat-embed-el/10.1.16/tomcat-embed-el-10.1.16.jar:/Users/nellirossi/.m2/repository/org/apache/tomcat/embed/tomcat-embed-websocket/10.1.16/tomcat-embed-websocket-10.1.16.jar:/Users/nellirossi/.m2/repository/org/springframework/spring-web/6.1.1/spring-web-6.1.1.jar:/Users/nellirossi/.m2/repository/io/micrometer/micrometer-observation/1.12.0/micrometer-observation-1.12.0.jar:/Users/nellirossi/.m2/repository/io/micrometer/micrometer-commons/1.12.0/micrometer-commons-1.12.0.jar:/Users/nellirossi/.m2/repository/org/springframework/spring-webmvc/6.1.1/spring-webmvc-6.1.1.jar:/Users/nellirossi/.m2/repository/com/mysql/mysql-connector-j/8.1.0/mysql-connector-j-8.1.0.jar:/Users/nellirossi/.m2/repository/org/projectlombok/lombok/1.18.30/lombok-1.18.30.jar:/Users/nellirossi/.m2/repository/org/springframework/boot/spring-boot-starter-test/3.2.0/spring-boot-starter-test-3.2.0.jar:/Users/nellirossi/.m2/repository/org/springframework/boot/spring-boot-test/3.2.0/spring-boot-test-3.2.0.jar:/Users/nellirossi/.m2/repository/org/springframework/boot/spring-boot-test-autoconfigure/3.2.0/spring-boot-test-autoconfigure-3.2.0.jar:/Users/nellirossi/.m2/repository/com/jayway/jsonpath/json-path/2.8.0/json-path-2.8.0.jar:/Users/nellirossi/.m2/repository/jakarta/xml/bind/jakarta.xml.bind-api/4.0.1/jakarta.xml.bind-api-4.0.1.jar:/Users/nellirossi/.m2/repository/jakarta/activation/jakarta.activation-api/2.1.2/jakarta.activation-api-2.1.2.jar:/Users/nellirossi/.m2/repository/org/assertj/assertj-core/3.24.2/assertj-core-3.24.2.jar:/Users/nellirossi/.m2/repository/org/awaitility/awaitility/4.2.0/awaitility-4.2.0.jar:/Users/nellirossi/.m2/repository/org/hamcrest/hamcrest/2.2/hamcrest-2.2.jar:/Users/nellirossi/.m2/repository/org/junit/jupiter/junit-jupiter/5.10.1/junit-jupiter-5.10.1.jar:/Users/nellirossi/.m2/repository/org/junit/jupiter/junit-jupiter-api/5.10.1/junit-jupiter-api-5.10.1.jar:/Users/nellirossi/.m2/repository/org/opentest4j/opentest4j/1.3.0/opentest4j-1.3.0.jar:/Users/nellirossi/.m2/repository/org/junit/platform/junit-platform-commons/1.10.1/junit-platform-commons-1.10.1.jar:/Users/nellirossi/.m2/repository/org/apiguardian/apiguardian-api/1.1.2/apiguardian-api-1.1.2.jar:/Users/nellirossi/.m2/repository/org/junit/jupiter/junit-jupiter-params/5.10.1/junit-jupiter-params-5.10.1.jar:/Users/nellirossi/.m2/repository/org/junit/jupiter/junit-jupiter-engine/5.10.1/junit-jupiter-engine-5.10.1.jar:/Users/nellirossi/.m2/repository/org/junit/platform/junit-platform-engine/1.10.1/junit-platform-engine-1.10.1.jar:/Users/nellirossi/.m2/repository/org/mockito/mockito-core/5.7.0/mockito-core-5.7.0.jar:/Users/nellirossi/.m2/repository/net/bytebuddy/byte-buddy-agent/1.14.10/byte-buddy-agent-1.14.10.jar:/Users/nellirossi/.m2/repository/org/objenesis/objenesis/3.3/objenesis-3.3.jar:/Users/nellirossi/.m2/repository/org/mockito/mockito-junit-jupiter/5.7.0/mockito-junit-jupiter-5.7.0.jar:/Users/nellirossi/.m2/repository/org/skyscreamer/jsonassert/1.5.1/jsonassert-1.5.1.jar:/Users/nellirossi/.m2/repository/com/vaadin/external/google/android-json/0.0.20131108.vaadin1/android-json-0.0.20131108.vaadin1.jar:/Users/nellirossi/.m2/repository/org/springframework/spring-core/6.1.1/spring-core-6.1.1.jar:/Users/nellirossi/.m2/repository/org/springframework/spring-jcl/6.1.1/spring-jcl-6.1.1.jar:/Users/nellirossi/.m2/repository/org/springframework/spring-test/6.1.1/spring-test-6.1.1.jar:/Users/nellirossi/.m2/repository/org/xmlunit/xmlunit-core/2.9.1/xmlunit-core-2.9.1.jar:/Users/nellirossi/.m2/repository/org/springframework/security/spring-security-test/6.2.0/spring-security-test-6.2.0.jar:/Users/nellirossi/.m2/repository/org/springframework/security/spring-security-core/6.2.0/spring-security-core-6.2.0.jar:/Users/nellirossi/.m2/repository/org/springframework/security/spring-security-crypto/6.2.0/spring-security-crypto-6.2.0.jar:/Users/nellirossi/.m2/repository/io/jsonwebtoken/jjwt-api/0.11.5/jjwt-api-0.11.5.jar:/Users/nellirossi/.m2/repository/net/minidev/json-smart/2.5.0/json-smart-2.5.0.jar:/Users/nellirossi/.m2/repository/net/minidev/accessors-smart/2.5.0/accessors-smart-2.5.0.jar:/Users/nellirossi/.m2/repository/org/ow2/asm/asm/9.3/asm-9.3.jar:/Users/nellirossi/.m2/repository/io/jsonwebtoken/jjwt-impl/0.11.5/jjwt-impl-0.11.5.jar:/Users/nellirossi/.m2/repository/io/jsonwebtoken/jjwt-jackson/0.11.5/jjwt-jackson-0.11.5.jar:/Users/nellirossi/.m2/repository/com/fasterxml/jackson/core/jackson-databind/2.15.3/jackson-databind-2.15.3.jar:/Users/nellirossi/.m2/repository/com/fasterxml/jackson/core/jackson-annotations/2.15.3/jackson-annotations-2.15.3.jar:/Users/nellirossi/.m2/repository/com/fasterxml/jackson/core/jackson-core/2.15.3/jackson-core-2.15.3.jar:/Users/nellirossi/.m2/repository/com/h2database/h2/2.2.224/h2-2.2.224.jar:/Users/nellirossi/.m2/repository/org/springframework/boot/spring-boot-starter-webflux/3.2.0/spring-boot-starter-webflux-3.2.0.jar:/Users/nellirossi/.m2/repository/org/springframework/boot/spring-boot-starter-reactor-netty/3.2.0/spring-boot-starter-reactor-netty-3.2.0.jar:/Users/nellirossi/.m2/repository/io/projectreactor/netty/reactor-netty-http/1.1.13/reactor-netty-http-1.1.13.jar:/Users/nellirossi/.m2/repository/io/netty/netty-codec-http/4.1.101.Final/netty-codec-http-4.1.101.Final.jar:/Users/nellirossi/.m2/repository/io/netty/netty-common/4.1.101.Final/netty-common-4.1.101.Final.jar:/Users/nellirossi/.m2/repository/io/netty/netty-buffer/4.1.101.Final/netty-buffer-4.1.101.Final.jar:/Users/nellirossi/.m2/repository/io/netty/netty-transport/4.1.101.Final/netty-transport-4.1.101.Final.jar:/Users/nellirossi/.m2/repository/io/netty/netty-codec/4.1.101.Final/netty-codec-4.1.101.Final.jar:/Users/nellirossi/.m2/repository/io/netty/netty-handler/4.1.101.Final/netty-handler-4.1.101.Final.jar:/Users/nellirossi/.m2/repository/io/netty/netty-codec-http2/4.1.101.Final/netty-codec-http2-4.1.101.Final.jar:/Users/nellirossi/.m2/repository/io/netty/netty-resolver-dns/4.1.101.Final/netty-resolver-dns-4.1.101.Final.jar:/Users/nellirossi/.m2/repository/io/netty/netty-resolver/4.1.101.Final/netty-resolver-4.1.101.Final.jar:/Users/nellirossi/.m2/repository/io/netty/netty-codec-dns/4.1.101.Final/netty-codec-dns-4.1.101.Final.jar:/Users/nellirossi/.m2/repository/io/netty/netty-resolver-dns-native-macos/4.1.101.Final/netty-resolver-dns-native-macos-4.1.101.Final-osx-x86_64.jar:/Users/nellirossi/.m2/repository/io/netty/netty-resolver-dns-classes-macos/4.1.101.Final/netty-resolver-dns-classes-macos-4.1.101.Final.jar:/Users/nellirossi/.m2/repository/io/netty/netty-transport-native-epoll/4.1.101.Final/netty-transport-native-epoll-4.1.101.Final-linux-x86_64.jar:/Users/nellirossi/.m2/repository/io/netty/netty-transport-native-unix-common/4.1.101.Final/netty-transport-native-unix-common-4.1.101.Final.jar:/Users/nellirossi/.m2/repository/io/netty/netty-transport-classes-epoll/4.1.101.Final/netty-transport-classes-epoll-4.1.101.Final.jar:/Users/nellirossi/.m2/repository/io/projectreactor/netty/reactor-netty-core/1.1.13/reactor-netty-core-1.1.13.jar:/Users/nellirossi/.m2/repository/io/netty/netty-handler-proxy/4.1.101.Final/netty-handler-proxy-4.1.101.Final.jar:/Users/nellirossi/.m2/repository/io/netty/netty-codec-socks/4.1.101.Final/netty-codec-socks-4.1.101.Final.jar:/Users/nellirossi/.m2/repository/org/springframework/spring-webflux/6.1.1/spring-webflux-6.1.1.jar:/Users/nellirossi/.m2/repository/io/projectreactor/reactor-core/3.6.0/reactor-core-3.6.0.jar:/Users/nellirossi/.m2/repository/org/reactivestreams/reactive-streams/1.0.4/reactive-streams-1.0.4.jar:/Users/nellirossi/.m2/repository/com/squareup/okhttp3/okhttp/4.10.0/okhttp-4.10.0.jar:/Users/nellirossi/.m2/repository/com/squareup/okio/okio-jvm/3.0.0/okio-jvm-3.0.0.jar:/Users/nellirossi/.m2/repository/org/jetbrains/kotlin/kotlin-stdlib-common/1.9.20/kotlin-stdlib-common-1.9.20.jar:/Users/nellirossi/.m2/repository/org/jetbrains/kotlin/kotlin-stdlib/1.9.20/kotlin-stdlib-1.9.20.jar:/Users/nellirossi/.m2/repository/org/jetbrains/annotations/13.0/annotations-13.0.jar:/Users/nellirossi/.m2/repository/com/squareup/okhttp3/mockwebserver/4.10.0/mockwebserver-4.10.0.jar:/Users/nellirossi/.m2/repository/junit/junit/4.13.2/junit-4.13.2.jar:/Users/nellirossi/.m2/repository/org/hamcrest/hamcrest-core/2.2/hamcrest-core-2.2.jar:/Users/nellirossi/.m2/repository/org/jetbrains/kotlin/kotlin-stdlib-jdk8/1.9.20/kotlin-stdlib-jdk8-1.9.20.jar:/Users/nellirossi/.m2/repository/org/jetbrains/kotlin/kotlin-stdlib-jdk7/1.9.20/kotlin-stdlib-jdk7-1.9.20.jar:"/>
    <property name="sun.cpu.endian" value="little"/>
    <property name="user.home" value="/Users/nellirossi"/>
    <property name="user.language" value="en"/>
    <property name="java.specification.vendor" value="Oracle Corporation"/>
    <property name="java.version.date" value="2022-08-18"/>
    <property name="java.home" value="/usr/local/Cellar/openjdk/18.0.2.1/libexec/openjdk.jdk/Contents/Home"/>
    <property name="file.separator" value="/"/>
    <property name="basedir" value="/Users/nellirossi/Documents/recipes/recipes-backend"/>
    <property name="java.vm.compressedOopsMode" value="Zero based"/>
    <property name="line.separator" value="&#10;"/>
    <property name="java.vm.specification.vendor" value="Oracle Corporation"/>
    <property name="java.specification.name" value="Java Platform API Specification"/>
    <property name="FILE_LOG_CHARSET" value="UTF-8"/>
    <property name="java.awt.headless" value="true"/>
    <property name="apple.awt.application.name" value="ForkedBooter"/>
    <property name="surefire.real.class.path" value="/Users/nellirossi/Documents/recipes/recipes-backend/target/surefire/surefirebooter-20240118200226112_3.jar"/>
    <property name="sun.management.compiler" value="HotSpot 64-Bit Tiered Compilers"/>
    <property name="ftp.nonProxyHosts" value="local|*.local|169.254/16|*.169.254/16"/>
    <property name="java.runtime.version" value="18.0.2.1+0"/>
    <property name="user.name" value="nellirossi"/>
    <property name="path.separator" value=":"/>
    <property name="os.version" value="13.2"/>
    <property name="java.runtime.name" value="OpenJDK Runtime Environment"/>
    <property name="file.encoding" value="UTF-8"/>
    <property name="java.vm.name" value="OpenJDK 64-Bit Server VM"/>
    <property name="java.vendor.version" value="Homebrew"/>
    <property name="localRepository" value="/Users/nellirossi/.m2/repository"/>
    <property name="java.vendor.url.bug" value="https://github.com/Homebrew/homebrew-core/issues"/>
    <property name="java.io.tmpdir" value="/var/folders/6h/cljjy91n56g8v9b95r5mbbw80000gn/T/"/>
    <property name="com.zaxxer.hikari.pool_number" value="13"/>
    <property name="catalina.home" value="/private/var/folders/6h/cljjy91n56g8v9b95r5mbbw80000gn/T/tomcat.0.14685796852466811500"/>
    <property name="java.version" value="18.0.2.1"/>
    <property name="user.dir" value="/Users/nellirossi/Documents/recipes/recipes-backend"/>
    <property name="os.arch" value="x86_64"/>
    <property name="java.vm.specification.name" value="Java Virtual Machine Specification"/>
    <property name="PID" value="74534"/>
    <property name="CONSOLE_LOG_CHARSET" value="UTF-8"/>
    <property name="catalina.base" value="/private/var/folders/6h/cljjy91n56g8v9b95r5mbbw80000gn/T/tomcat.0.7567753276087372636"/>
    <property name="native.encoding" value="UTF-8"/>
    <property name="java.library.path" value="/Users/nellirossi/Library/Java/Extensions:/Library/Java/Extensions:/Network/Library/Java/Extensions:/System/Library/Java/Extensions:/usr/lib/java:."/>
    <property name="java.vm.info" value="mixed mode, sharing"/>
    <property name="java.vendor" value="Homebrew"/>
    <property name="java.vm.version" value="18.0.2.1+0"/>
    <property name="sun.io.unicode.encoding" value="UnicodeBig"/>
    <property name="socksNonProxyHosts" value="local|*.local|169.254/16|*.169.254/16"/>
    <property name="java.class.version" value="62.0"/>
  </properties>
  <testcase name="favouriteRecipeWorks" classname="com.example.recipe.recipe.RecipeIntegrationTest" time="2.949">
    <system-out><![CDATA[2024-01-18T20:02:40.050+02:00  INFO 74534 --- [           main] t.c.s.AnnotationConfigContextLoaderUtils : Could not detect default configuration classes for test class [com.example.recipe.recipe.RecipeIntegrationTest]: RecipeIntegrationTest does not declare any static, non-private, non-final, nested classes annotated with @Configuration.
2024-01-18T20:02:40.137+02:00  INFO 74534 --- [           main] .b.t.c.SpringBootTestContextBootstrapper : Found @SpringBootConfiguration com.example.recipe.RecipeApplication for test class com.example.recipe.recipe.RecipeIntegrationTest

  .   ____          _            __ _ _
 /\\ / ___'_ __ _ _(_)_ __  __ _ \ \ \ \
( ( )\___ | '_ | '_| | '_ \/ _` | \ \ \ \
 \\/  ___)| |_)| | | | | || (_| |  ) ) ) )
  '  |____| .__|_| |_|_| |_\__, | / / / /
 =========|_|==============|___/=/_/_/_/
 :: Spring Boot ::                (v3.2.0)

2024-01-18T20:02:40.337+02:00  INFO 74534 --- [           main] c.e.recipe.recipe.RecipeIntegrationTest  : Starting RecipeIntegrationTest using Java 18.0.2.1 with PID 74534 (started by nellirossi in /Users/nellirossi/Documents/recipes/recipes-backend)
2024-01-18T20:02:40.340+02:00  INFO 74534 --- [           main] c.e.recipe.recipe.RecipeIntegrationTest  : The following 1 profile is active: "test"
2024-01-18T20:02:40.760+02:00  INFO 74534 --- [           main] .s.d.r.c.RepositoryConfigurationDelegate : Bootstrapping Spring Data JPA repositories in DEFAULT mode.
2024-01-18T20:02:40.793+02:00  INFO 74534 --- [           main] .s.d.r.c.RepositoryConfigurationDelegate : Finished Spring Data repository scanning in 33 ms. Found 8 JPA repository interfaces.
2024-01-18T20:02:41.220+02:00  INFO 74534 --- [           main] o.s.b.w.embedded.tomcat.TomcatWebServer  : Tomcat initialized with port 0 (http)
2024-01-18T20:02:41.230+02:00  INFO 74534 --- [           main] o.apache.catalina.core.StandardService   : Starting service [Tomcat]
2024-01-18T20:02:41.233+02:00  INFO 74534 --- [           main] o.apache.catalina.core.StandardEngine    : Starting Servlet engine: [Apache Tomcat/10.1.16]
2024-01-18T20:02:41.289+02:00  INFO 74534 --- [           main] o.a.c.c.C.[Tomcat].[localhost].[/]       : Initializing Spring embedded WebApplicationContext
2024-01-18T20:02:41.289+02:00  INFO 74534 --- [           main] w.s.c.ServletWebServerApplicationContext : Root WebApplicationContext: initialization completed in 945 ms
2024-01-18T20:02:41.404+02:00  INFO 74534 --- [           main] o.hibernate.jpa.internal.util.LogHelper  : HHH000204: Processing PersistenceUnitInfo [name: default]
2024-01-18T20:02:41.409+02:00  INFO 74534 --- [           main] o.h.c.internal.RegionFactoryInitiator    : HHH000026: Second-level cache disabled
2024-01-18T20:02:41.415+02:00  INFO 74534 --- [           main] o.s.o.j.p.SpringPersistenceUnitInfo      : No LoadTimeWeaver setup: ignoring JPA class transformer
2024-01-18T20:02:41.416+02:00  INFO 74534 --- [           main] com.zaxxer.hikari.HikariDataSource       : HikariPool-2 - Starting...
2024-01-18T20:02:41.435+02:00  INFO 74534 --- [           main] com.zaxxer.hikari.pool.HikariPool        : HikariPool-2 - Added connection conn10: url=jdbc:h2:mem:eb5fe446-a296-4999-9e42-f2221a65ea5c user=SA
2024-01-18T20:02:41.436+02:00  INFO 74534 --- [           main] com.zaxxer.hikari.HikariDataSource       : HikariPool-2 - Start completed.
2024-01-18T20:02:41.440+02:00  WARN 74534 --- [           main] org.hibernate.dialect.Dialect            : HHH000511: The 2.2.0 version for [org.hibernate.dialect.MySQLDialect] is no longer supported, hence certain features may not work properly. The minimum supported version is 5.7.0. Check the community dialects project for available legacy versions.
2024-01-18T20:02:41.441+02:00  WARN 74534 --- [           main] org.hibernate.orm.deprecation            : HHH90000025: MySQLDialect does not need to be specified explicitly using 'hibernate.dialect' (remove the property setting and it will be selected by default)
2024-01-18T20:02:41.617+02:00  INFO 74534 --- [           main] o.h.e.t.j.p.i.JtaPlatformInitiator       : HHH000489: No JTA platform available (set 'hibernate.transaction.jta.platform' to enable JTA platform integration)
Hibernate: 
    create table account (
        account_id integer not null auto_increment,
        account_email varchar(255) not null,
        account_name varchar(255) not null,
        account_password varchar(255) not null,
        account_username varchar(255) not null,
        primary key (account_id)
    ) engine=InnoDB
Hibernate: 
    create table category (
        category_id integer not null auto_increment,
        category_name varchar(255),
        primary key (category_id)
    ) engine=InnoDB
Hibernate: 
    create table country (
        country_id integer not null auto_increment,
        country_name varchar(255),
        primary key (country_id)
    ) engine=InnoDB
Hibernate: 
    create table ingredient (
        ingredient_id integer not null auto_increment,
        ingredient_name varchar(255) not null,
        primary key (ingredient_id)
    ) engine=InnoDB
Hibernate: 
    create table instruction (
        instruction_id integer not null auto_increment,
        instruction_body varchar(255) not null,
        recipe_id integer,
        primary key (instruction_id)
    ) engine=InnoDB
Hibernate: 
    create table measurement (
        measurement_id integer not null auto_increment,
        measurement_amount float(23) not null,
        measurement_ingredient integer,
        measurement_unit integer,
        recipe_id integer,
        primary key (measurement_id)
    ) engine=InnoDB
Hibernate: 
    create table recipe (
        recipe_id integer not null,
        recipe_description varchar(255) not null,
        recipe_do_later bit not null,
        recipe_favourite bit not null,
        recipe_finished bit not null,
        recipe_health_score float(53),
        recipe_image varchar(255) not null,
        recipe_original varchar(255),
        recipe_servings integer not null,
        recipe_time integer not null,
        recipe_title varchar(255) not null,
        recipe_to_do_date date,
        recipe_account integer not null,
        primary key (recipe_id)
    ) engine=InnoDB
Hibernate: 
    create table recipe_category_mapping (
        recipe_category integer not null,
        category_id integer not null
    ) engine=InnoDB
Hibernate: 
    create table recipe_country_mapping (
        recipe_country integer not null,
        country_id integer not null
    ) engine=InnoDB
Hibernate: 
    create table recipe_type_mapping (
        recipe_type integer not null,
        type_id integer not null
    ) engine=InnoDB
Hibernate: 
    create table type (
        type_id integer not null auto_increment,
        type_name varchar(255),
        primary key (type_id)
    ) engine=InnoDB
Hibernate: 
    create table unit (
        unit_id integer not null auto_increment,
        unit_name varchar(255),
        primary key (unit_id)
    ) engine=InnoDB
Hibernate: 
    alter table account 
       drop index UK_o72icrlyfe9jcc61hbgsnmkgr
Hibernate: 
    alter table account 
       add constraint UK_o72icrlyfe9jcc61hbgsnmkgr unique (account_email)
Hibernate: 
    alter table account 
       drop index UK_xtxi9818l59cygi210n8tymn
Hibernate: 
    alter table account 
       add constraint UK_xtxi9818l59cygi210n8tymn unique (account_username)
Hibernate: 
    alter table category 
       drop index UK_lroeo5fvfdeg4hpicn4lw7x9b
Hibernate: 
    alter table category 
       add constraint UK_lroeo5fvfdeg4hpicn4lw7x9b unique (category_name)
Hibernate: 
    alter table country 
       drop index UK_qrkn270121aljmucrdbnmd35p
Hibernate: 
    alter table country 
       add constraint UK_qrkn270121aljmucrdbnmd35p unique (country_name)
Hibernate: 
    alter table ingredient 
       drop index UK_co7ro6kyijhfik027h0y4d3n3
Hibernate: 
    alter table ingredient 
       add constraint UK_co7ro6kyijhfik027h0y4d3n3 unique (ingredient_name)
Hibernate: 
    alter table type 
       drop index UK_f1qndtxdjk0ose1st2rhv1vhx
Hibernate: 
    alter table type 
       add constraint UK_f1qndtxdjk0ose1st2rhv1vhx unique (type_name)
Hibernate: 
    alter table unit 
       drop index UK_da8eog93rhwgf6726q1nftsr6
Hibernate: 
    alter table unit 
       add constraint UK_da8eog93rhwgf6726q1nftsr6 unique (unit_name)
Hibernate: 
    alter table instruction 
       add constraint FKcd28dqk4w4civw4jbswqhde2o 
       foreign key (recipe_id) 
       references recipe (recipe_id) 
       on delete cascade
Hibernate: 
    alter table measurement 
       add constraint FKawbdlt6648183uloeiqg70s5k 
       foreign key (measurement_ingredient) 
       references ingredient (ingredient_id)
Hibernate: 
    alter table measurement 
       add constraint FK4rxkc345jswd5pue43p1op7b6 
       foreign key (measurement_unit) 
       references unit (unit_id)
Hibernate: 
    alter table measurement 
       add constraint FKqptfsbxdmcuodd9wg0ainj5ju 
       foreign key (recipe_id) 
       references recipe (recipe_id) 
       on delete cascade
Hibernate: 
    alter table recipe 
       add constraint FKqce9j5wclvpp7522fkf1jn5p9 
       foreign key (recipe_account) 
       references account (account_id) 
       on delete cascade
Hibernate: 
    alter table recipe_category_mapping 
       add constraint FKo6ic4v041qy0d09yo4lne766d 
       foreign key (category_id) 
       references category (category_id)
Hibernate: 
    alter table recipe_category_mapping 
       add constraint FKpbsaruxxfswifi0t7ekvfg2fd 
       foreign key (recipe_category) 
       references recipe (recipe_id)
Hibernate: 
    alter table recipe_country_mapping 
       add constraint FK483w8krln3o8dynou1xnlnrg9 
       foreign key (country_id) 
       references country (country_id)
Hibernate: 
    alter table recipe_country_mapping 
       add constraint FKc9j7hrj2sxj5bulutbw4ievff 
       foreign key (recipe_country) 
       references recipe (recipe_id)
Hibernate: 
    alter table recipe_type_mapping 
       add constraint FKg27fj1iqigjdffvvcimnaymw1 
       foreign key (type_id) 
       references type (type_id)
Hibernate: 
    alter table recipe_type_mapping 
       add constraint FKdaudly65pqb386464ff72wjvj 
       foreign key (recipe_type) 
       references recipe (recipe_id)
2024-01-18T20:02:41.690+02:00  INFO 74534 --- [           main] j.LocalContainerEntityManagerFactoryBean : Initialized JPA EntityManagerFactory for persistence unit 'default'
2024-01-18T20:02:42.283+02:00  WARN 74534 --- [           main] JpaBaseConfiguration$JpaWebConfiguration : spring.jpa.open-in-view is enabled by default. Therefore, database queries may be performed during view rendering. Explicitly configure spring.jpa.open-in-view to disable this warning
2024-01-18T20:02:42.486+02:00  INFO 74534 --- [           main] o.s.s.web.DefaultSecurityFilterChain     : Will secure any request with [org.springframework.security.web.session.DisableEncodeUrlFilter@2022e444, org.springframework.security.web.context.request.async.WebAsyncManagerIntegrationFilter@25215e78, org.springframework.security.web.context.SecurityContextHolderFilter@3b887e2b, org.springframework.security.web.header.HeaderWriterFilter@57916acc, org.springframework.web.filter.CorsFilter@35d472c1, org.springframework.web.filter.CorsFilter@720eae47, org.springframework.security.web.authentication.logout.LogoutFilter@30c6a810, com.example.recipe.security.JwtAuthFilter@42cb75c9, org.springframework.security.web.savedrequest.RequestCacheAwareFilter@6793a49c, org.springframework.security.web.servletapi.SecurityContextHolderAwareRequestFilter@4dca07d5, org.springframework.security.web.authentication.AnonymousAuthenticationFilter@45b97486, org.springframework.security.web.session.SessionManagementFilter@660c6091, org.springframework.security.web.access.ExceptionTranslationFilter@7b04dba0, org.springframework.security.web.access.intercept.AuthorizationFilter@57e21ffb]
2024-01-18T20:02:43.079+02:00  INFO 74534 --- [           main] o.s.b.w.embedded.tomcat.TomcatWebServer  : Tomcat started on port 52507 (http) with context path ''
2024-01-18T20:02:43.093+02:00  INFO 74534 --- [           main] c.e.recipe.recipe.RecipeIntegrationTest  : Started RecipeIntegrationTest in 2.839 seconds (process running for 16.832)
Hibernate: 
    select
        r1_0.recipe_id,
        r1_0.recipe_account,
        a1_0.account_id,
        a1_0.account_email,
        a1_0.account_name,
        a1_0.account_password,
        a1_0.account_username,
        r1_0.recipe_description,
        r1_0.recipe_do_later,
        r1_0.recipe_favourite,
        r1_0.recipe_finished,
        r1_0.recipe_health_score,
        r1_0.recipe_image,
        r1_0.recipe_original,
        r1_0.recipe_servings,
        r1_0.recipe_time,
        r1_0.recipe_title,
        r1_0.recipe_to_do_date 
    from
        recipe r1_0 
    join
        account a1_0 
            on a1_0.account_id=r1_0.recipe_account 
    where
        r1_0.recipe_id=?
2024-01-18T20:02:43.799+02:00  INFO 74534 --- [0-auto-1-exec-1] o.a.c.c.C.[Tomcat].[localhost].[/]       : Initializing Spring DispatcherServlet 'dispatcherServlet'
2024-01-18T20:02:43.800+02:00  INFO 74534 --- [0-auto-1-exec-1] o.s.web.servlet.DispatcherServlet        : Initializing Servlet 'dispatcherServlet'
2024-01-18T20:02:43.802+02:00  INFO 74534 --- [0-auto-1-exec-1] o.s.web.servlet.DispatcherServlet        : Completed initialization in 2 ms
Hibernate: 
    SELECT
        * 
    FROM
        account a 
    WHERE
        a.account_username = ?
2024-01-18T20:02:43.922+02:00  WARN 74534 --- [0-auto-1-exec-1] o.s.w.s.h.HandlerMappingIntrospector     : Cache miss for REQUEST dispatch to '/recipe/set/favourite' (previous null). Performing MatchableHandlerMapping lookup. This is logged once only at WARN level, and every time at TRACE.
Hibernate: 
    select
        r1_0.recipe_id,
        r1_0.recipe_account,
        a1_0.account_id,
        a1_0.account_email,
        a1_0.account_name,
        a1_0.account_password,
        a1_0.account_username,
        r1_0.recipe_description,
        r1_0.recipe_do_later,
        r1_0.recipe_favourite,
        r1_0.recipe_finished,
        r1_0.recipe_health_score,
        r1_0.recipe_image,
        r1_0.recipe_original,
        r1_0.recipe_servings,
        r1_0.recipe_time,
        r1_0.recipe_title,
        r1_0.recipe_to_do_date 
    from
        recipe r1_0 
    join
        account a1_0 
            on a1_0.account_id=r1_0.recipe_account 
    where
        r1_0.recipe_id=?
Hibernate: 
    update
        recipe 
    set
        recipe_account=?,
        recipe_description=?,
        recipe_do_later=?,
        recipe_favourite=?,
        recipe_finished=?,
        recipe_health_score=?,
        recipe_image=?,
        recipe_original=?,
        recipe_servings=?,
        recipe_time=?,
        recipe_title=?,
        recipe_to_do_date=? 
    where
        recipe_id=?
Hibernate: 
    select
        r1_0.recipe_id,
        r1_0.recipe_account,
        a1_0.account_id,
        a1_0.account_email,
        a1_0.account_name,
        a1_0.account_password,
        a1_0.account_username,
        r1_0.recipe_description,
        r1_0.recipe_do_later,
        r1_0.recipe_favourite,
        r1_0.recipe_finished,
        r1_0.recipe_health_score,
        r1_0.recipe_image,
        r1_0.recipe_original,
        r1_0.recipe_servings,
        r1_0.recipe_time,
        r1_0.recipe_title,
        r1_0.recipe_to_do_date 
    from
        recipe r1_0 
    join
        account a1_0 
            on a1_0.account_id=r1_0.recipe_account 
    where
        r1_0.recipe_id=?
2024-01-18T20:02:46.103+02:00  INFO 74534 --- [           main] j.LocalContainerEntityManagerFactoryBean : Closing JPA EntityManagerFactory for persistence unit 'default'
2024-01-18T20:02:46.109+02:00  INFO 74534 --- [           main] com.zaxxer.hikari.HikariDataSource       : HikariPool-2 - Shutdown initiated...
2024-01-18T20:02:46.115+02:00  INFO 74534 --- [           main] com.zaxxer.hikari.HikariDataSource       : HikariPool-2 - Shutdown completed.
]]></system-out>
  </testcase>
  <testcase name="getRecipeFromDBWorks" classname="com.example.recipe.recipe.RecipeIntegrationTest" time="2.331">
    <system-out><![CDATA[
  .   ____          _            __ _ _
 /\\ / ___'_ __ _ _(_)_ __  __ _ \ \ \ \
( ( )\___ | '_ | '_| | '_ \/ _` | \ \ \ \
 \\/  ___)| |_)| | | | | || (_| |  ) ) ) )
  '  |____| .__|_| |_|_| |_\__, | / / / /
 =========|_|==============|___/=/_/_/_/
 :: Spring Boot ::                (v3.2.0)

2024-01-18T20:02:46.199+02:00  INFO 74534 --- [           main] c.e.recipe.recipe.RecipeIntegrationTest  : Starting RecipeIntegrationTest using Java 18.0.2.1 with PID 74534 (started by nellirossi in /Users/nellirossi/Documents/recipes/recipes-backend)
2024-01-18T20:02:46.200+02:00  INFO 74534 --- [           main] c.e.recipe.recipe.RecipeIntegrationTest  : The following 1 profile is active: "test"
2024-01-18T20:02:46.556+02:00  INFO 74534 --- [           main] .s.d.r.c.RepositoryConfigurationDelegate : Bootstrapping Spring Data JPA repositories in DEFAULT mode.
2024-01-18T20:02:46.608+02:00  INFO 74534 --- [           main] .s.d.r.c.RepositoryConfigurationDelegate : Finished Spring Data repository scanning in 52 ms. Found 8 JPA repository interfaces.
2024-01-18T20:02:46.834+02:00  INFO 74534 --- [           main] o.s.b.w.embedded.tomcat.TomcatWebServer  : Tomcat initialized with port 0 (http)
2024-01-18T20:02:46.836+02:00  INFO 74534 --- [           main] o.apache.catalina.core.StandardService   : Starting service [Tomcat]
2024-01-18T20:02:46.837+02:00  INFO 74534 --- [           main] o.apache.catalina.core.StandardEngine    : Starting Servlet engine: [Apache Tomcat/10.1.16]
2024-01-18T20:02:46.865+02:00  INFO 74534 --- [           main] o.a.c.c.C.[Tomcat].[localhost].[/]       : Initializing Spring embedded WebApplicationContext
2024-01-18T20:02:46.866+02:00  INFO 74534 --- [           main] w.s.c.ServletWebServerApplicationContext : Root WebApplicationContext: initialization completed in 663 ms
2024-01-18T20:02:46.928+02:00  INFO 74534 --- [           main] o.hibernate.jpa.internal.util.LogHelper  : HHH000204: Processing PersistenceUnitInfo [name: default]
2024-01-18T20:02:46.933+02:00  INFO 74534 --- [           main] o.h.c.internal.RegionFactoryInitiator    : HHH000026: Second-level cache disabled
2024-01-18T20:02:46.940+02:00  INFO 74534 --- [           main] o.s.o.j.p.SpringPersistenceUnitInfo      : No LoadTimeWeaver setup: ignoring JPA class transformer
2024-01-18T20:02:46.941+02:00  INFO 74534 --- [           main] com.zaxxer.hikari.HikariDataSource       : HikariPool-3 - Starting...
2024-01-18T20:02:46.947+02:00  INFO 74534 --- [           main] com.zaxxer.hikari.pool.HikariPool        : HikariPool-3 - Added connection conn20: url=jdbc:h2:mem:e33a9698-bbd5-42e1-82b2-51641efd6ab2 user=SA
2024-01-18T20:02:46.948+02:00  INFO 74534 --- [           main] com.zaxxer.hikari.HikariDataSource       : HikariPool-3 - Start completed.
2024-01-18T20:02:46.950+02:00  WARN 74534 --- [           main] org.hibernate.dialect.Dialect            : HHH000511: The 2.2.0 version for [org.hibernate.dialect.MySQLDialect] is no longer supported, hence certain features may not work properly. The minimum supported version is 5.7.0. Check the community dialects project for available legacy versions.
2024-01-18T20:02:46.950+02:00  WARN 74534 --- [           main] org.hibernate.orm.deprecation            : HHH90000025: MySQLDialect does not need to be specified explicitly using 'hibernate.dialect' (remove the property setting and it will be selected by default)
2024-01-18T20:02:47.206+02:00  INFO 74534 --- [           main] o.h.e.t.j.p.i.JtaPlatformInitiator       : HHH000489: No JTA platform available (set 'hibernate.transaction.jta.platform' to enable JTA platform integration)
Hibernate: 
    create table account (
        account_id integer not null auto_increment,
        account_email varchar(255) not null,
        account_name varchar(255) not null,
        account_password varchar(255) not null,
        account_username varchar(255) not null,
        primary key (account_id)
    ) engine=InnoDB
Hibernate: 
    create table category (
        category_id integer not null auto_increment,
        category_name varchar(255),
        primary key (category_id)
    ) engine=InnoDB
Hibernate: 
    create table country (
        country_id integer not null auto_increment,
        country_name varchar(255),
        primary key (country_id)
    ) engine=InnoDB
Hibernate: 
    create table ingredient (
        ingredient_id integer not null auto_increment,
        ingredient_name varchar(255) not null,
        primary key (ingredient_id)
    ) engine=InnoDB
Hibernate: 
    create table instruction (
        instruction_id integer not null auto_increment,
        instruction_body varchar(255) not null,
        recipe_id integer,
        primary key (instruction_id)
    ) engine=InnoDB
Hibernate: 
    create table measurement (
        measurement_id integer not null auto_increment,
        measurement_amount float(23) not null,
        measurement_ingredient integer,
        measurement_unit integer,
        recipe_id integer,
        primary key (measurement_id)
    ) engine=InnoDB
Hibernate: 
    create table recipe (
        recipe_id integer not null,
        recipe_description varchar(255) not null,
        recipe_do_later bit not null,
        recipe_favourite bit not null,
        recipe_finished bit not null,
        recipe_health_score float(53),
        recipe_image varchar(255) not null,
        recipe_original varchar(255),
        recipe_servings integer not null,
        recipe_time integer not null,
        recipe_title varchar(255) not null,
        recipe_to_do_date date,
        recipe_account integer not null,
        primary key (recipe_id)
    ) engine=InnoDB
Hibernate: 
    create table recipe_category_mapping (
        recipe_category integer not null,
        category_id integer not null
    ) engine=InnoDB
Hibernate: 
    create table recipe_country_mapping (
        recipe_country integer not null,
        country_id integer not null
    ) engine=InnoDB
Hibernate: 
    create table recipe_type_mapping (
        recipe_type integer not null,
        type_id integer not null
    ) engine=InnoDB
Hibernate: 
    create table type (
        type_id integer not null auto_increment,
        type_name varchar(255),
        primary key (type_id)
    ) engine=InnoDB
Hibernate: 
    create table unit (
        unit_id integer not null auto_increment,
        unit_name varchar(255),
        primary key (unit_id)
    ) engine=InnoDB
Hibernate: 
    alter table account 
       drop index UK_o72icrlyfe9jcc61hbgsnmkgr
Hibernate: 
    alter table account 
       add constraint UK_o72icrlyfe9jcc61hbgsnmkgr unique (account_email)
Hibernate: 
    alter table account 
       drop index UK_xtxi9818l59cygi210n8tymn
Hibernate: 
    alter table account 
       add constraint UK_xtxi9818l59cygi210n8tymn unique (account_username)
Hibernate: 
    alter table category 
       drop index UK_lroeo5fvfdeg4hpicn4lw7x9b
Hibernate: 
    alter table category 
       add constraint UK_lroeo5fvfdeg4hpicn4lw7x9b unique (category_name)
Hibernate: 
    alter table country 
       drop index UK_qrkn270121aljmucrdbnmd35p
Hibernate: 
    alter table country 
       add constraint UK_qrkn270121aljmucrdbnmd35p unique (country_name)
Hibernate: 
    alter table ingredient 
       drop index UK_co7ro6kyijhfik027h0y4d3n3
Hibernate: 
    alter table ingredient 
       add constraint UK_co7ro6kyijhfik027h0y4d3n3 unique (ingredient_name)
Hibernate: 
    alter table type 
       drop index UK_f1qndtxdjk0ose1st2rhv1vhx
Hibernate: 
    alter table type 
       add constraint UK_f1qndtxdjk0ose1st2rhv1vhx unique (type_name)
Hibernate: 
    alter table unit 
       drop index UK_da8eog93rhwgf6726q1nftsr6
Hibernate: 
    alter table unit 
       add constraint UK_da8eog93rhwgf6726q1nftsr6 unique (unit_name)
Hibernate: 
    alter table instruction 
       add constraint FKcd28dqk4w4civw4jbswqhde2o 
       foreign key (recipe_id) 
       references recipe (recipe_id) 
       on delete cascade
Hibernate: 
    alter table measurement 
       add constraint FKawbdlt6648183uloeiqg70s5k 
       foreign key (measurement_ingredient) 
       references ingredient (ingredient_id)
Hibernate: 
    alter table measurement 
       add constraint FK4rxkc345jswd5pue43p1op7b6 
       foreign key (measurement_unit) 
       references unit (unit_id)
Hibernate: 
    alter table measurement 
       add constraint FKqptfsbxdmcuodd9wg0ainj5ju 
       foreign key (recipe_id) 
       references recipe (recipe_id) 
       on delete cascade
Hibernate: 
    alter table recipe 
       add constraint FKqce9j5wclvpp7522fkf1jn5p9 
       foreign key (recipe_account) 
       references account (account_id) 
       on delete cascade
Hibernate: 
    alter table recipe_category_mapping 
       add constraint FKo6ic4v041qy0d09yo4lne766d 
       foreign key (category_id) 
       references category (category_id)
Hibernate: 
    alter table recipe_category_mapping 
       add constraint FKpbsaruxxfswifi0t7ekvfg2fd 
       foreign key (recipe_category) 
       references recipe (recipe_id)
Hibernate: 
    alter table recipe_country_mapping 
       add constraint FK483w8krln3o8dynou1xnlnrg9 
       foreign key (country_id) 
       references country (country_id)
Hibernate: 
    alter table recipe_country_mapping 
       add constraint FKc9j7hrj2sxj5bulutbw4ievff 
       foreign key (recipe_country) 
       references recipe (recipe_id)
Hibernate: 
    alter table recipe_type_mapping 
       add constraint FKg27fj1iqigjdffvvcimnaymw1 
       foreign key (type_id) 
       references type (type_id)
Hibernate: 
    alter table recipe_type_mapping 
       add constraint FKdaudly65pqb386464ff72wjvj 
       foreign key (recipe_type) 
       references recipe (recipe_id)
2024-01-18T20:02:47.267+02:00  INFO 74534 --- [           main] j.LocalContainerEntityManagerFactoryBean : Initialized JPA EntityManagerFactory for persistence unit 'default'
2024-01-18T20:02:47.814+02:00  WARN 74534 --- [           main] JpaBaseConfiguration$JpaWebConfiguration : spring.jpa.open-in-view is enabled by default. Therefore, database queries may be performed during view rendering. Explicitly configure spring.jpa.open-in-view to disable this warning
2024-01-18T20:02:47.968+02:00  INFO 74534 --- [           main] o.s.s.web.DefaultSecurityFilterChain     : Will secure any request with [org.springframework.security.web.session.DisableEncodeUrlFilter@116d39e2, org.springframework.security.web.context.request.async.WebAsyncManagerIntegrationFilter@6b72226a, org.springframework.security.web.context.SecurityContextHolderFilter@7d2ae92b, org.springframework.security.web.header.HeaderWriterFilter@61a472f, org.springframework.web.filter.CorsFilter@687e13c4, org.springframework.web.filter.CorsFilter@76d6769a, org.springframework.security.web.authentication.logout.LogoutFilter@634324c9, com.example.recipe.security.JwtAuthFilter@448c64b3, org.springframework.security.web.savedrequest.RequestCacheAwareFilter@3abb7923, org.springframework.security.web.servletapi.SecurityContextHolderAwareRequestFilter@6e4c6264, org.springframework.security.web.authentication.AnonymousAuthenticationFilter@e8ce38b, org.springframework.security.web.session.SessionManagementFilter@43ec81be, org.springframework.security.web.access.ExceptionTranslationFilter@2c9d7974, org.springframework.security.web.access.intercept.AuthorizationFilter@f02369f]
2024-01-18T20:02:48.146+02:00  INFO 74534 --- [           main] o.s.b.w.embedded.tomcat.TomcatWebServer  : Tomcat started on port 52510 (http) with context path ''
2024-01-18T20:02:48.151+02:00  INFO 74534 --- [           main] c.e.recipe.recipe.RecipeIntegrationTest  : Started RecipeIntegrationTest in 2.012 seconds (process running for 21.89)
2024-01-18T20:02:48.205+02:00  INFO 74534 --- [0-auto-2-exec-1] o.a.c.c.C.[Tomcat].[localhost].[/]       : Initializing Spring DispatcherServlet 'dispatcherServlet'
2024-01-18T20:02:48.205+02:00  INFO 74534 --- [0-auto-2-exec-1] o.s.web.servlet.DispatcherServlet        : Initializing Servlet 'dispatcherServlet'
2024-01-18T20:02:48.206+02:00  INFO 74534 --- [0-auto-2-exec-1] o.s.web.servlet.DispatcherServlet        : Completed initialization in 1 ms
Hibernate: 
    SELECT
        * 
    FROM
        account a 
    WHERE
        a.account_username = ?
2024-01-18T20:02:48.240+02:00  WARN 74534 --- [0-auto-2-exec-1] o.s.w.s.h.HandlerMappingIntrospector     : Cache miss for REQUEST dispatch to '/recipe/get/db' (previous null). Performing MatchableHandlerMapping lookup. This is logged once only at WARN level, and every time at TRACE.
Hibernate: 
    select
        r1_0.recipe_id,
        r1_0.recipe_account,
        a1_0.account_id,
        a1_0.account_email,
        a1_0.account_name,
        a1_0.account_password,
        a1_0.account_username,
        r1_0.recipe_description,
        r1_0.recipe_do_later,
        r1_0.recipe_favourite,
        r1_0.recipe_finished,
        r1_0.recipe_health_score,
        r1_0.recipe_image,
        r1_0.recipe_original,
        r1_0.recipe_servings,
        r1_0.recipe_time,
        r1_0.recipe_title,
        r1_0.recipe_to_do_date 
    from
        recipe r1_0 
    join
        account a1_0 
            on a1_0.account_id=r1_0.recipe_account 
    where
        r1_0.recipe_id=?
Hibernate: 
    select
        t1_0.recipe_type,
        t1_1.type_id,
        t1_1.type_name 
    from
        recipe_type_mapping t1_0 
    join
        type t1_1 
            on t1_1.type_id=t1_0.type_id 
    where
        t1_0.recipe_type=?
Hibernate: 
    select
        c1_0.recipe_country,
        c1_1.country_id,
        c1_1.country_name 
    from
        recipe_country_mapping c1_0 
    join
        country c1_1 
            on c1_1.country_id=c1_0.country_id 
    where
        c1_0.recipe_country=?
Hibernate: 
    select
        m1_0.recipe_id,
        m1_0.measurement_id,
        m1_0.measurement_amount,
        i1_0.ingredient_id,
        i1_0.ingredient_name,
        u1_0.unit_id,
        u1_0.unit_name 
    from
        measurement m1_0 
    left join
        ingredient i1_0 
            on i1_0.ingredient_id=m1_0.measurement_ingredient 
    left join
        unit u1_0 
            on u1_0.unit_id=m1_0.measurement_unit 
    where
        m1_0.recipe_id=?
Hibernate: 
    select
        c1_0.recipe_category,
        c1_1.category_id,
        c1_1.category_name 
    from
        recipe_category_mapping c1_0 
    join
        category c1_1 
            on c1_1.category_id=c1_0.category_id 
    where
        c1_0.recipe_category=?
Hibernate: 
    select
        i1_0.recipe_id,
        i1_0.instruction_id,
        i1_0.instruction_body 
    from
        instruction i1_0 
    where
        i1_0.recipe_id=?
2024-01-18T20:02:50.456+02:00  INFO 74534 --- [           main] j.LocalContainerEntityManagerFactoryBean : Closing JPA EntityManagerFactory for persistence unit 'default'
2024-01-18T20:02:50.470+02:00  INFO 74534 --- [           main] com.zaxxer.hikari.HikariDataSource       : HikariPool-3 - Shutdown initiated...
2024-01-18T20:02:50.479+02:00  INFO 74534 --- [           main] com.zaxxer.hikari.HikariDataSource       : HikariPool-3 - Shutdown completed.
]]></system-out>
  </testcase>
  <testcase name="addRecipeWorks" classname="com.example.recipe.recipe.RecipeIntegrationTest" time="2.279">
    <system-out><![CDATA[
  .   ____          _            __ _ _
 /\\ / ___'_ __ _ _(_)_ __  __ _ \ \ \ \
( ( )\___ | '_ | '_| | '_ \/ _` | \ \ \ \
 \\/  ___)| |_)| | | | | || (_| |  ) ) ) )
  '  |____| .__|_| |_|_| |_\__, | / / / /
 =========|_|==============|___/=/_/_/_/
 :: Spring Boot ::                (v3.2.0)

2024-01-18T20:02:50.605+02:00  INFO 74534 --- [           main] c.e.recipe.recipe.RecipeIntegrationTest  : Starting RecipeIntegrationTest using Java 18.0.2.1 with PID 74534 (started by nellirossi in /Users/nellirossi/Documents/recipes/recipes-backend)
2024-01-18T20:02:50.605+02:00  INFO 74534 --- [           main] c.e.recipe.recipe.RecipeIntegrationTest  : The following 1 profile is active: "test"
2024-01-18T20:02:50.903+02:00  INFO 74534 --- [           main] .s.d.r.c.RepositoryConfigurationDelegate : Bootstrapping Spring Data JPA repositories in DEFAULT mode.
2024-01-18T20:02:50.927+02:00  INFO 74534 --- [           main] .s.d.r.c.RepositoryConfigurationDelegate : Finished Spring Data repository scanning in 24 ms. Found 8 JPA repository interfaces.
2024-01-18T20:02:51.068+02:00  INFO 74534 --- [           main] o.s.b.w.embedded.tomcat.TomcatWebServer  : Tomcat initialized with port 0 (http)
2024-01-18T20:02:51.069+02:00  INFO 74534 --- [           main] o.apache.catalina.core.StandardService   : Starting service [Tomcat]
2024-01-18T20:02:51.069+02:00  INFO 74534 --- [           main] o.apache.catalina.core.StandardEngine    : Starting Servlet engine: [Apache Tomcat/10.1.16]
2024-01-18T20:02:51.093+02:00  INFO 74534 --- [           main] o.a.c.c.C.[Tomcat].[localhost].[/]       : Initializing Spring embedded WebApplicationContext
2024-01-18T20:02:51.094+02:00  INFO 74534 --- [           main] w.s.c.ServletWebServerApplicationContext : Root WebApplicationContext: initialization completed in 484 ms
2024-01-18T20:02:51.144+02:00  INFO 74534 --- [           main] o.hibernate.jpa.internal.util.LogHelper  : HHH000204: Processing PersistenceUnitInfo [name: default]
2024-01-18T20:02:51.151+02:00  INFO 74534 --- [           main] o.h.c.internal.RegionFactoryInitiator    : HHH000026: Second-level cache disabled
2024-01-18T20:02:51.156+02:00  INFO 74534 --- [           main] o.s.o.j.p.SpringPersistenceUnitInfo      : No LoadTimeWeaver setup: ignoring JPA class transformer
2024-01-18T20:02:51.158+02:00  INFO 74534 --- [           main] com.zaxxer.hikari.HikariDataSource       : HikariPool-4 - Starting...
2024-01-18T20:02:51.178+02:00  INFO 74534 --- [           main] com.zaxxer.hikari.pool.HikariPool        : HikariPool-4 - Added connection conn30: url=jdbc:h2:mem:1d3a7b3d-1b3f-4385-bf4d-056f192c9f91 user=SA
2024-01-18T20:02:51.179+02:00  INFO 74534 --- [           main] com.zaxxer.hikari.HikariDataSource       : HikariPool-4 - Start completed.
2024-01-18T20:02:51.181+02:00  WARN 74534 --- [           main] org.hibernate.dialect.Dialect            : HHH000511: The 2.2.0 version for [org.hibernate.dialect.MySQLDialect] is no longer supported, hence certain features may not work properly. The minimum supported version is 5.7.0. Check the community dialects project for available legacy versions.
2024-01-18T20:02:51.182+02:00  WARN 74534 --- [           main] org.hibernate.orm.deprecation            : HHH90000025: MySQLDialect does not need to be specified explicitly using 'hibernate.dialect' (remove the property setting and it will be selected by default)
2024-01-18T20:02:51.374+02:00  INFO 74534 --- [           main] o.h.e.t.j.p.i.JtaPlatformInitiator       : HHH000489: No JTA platform available (set 'hibernate.transaction.jta.platform' to enable JTA platform integration)
Hibernate: 
    create table account (
        account_id integer not null auto_increment,
        account_email varchar(255) not null,
        account_name varchar(255) not null,
        account_password varchar(255) not null,
        account_username varchar(255) not null,
        primary key (account_id)
    ) engine=InnoDB
Hibernate: 
    create table category (
        category_id integer not null auto_increment,
        category_name varchar(255),
        primary key (category_id)
    ) engine=InnoDB
Hibernate: 
    create table country (
        country_id integer not null auto_increment,
        country_name varchar(255),
        primary key (country_id)
    ) engine=InnoDB
Hibernate: 
    create table ingredient (
        ingredient_id integer not null auto_increment,
        ingredient_name varchar(255) not null,
        primary key (ingredient_id)
    ) engine=InnoDB
Hibernate: 
    create table instruction (
        instruction_id integer not null auto_increment,
        instruction_body varchar(255) not null,
        recipe_id integer,
        primary key (instruction_id)
    ) engine=InnoDB
Hibernate: 
    create table measurement (
        measurement_id integer not null auto_increment,
        measurement_amount float(23) not null,
        measurement_ingredient integer,
        measurement_unit integer,
        recipe_id integer,
        primary key (measurement_id)
    ) engine=InnoDB
Hibernate: 
    create table recipe (
        recipe_id integer not null,
        recipe_description varchar(255) not null,
        recipe_do_later bit not null,
        recipe_favourite bit not null,
        recipe_finished bit not null,
        recipe_health_score float(53),
        recipe_image varchar(255) not null,
        recipe_original varchar(255),
        recipe_servings integer not null,
        recipe_time integer not null,
        recipe_title varchar(255) not null,
        recipe_to_do_date date,
        recipe_account integer not null,
        primary key (recipe_id)
    ) engine=InnoDB
Hibernate: 
    create table recipe_category_mapping (
        recipe_category integer not null,
        category_id integer not null
    ) engine=InnoDB
Hibernate: 
    create table recipe_country_mapping (
        recipe_country integer not null,
        country_id integer not null
    ) engine=InnoDB
Hibernate: 
    create table recipe_type_mapping (
        recipe_type integer not null,
        type_id integer not null
    ) engine=InnoDB
Hibernate: 
    create table type (
        type_id integer not null auto_increment,
        type_name varchar(255),
        primary key (type_id)
    ) engine=InnoDB
Hibernate: 
    create table unit (
        unit_id integer not null auto_increment,
        unit_name varchar(255),
        primary key (unit_id)
    ) engine=InnoDB
Hibernate: 
    alter table account 
       drop index UK_o72icrlyfe9jcc61hbgsnmkgr
Hibernate: 
    alter table account 
       add constraint UK_o72icrlyfe9jcc61hbgsnmkgr unique (account_email)
Hibernate: 
    alter table account 
       drop index UK_xtxi9818l59cygi210n8tymn
Hibernate: 
    alter table account 
       add constraint UK_xtxi9818l59cygi210n8tymn unique (account_username)
Hibernate: 
    alter table category 
       drop index UK_lroeo5fvfdeg4hpicn4lw7x9b
Hibernate: 
    alter table category 
       add constraint UK_lroeo5fvfdeg4hpicn4lw7x9b unique (category_name)
Hibernate: 
    alter table country 
       drop index UK_qrkn270121aljmucrdbnmd35p
Hibernate: 
    alter table country 
       add constraint UK_qrkn270121aljmucrdbnmd35p unique (country_name)
Hibernate: 
    alter table ingredient 
       drop index UK_co7ro6kyijhfik027h0y4d3n3
Hibernate: 
    alter table ingredient 
       add constraint UK_co7ro6kyijhfik027h0y4d3n3 unique (ingredient_name)
Hibernate: 
    alter table type 
       drop index UK_f1qndtxdjk0ose1st2rhv1vhx
Hibernate: 
    alter table type 
       add constraint UK_f1qndtxdjk0ose1st2rhv1vhx unique (type_name)
Hibernate: 
    alter table unit 
       drop index UK_da8eog93rhwgf6726q1nftsr6
Hibernate: 
    alter table unit 
       add constraint UK_da8eog93rhwgf6726q1nftsr6 unique (unit_name)
Hibernate: 
    alter table instruction 
       add constraint FKcd28dqk4w4civw4jbswqhde2o 
       foreign key (recipe_id) 
       references recipe (recipe_id) 
       on delete cascade
Hibernate: 
    alter table measurement 
       add constraint FKawbdlt6648183uloeiqg70s5k 
       foreign key (measurement_ingredient) 
       references ingredient (ingredient_id)
Hibernate: 
    alter table measurement 
       add constraint FK4rxkc345jswd5pue43p1op7b6 
       foreign key (measurement_unit) 
       references unit (unit_id)
Hibernate: 
    alter table measurement 
       add constraint FKqptfsbxdmcuodd9wg0ainj5ju 
       foreign key (recipe_id) 
       references recipe (recipe_id) 
       on delete cascade
Hibernate: 
    alter table recipe 
       add constraint FKqce9j5wclvpp7522fkf1jn5p9 
       foreign key (recipe_account) 
       references account (account_id) 
       on delete cascade
Hibernate: 
    alter table recipe_category_mapping 
       add constraint FKo6ic4v041qy0d09yo4lne766d 
       foreign key (category_id) 
       references category (category_id)
Hibernate: 
    alter table recipe_category_mapping 
       add constraint FKpbsaruxxfswifi0t7ekvfg2fd 
       foreign key (recipe_category) 
       references recipe (recipe_id)
Hibernate: 
    alter table recipe_country_mapping 
       add constraint FK483w8krln3o8dynou1xnlnrg9 
       foreign key (country_id) 
       references country (country_id)
Hibernate: 
    alter table recipe_country_mapping 
       add constraint FKc9j7hrj2sxj5bulutbw4ievff 
       foreign key (recipe_country) 
       references recipe (recipe_id)
Hibernate: 
    alter table recipe_type_mapping 
       add constraint FKg27fj1iqigjdffvvcimnaymw1 
       foreign key (type_id) 
       references type (type_id)
Hibernate: 
    alter table recipe_type_mapping 
       add constraint FKdaudly65pqb386464ff72wjvj 
       foreign key (recipe_type) 
       references recipe (recipe_id)
2024-01-18T20:02:51.449+02:00  INFO 74534 --- [           main] j.LocalContainerEntityManagerFactoryBean : Initialized JPA EntityManagerFactory for persistence unit 'default'
2024-01-18T20:02:51.643+02:00  WARN 74534 --- [           main] JpaBaseConfiguration$JpaWebConfiguration : spring.jpa.open-in-view is enabled by default. Therefore, database queries may be performed during view rendering. Explicitly configure spring.jpa.open-in-view to disable this warning
2024-01-18T20:02:51.778+02:00  INFO 74534 --- [           main] o.s.s.web.DefaultSecurityFilterChain     : Will secure any request with [org.springframework.security.web.session.DisableEncodeUrlFilter@2907bf0b, org.springframework.security.web.context.request.async.WebAsyncManagerIntegrationFilter@4194830b, org.springframework.security.web.context.SecurityContextHolderFilter@24e2435f, org.springframework.security.web.header.HeaderWriterFilter@5f55f3d8, org.springframework.web.filter.CorsFilter@7cdf5eed, org.springframework.web.filter.CorsFilter@15764a15, org.springframework.security.web.authentication.logout.LogoutFilter@2ae85262, com.example.recipe.security.JwtAuthFilter@46acc228, org.springframework.security.web.savedrequest.RequestCacheAwareFilter@262ba2aa, org.springframework.security.web.servletapi.SecurityContextHolderAwareRequestFilter@56104e84, org.springframework.security.web.authentication.AnonymousAuthenticationFilter@19d4057, org.springframework.security.web.session.SessionManagementFilter@10ab4afe, org.springframework.security.web.access.ExceptionTranslationFilter@6efd96c7, org.springframework.security.web.access.intercept.AuthorizationFilter@59d8ba8]
2024-01-18T20:02:51.926+02:00  INFO 74534 --- [           main] o.s.b.w.embedded.tomcat.TomcatWebServer  : Tomcat started on port 52514 (http) with context path ''
2024-01-18T20:02:51.929+02:00  INFO 74534 --- [           main] c.e.recipe.recipe.RecipeIntegrationTest  : Started RecipeIntegrationTest in 1.41 seconds (process running for 25.668)
Hibernate: 
    select
        r1_0.recipe_id,
        r1_0.recipe_account,
        r1_0.recipe_description,
        r1_0.recipe_do_later,
        r1_0.recipe_favourite,
        r1_0.recipe_finished,
        r1_0.recipe_health_score,
        r1_0.recipe_image,
        r1_0.recipe_original,
        r1_0.recipe_servings,
        r1_0.recipe_time,
        r1_0.recipe_title,
        r1_0.recipe_to_do_date 
    from
        recipe r1_0
Hibernate: 
    select
        a1_0.account_id,
        a1_0.account_email,
        a1_0.account_name,
        a1_0.account_password,
        a1_0.account_username 
    from
        account a1_0 
    where
        a1_0.account_id=?
2024-01-18T20:02:52.001+02:00  INFO 74534 --- [0-auto-3-exec-1] o.a.c.c.C.[Tomcat].[localhost].[/]       : Initializing Spring DispatcherServlet 'dispatcherServlet'
2024-01-18T20:02:52.001+02:00  INFO 74534 --- [0-auto-3-exec-1] o.s.web.servlet.DispatcherServlet        : Initializing Servlet 'dispatcherServlet'
2024-01-18T20:02:52.002+02:00  INFO 74534 --- [0-auto-3-exec-1] o.s.web.servlet.DispatcherServlet        : Completed initialization in 1 ms
Hibernate: 
    SELECT
        * 
    FROM
        account a 
    WHERE
        a.account_username = ?
2024-01-18T20:02:52.023+02:00  WARN 74534 --- [0-auto-3-exec-1] o.s.w.s.h.HandlerMappingIntrospector     : Cache miss for REQUEST dispatch to '/recipe/add' (previous null). Performing MatchableHandlerMapping lookup. This is logged once only at WARN level, and every time at TRACE.
Hibernate: 
    select
        u1_0.unit_id,
        u1_0.unit_name 
    from
        unit u1_0 
    where
        u1_0.unit_id=?
Hibernate: 
    select
        i1_0.ingredient_id,
        i1_0.ingredient_name 
    from
        ingredient i1_0 
    where
        i1_0.ingredient_id=?
Hibernate: 
    select
        t1_0.type_id,
        t1_0.type_name 
    from
        type t1_0 
    where
        t1_0.type_id=?
Hibernate: 
    select
        c1_0.country_id,
        c1_0.country_name 
    from
        country c1_0 
    where
        c1_0.country_id=?
Hibernate: 
    select
        c1_0.category_id,
        c1_0.category_name 
    from
        category c1_0 
    where
        c1_0.category_id=?
Hibernate: 
    SELECT
        * 
    FROM
        recipe r 
    WHERE
        r.recipe_account = ? 
        AND r.recipe_to_do_date = ?
Hibernate: 
    insert 
    into
        recipe
        (recipe_account, recipe_description, recipe_do_later, recipe_favourite, recipe_finished, recipe_health_score, recipe_image, recipe_original, recipe_servings, recipe_time, recipe_title, recipe_to_do_date, recipe_id) 
    values
        (?, ?, ?, ?, ?, ?, ?, ?, ?, ?, ?, ?, ?)
Hibernate: 
    insert 
    into
        instruction
        (instruction_body) 
    values
        (?)
Hibernate: 
    insert 
    into
        measurement
        (measurement_amount, measurement_ingredient, measurement_unit) 
    values
        (?, ?, ?)
Hibernate: 
    insert 
    into
        recipe_category_mapping
        (recipe_category, category_id) 
    values
        (?, ?)
Hibernate: 
    insert 
    into
        recipe_country_mapping
        (recipe_country, country_id) 
    values
        (?, ?)
Hibernate: 
    update
        instruction 
    set
        recipe_id=? 
    where
        instruction_id=?
Hibernate: 
    update
        measurement 
    set
        recipe_id=? 
    where
        measurement_id=?
Hibernate: 
    insert 
    into
        recipe_type_mapping
        (recipe_type, type_id) 
    values
        (?, ?)
Hibernate: 
    select
        r1_0.recipe_id,
        r1_0.recipe_account,
        r1_0.recipe_description,
        r1_0.recipe_do_later,
        r1_0.recipe_favourite,
        r1_0.recipe_finished,
        r1_0.recipe_health_score,
        r1_0.recipe_image,
        r1_0.recipe_original,
        r1_0.recipe_servings,
        r1_0.recipe_time,
        r1_0.recipe_title,
        r1_0.recipe_to_do_date 
    from
        recipe r1_0
Hibernate: 
    select
        a1_0.account_id,
        a1_0.account_email,
        a1_0.account_name,
        a1_0.account_password,
        a1_0.account_username 
    from
        account a1_0 
    where
        a1_0.account_id=?
2024-01-18T20:02:54.206+02:00  INFO 74534 --- [           main] j.LocalContainerEntityManagerFactoryBean : Closing JPA EntityManagerFactory for persistence unit 'default'
2024-01-18T20:02:54.208+02:00  INFO 74534 --- [           main] com.zaxxer.hikari.HikariDataSource       : HikariPool-4 - Shutdown initiated...
2024-01-18T20:02:54.213+02:00  INFO 74534 --- [           main] com.zaxxer.hikari.HikariDataSource       : HikariPool-4 - Shutdown completed.
]]></system-out>
  </testcase>
  <testcase name="finishRecipeWorks" classname="com.example.recipe.recipe.RecipeIntegrationTest" time="2.223">
    <system-out><![CDATA[
  .   ____          _            __ _ _
 /\\ / ___'_ __ _ _(_)_ __  __ _ \ \ \ \
( ( )\___ | '_ | '_| | '_ \/ _` | \ \ \ \
 \\/  ___)| |_)| | | | | || (_| |  ) ) ) )
  '  |____| .__|_| |_|_| |_\__, | / / / /
 =========|_|==============|___/=/_/_/_/
 :: Spring Boot ::                (v3.2.0)

2024-01-18T20:02:54.286+02:00  INFO 74534 --- [           main] c.e.recipe.recipe.RecipeIntegrationTest  : Starting RecipeIntegrationTest using Java 18.0.2.1 with PID 74534 (started by nellirossi in /Users/nellirossi/Documents/recipes/recipes-backend)
2024-01-18T20:02:54.288+02:00  INFO 74534 --- [           main] c.e.recipe.recipe.RecipeIntegrationTest  : The following 1 profile is active: "test"
2024-01-18T20:02:54.481+02:00  INFO 74534 --- [           main] .s.d.r.c.RepositoryConfigurationDelegate : Bootstrapping Spring Data JPA repositories in DEFAULT mode.
2024-01-18T20:02:54.514+02:00  INFO 74534 --- [           main] .s.d.r.c.RepositoryConfigurationDelegate : Finished Spring Data repository scanning in 33 ms. Found 8 JPA repository interfaces.
2024-01-18T20:02:54.603+02:00  INFO 74534 --- [           main] o.s.b.w.embedded.tomcat.TomcatWebServer  : Tomcat initialized with port 0 (http)
2024-01-18T20:02:54.605+02:00  INFO 74534 --- [           main] o.apache.catalina.core.StandardService   : Starting service [Tomcat]
2024-01-18T20:02:54.605+02:00  INFO 74534 --- [           main] o.apache.catalina.core.StandardEngine    : Starting Servlet engine: [Apache Tomcat/10.1.16]
2024-01-18T20:02:54.623+02:00  INFO 74534 --- [           main] o.a.c.c.C.[Tomcat].[localhost].[/]       : Initializing Spring embedded WebApplicationContext
2024-01-18T20:02:54.623+02:00  INFO 74534 --- [           main] w.s.c.ServletWebServerApplicationContext : Root WebApplicationContext: initialization completed in 333 ms
2024-01-18T20:02:54.695+02:00  INFO 74534 --- [           main] o.hibernate.jpa.internal.util.LogHelper  : HHH000204: Processing PersistenceUnitInfo [name: default]
2024-01-18T20:02:54.699+02:00  INFO 74534 --- [           main] o.h.c.internal.RegionFactoryInitiator    : HHH000026: Second-level cache disabled
2024-01-18T20:02:54.705+02:00  INFO 74534 --- [           main] o.s.o.j.p.SpringPersistenceUnitInfo      : No LoadTimeWeaver setup: ignoring JPA class transformer
2024-01-18T20:02:54.707+02:00  INFO 74534 --- [           main] com.zaxxer.hikari.HikariDataSource       : HikariPool-5 - Starting...
2024-01-18T20:02:54.716+02:00  INFO 74534 --- [           main] com.zaxxer.hikari.pool.HikariPool        : HikariPool-5 - Added connection conn40: url=jdbc:h2:mem:1bfc6820-426e-4fce-bb68-10c22f9be8a9 user=SA
2024-01-18T20:02:54.718+02:00  INFO 74534 --- [           main] com.zaxxer.hikari.HikariDataSource       : HikariPool-5 - Start completed.
2024-01-18T20:02:54.719+02:00  WARN 74534 --- [           main] org.hibernate.dialect.Dialect            : HHH000511: The 2.2.0 version for [org.hibernate.dialect.MySQLDialect] is no longer supported, hence certain features may not work properly. The minimum supported version is 5.7.0. Check the community dialects project for available legacy versions.
2024-01-18T20:02:54.720+02:00  WARN 74534 --- [           main] org.hibernate.orm.deprecation            : HHH90000025: MySQLDialect does not need to be specified explicitly using 'hibernate.dialect' (remove the property setting and it will be selected by default)
2024-01-18T20:02:54.990+02:00  INFO 74534 --- [           main] o.h.e.t.j.p.i.JtaPlatformInitiator       : HHH000489: No JTA platform available (set 'hibernate.transaction.jta.platform' to enable JTA platform integration)
Hibernate: 
    create table account (
        account_id integer not null auto_increment,
        account_email varchar(255) not null,
        account_name varchar(255) not null,
        account_password varchar(255) not null,
        account_username varchar(255) not null,
        primary key (account_id)
    ) engine=InnoDB
Hibernate: 
    create table category (
        category_id integer not null auto_increment,
        category_name varchar(255),
        primary key (category_id)
    ) engine=InnoDB
Hibernate: 
    create table country (
        country_id integer not null auto_increment,
        country_name varchar(255),
        primary key (country_id)
    ) engine=InnoDB
Hibernate: 
    create table ingredient (
        ingredient_id integer not null auto_increment,
        ingredient_name varchar(255) not null,
        primary key (ingredient_id)
    ) engine=InnoDB
Hibernate: 
    create table instruction (
        instruction_id integer not null auto_increment,
        instruction_body varchar(255) not null,
        recipe_id integer,
        primary key (instruction_id)
    ) engine=InnoDB
Hibernate: 
    create table measurement (
        measurement_id integer not null auto_increment,
        measurement_amount float(23) not null,
        measurement_ingredient integer,
        measurement_unit integer,
        recipe_id integer,
        primary key (measurement_id)
    ) engine=InnoDB
Hibernate: 
    create table recipe (
        recipe_id integer not null,
        recipe_description varchar(255) not null,
        recipe_do_later bit not null,
        recipe_favourite bit not null,
        recipe_finished bit not null,
        recipe_health_score float(53),
        recipe_image varchar(255) not null,
        recipe_original varchar(255),
        recipe_servings integer not null,
        recipe_time integer not null,
        recipe_title varchar(255) not null,
        recipe_to_do_date date,
        recipe_account integer not null,
        primary key (recipe_id)
    ) engine=InnoDB
Hibernate: 
    create table recipe_category_mapping (
        recipe_category integer not null,
        category_id integer not null
    ) engine=InnoDB
Hibernate: 
    create table recipe_country_mapping (
        recipe_country integer not null,
        country_id integer not null
    ) engine=InnoDB
Hibernate: 
    create table recipe_type_mapping (
        recipe_type integer not null,
        type_id integer not null
    ) engine=InnoDB
Hibernate: 
    create table type (
        type_id integer not null auto_increment,
        type_name varchar(255),
        primary key (type_id)
    ) engine=InnoDB
Hibernate: 
    create table unit (
        unit_id integer not null auto_increment,
        unit_name varchar(255),
        primary key (unit_id)
    ) engine=InnoDB
Hibernate: 
    alter table account 
       drop index UK_o72icrlyfe9jcc61hbgsnmkgr
Hibernate: 
    alter table account 
       add constraint UK_o72icrlyfe9jcc61hbgsnmkgr unique (account_email)
Hibernate: 
    alter table account 
       drop index UK_xtxi9818l59cygi210n8tymn
Hibernate: 
    alter table account 
       add constraint UK_xtxi9818l59cygi210n8tymn unique (account_username)
Hibernate: 
    alter table category 
       drop index UK_lroeo5fvfdeg4hpicn4lw7x9b
Hibernate: 
    alter table category 
       add constraint UK_lroeo5fvfdeg4hpicn4lw7x9b unique (category_name)
Hibernate: 
    alter table country 
       drop index UK_qrkn270121aljmucrdbnmd35p
Hibernate: 
    alter table country 
       add constraint UK_qrkn270121aljmucrdbnmd35p unique (country_name)
Hibernate: 
    alter table ingredient 
       drop index UK_co7ro6kyijhfik027h0y4d3n3
Hibernate: 
    alter table ingredient 
       add constraint UK_co7ro6kyijhfik027h0y4d3n3 unique (ingredient_name)
Hibernate: 
    alter table type 
       drop index UK_f1qndtxdjk0ose1st2rhv1vhx
Hibernate: 
    alter table type 
       add constraint UK_f1qndtxdjk0ose1st2rhv1vhx unique (type_name)
Hibernate: 
    alter table unit 
       drop index UK_da8eog93rhwgf6726q1nftsr6
Hibernate: 
    alter table unit 
       add constraint UK_da8eog93rhwgf6726q1nftsr6 unique (unit_name)
Hibernate: 
    alter table instruction 
       add constraint FKcd28dqk4w4civw4jbswqhde2o 
       foreign key (recipe_id) 
       references recipe (recipe_id) 
       on delete cascade
Hibernate: 
    alter table measurement 
       add constraint FKawbdlt6648183uloeiqg70s5k 
       foreign key (measurement_ingredient) 
       references ingredient (ingredient_id)
Hibernate: 
    alter table measurement 
       add constraint FK4rxkc345jswd5pue43p1op7b6 
       foreign key (measurement_unit) 
       references unit (unit_id)
Hibernate: 
    alter table measurement 
       add constraint FKqptfsbxdmcuodd9wg0ainj5ju 
       foreign key (recipe_id) 
       references recipe (recipe_id) 
       on delete cascade
Hibernate: 
    alter table recipe 
       add constraint FKqce9j5wclvpp7522fkf1jn5p9 
       foreign key (recipe_account) 
       references account (account_id) 
       on delete cascade
Hibernate: 
    alter table recipe_category_mapping 
       add constraint FKo6ic4v041qy0d09yo4lne766d 
       foreign key (category_id) 
       references category (category_id)
Hibernate: 
    alter table recipe_category_mapping 
       add constraint FKpbsaruxxfswifi0t7ekvfg2fd 
       foreign key (recipe_category) 
       references recipe (recipe_id)
Hibernate: 
    alter table recipe_country_mapping 
       add constraint FK483w8krln3o8dynou1xnlnrg9 
       foreign key (country_id) 
       references country (country_id)
Hibernate: 
    alter table recipe_country_mapping 
       add constraint FKc9j7hrj2sxj5bulutbw4ievff 
       foreign key (recipe_country) 
       references recipe (recipe_id)
Hibernate: 
    alter table recipe_type_mapping 
       add constraint FKg27fj1iqigjdffvvcimnaymw1 
       foreign key (type_id) 
       references type (type_id)
Hibernate: 
    alter table recipe_type_mapping 
       add constraint FKdaudly65pqb386464ff72wjvj 
       foreign key (recipe_type) 
       references recipe (recipe_id)
2024-01-18T20:02:55.064+02:00  INFO 74534 --- [           main] j.LocalContainerEntityManagerFactoryBean : Initialized JPA EntityManagerFactory for persistence unit 'default'
2024-01-18T20:02:55.469+02:00  WARN 74534 --- [           main] JpaBaseConfiguration$JpaWebConfiguration : spring.jpa.open-in-view is enabled by default. Therefore, database queries may be performed during view rendering. Explicitly configure spring.jpa.open-in-view to disable this warning
2024-01-18T20:02:55.608+02:00  INFO 74534 --- [           main] o.s.s.web.DefaultSecurityFilterChain     : Will secure any request with [org.springframework.security.web.session.DisableEncodeUrlFilter@1302230f, org.springframework.security.web.context.request.async.WebAsyncManagerIntegrationFilter@870cde1, org.springframework.security.web.context.SecurityContextHolderFilter@1bdfa51f, org.springframework.security.web.header.HeaderWriterFilter@7f4f3ae4, org.springframework.web.filter.CorsFilter@abbe7b3, org.springframework.web.filter.CorsFilter@179695c7, org.springframework.security.web.authentication.logout.LogoutFilter@11014d1b, com.example.recipe.security.JwtAuthFilter@4589a694, org.springframework.security.web.savedrequest.RequestCacheAwareFilter@55b0d752, org.springframework.security.web.servletapi.SecurityContextHolderAwareRequestFilter@532e4f1a, org.springframework.security.web.authentication.AnonymousAuthenticationFilter@150ec661, org.springframework.security.web.session.SessionManagementFilter@6d292672, org.springframework.security.web.access.ExceptionTranslationFilter@79a6e0e6, org.springframework.security.web.access.intercept.AuthorizationFilter@63afc3e0]
2024-01-18T20:02:55.741+02:00  INFO 74534 --- [           main] o.s.b.w.embedded.tomcat.TomcatWebServer  : Tomcat started on port 52517 (http) with context path ''
2024-01-18T20:02:55.752+02:00  INFO 74534 --- [           main] c.e.recipe.recipe.RecipeIntegrationTest  : Started RecipeIntegrationTest in 1.524 seconds (process running for 29.491)
Hibernate: 
    select
        r1_0.recipe_id,
        r1_0.recipe_account,
        a1_0.account_id,
        a1_0.account_email,
        a1_0.account_name,
        a1_0.account_password,
        a1_0.account_username,
        r1_0.recipe_description,
        r1_0.recipe_do_later,
        r1_0.recipe_favourite,
        r1_0.recipe_finished,
        r1_0.recipe_health_score,
        r1_0.recipe_image,
        r1_0.recipe_original,
        r1_0.recipe_servings,
        r1_0.recipe_time,
        r1_0.recipe_title,
        r1_0.recipe_to_do_date 
    from
        recipe r1_0 
    join
        account a1_0 
            on a1_0.account_id=r1_0.recipe_account 
    where
        r1_0.recipe_id=?
2024-01-18T20:02:55.825+02:00  INFO 74534 --- [0-auto-4-exec-1] o.a.c.c.C.[Tomcat].[localhost].[/]       : Initializing Spring DispatcherServlet 'dispatcherServlet'
2024-01-18T20:02:55.825+02:00  INFO 74534 --- [0-auto-4-exec-1] o.s.web.servlet.DispatcherServlet        : Initializing Servlet 'dispatcherServlet'
2024-01-18T20:02:55.826+02:00  INFO 74534 --- [0-auto-4-exec-1] o.s.web.servlet.DispatcherServlet        : Completed initialization in 1 ms
Hibernate: 
    SELECT
        * 
    FROM
        account a 
    WHERE
        a.account_username = ?
2024-01-18T20:02:55.841+02:00  WARN 74534 --- [0-auto-4-exec-1] o.s.w.s.h.HandlerMappingIntrospector     : Cache miss for REQUEST dispatch to '/recipe/set/finished' (previous null). Performing MatchableHandlerMapping lookup. This is logged once only at WARN level, and every time at TRACE.
Hibernate: 
    select
        r1_0.recipe_id,
        r1_0.recipe_account,
        a1_0.account_id,
        a1_0.account_email,
        a1_0.account_name,
        a1_0.account_password,
        a1_0.account_username,
        r1_0.recipe_description,
        r1_0.recipe_do_later,
        r1_0.recipe_favourite,
        r1_0.recipe_finished,
        r1_0.recipe_health_score,
        r1_0.recipe_image,
        r1_0.recipe_original,
        r1_0.recipe_servings,
        r1_0.recipe_time,
        r1_0.recipe_title,
        r1_0.recipe_to_do_date 
    from
        recipe r1_0 
    join
        account a1_0 
            on a1_0.account_id=r1_0.recipe_account 
    where
        r1_0.recipe_id=?
Hibernate: 
    update
        recipe 
    set
        recipe_account=?,
        recipe_description=?,
        recipe_do_later=?,
        recipe_favourite=?,
        recipe_finished=?,
        recipe_health_score=?,
        recipe_image=?,
        recipe_original=?,
        recipe_servings=?,
        recipe_time=?,
        recipe_title=?,
        recipe_to_do_date=? 
    where
        recipe_id=?
Hibernate: 
    select
        r1_0.recipe_id,
        r1_0.recipe_account,
        a1_0.account_id,
        a1_0.account_email,
        a1_0.account_name,
        a1_0.account_password,
        a1_0.account_username,
        r1_0.recipe_description,
        r1_0.recipe_do_later,
        r1_0.recipe_favourite,
        r1_0.recipe_finished,
        r1_0.recipe_health_score,
        r1_0.recipe_image,
        r1_0.recipe_original,
        r1_0.recipe_servings,
        r1_0.recipe_time,
        r1_0.recipe_title,
        r1_0.recipe_to_do_date 
    from
        recipe r1_0 
    join
        account a1_0 
            on a1_0.account_id=r1_0.recipe_account 
    where
        r1_0.recipe_id=?
2024-01-18T20:02:57.962+02:00  INFO 74534 --- [           main] j.LocalContainerEntityManagerFactoryBean : Closing JPA EntityManagerFactory for persistence unit 'default'
2024-01-18T20:02:57.969+02:00  INFO 74534 --- [           main] com.zaxxer.hikari.HikariDataSource       : HikariPool-5 - Shutdown initiated...
2024-01-18T20:02:57.973+02:00  INFO 74534 --- [           main] com.zaxxer.hikari.HikariDataSource       : HikariPool-5 - Shutdown completed.
]]></system-out>
  </testcase>
  <testcase name="searchRecipeWorks" classname="com.example.recipe.recipe.RecipeIntegrationTest" time="2.244">
    <system-out><![CDATA[
  .   ____          _            __ _ _
 /\\ / ___'_ __ _ _(_)_ __  __ _ \ \ \ \
( ( )\___ | '_ | '_| | '_ \/ _` | \ \ \ \
 \\/  ___)| |_)| | | | | || (_| |  ) ) ) )
  '  |____| .__|_| |_|_| |_\__, | / / / /
 =========|_|==============|___/=/_/_/_/
 :: Spring Boot ::                (v3.2.0)

2024-01-18T20:02:58.039+02:00  INFO 74534 --- [           main] c.e.recipe.recipe.RecipeIntegrationTest  : Starting RecipeIntegrationTest using Java 18.0.2.1 with PID 74534 (started by nellirossi in /Users/nellirossi/Documents/recipes/recipes-backend)
2024-01-18T20:02:58.040+02:00  INFO 74534 --- [           main] c.e.recipe.recipe.RecipeIntegrationTest  : The following 1 profile is active: "test"
2024-01-18T20:02:58.305+02:00  INFO 74534 --- [           main] .s.d.r.c.RepositoryConfigurationDelegate : Bootstrapping Spring Data JPA repositories in DEFAULT mode.
2024-01-18T20:02:58.362+02:00  INFO 74534 --- [           main] .s.d.r.c.RepositoryConfigurationDelegate : Finished Spring Data repository scanning in 52 ms. Found 8 JPA repository interfaces.
2024-01-18T20:02:58.529+02:00  INFO 74534 --- [           main] o.s.b.w.embedded.tomcat.TomcatWebServer  : Tomcat initialized with port 0 (http)
2024-01-18T20:02:58.534+02:00  INFO 74534 --- [           main] o.apache.catalina.core.StandardService   : Starting service [Tomcat]
2024-01-18T20:02:58.535+02:00  INFO 74534 --- [           main] o.apache.catalina.core.StandardEngine    : Starting Servlet engine: [Apache Tomcat/10.1.16]
2024-01-18T20:02:58.558+02:00  INFO 74534 --- [           main] o.a.c.c.C.[Tomcat].[localhost].[/]       : Initializing Spring embedded WebApplicationContext
2024-01-18T20:02:58.558+02:00  INFO 74534 --- [           main] w.s.c.ServletWebServerApplicationContext : Root WebApplicationContext: initialization completed in 515 ms
2024-01-18T20:02:58.605+02:00  INFO 74534 --- [           main] o.hibernate.jpa.internal.util.LogHelper  : HHH000204: Processing PersistenceUnitInfo [name: default]
2024-01-18T20:02:58.611+02:00  INFO 74534 --- [           main] o.h.c.internal.RegionFactoryInitiator    : HHH000026: Second-level cache disabled
2024-01-18T20:02:58.617+02:00  INFO 74534 --- [           main] o.s.o.j.p.SpringPersistenceUnitInfo      : No LoadTimeWeaver setup: ignoring JPA class transformer
2024-01-18T20:02:58.618+02:00  INFO 74534 --- [           main] com.zaxxer.hikari.HikariDataSource       : HikariPool-6 - Starting...
2024-01-18T20:02:58.642+02:00  INFO 74534 --- [           main] com.zaxxer.hikari.pool.HikariPool        : HikariPool-6 - Added connection conn50: url=jdbc:h2:mem:69a34412-043b-420f-8dd9-2f58cbc3562e user=SA
2024-01-18T20:02:58.642+02:00  INFO 74534 --- [           main] com.zaxxer.hikari.HikariDataSource       : HikariPool-6 - Start completed.
2024-01-18T20:02:58.645+02:00  WARN 74534 --- [           main] org.hibernate.dialect.Dialect            : HHH000511: The 2.2.0 version for [org.hibernate.dialect.MySQLDialect] is no longer supported, hence certain features may not work properly. The minimum supported version is 5.7.0. Check the community dialects project for available legacy versions.
2024-01-18T20:02:58.645+02:00  WARN 74534 --- [           main] org.hibernate.orm.deprecation            : HHH90000025: MySQLDialect does not need to be specified explicitly using 'hibernate.dialect' (remove the property setting and it will be selected by default)
2024-01-18T20:02:58.839+02:00  INFO 74534 --- [           main] o.h.e.t.j.p.i.JtaPlatformInitiator       : HHH000489: No JTA platform available (set 'hibernate.transaction.jta.platform' to enable JTA platform integration)
Hibernate: 
    create table account (
        account_id integer not null auto_increment,
        account_email varchar(255) not null,
        account_name varchar(255) not null,
        account_password varchar(255) not null,
        account_username varchar(255) not null,
        primary key (account_id)
    ) engine=InnoDB
Hibernate: 
    create table category (
        category_id integer not null auto_increment,
        category_name varchar(255),
        primary key (category_id)
    ) engine=InnoDB
Hibernate: 
    create table country (
        country_id integer not null auto_increment,
        country_name varchar(255),
        primary key (country_id)
    ) engine=InnoDB
Hibernate: 
    create table ingredient (
        ingredient_id integer not null auto_increment,
        ingredient_name varchar(255) not null,
        primary key (ingredient_id)
    ) engine=InnoDB
Hibernate: 
    create table instruction (
        instruction_id integer not null auto_increment,
        instruction_body varchar(255) not null,
        recipe_id integer,
        primary key (instruction_id)
    ) engine=InnoDB
Hibernate: 
    create table measurement (
        measurement_id integer not null auto_increment,
        measurement_amount float(23) not null,
        measurement_ingredient integer,
        measurement_unit integer,
        recipe_id integer,
        primary key (measurement_id)
    ) engine=InnoDB
Hibernate: 
    create table recipe (
        recipe_id integer not null,
        recipe_description varchar(255) not null,
        recipe_do_later bit not null,
        recipe_favourite bit not null,
        recipe_finished bit not null,
        recipe_health_score float(53),
        recipe_image varchar(255) not null,
        recipe_original varchar(255),
        recipe_servings integer not null,
        recipe_time integer not null,
        recipe_title varchar(255) not null,
        recipe_to_do_date date,
        recipe_account integer not null,
        primary key (recipe_id)
    ) engine=InnoDB
Hibernate: 
    create table recipe_category_mapping (
        recipe_category integer not null,
        category_id integer not null
    ) engine=InnoDB
Hibernate: 
    create table recipe_country_mapping (
        recipe_country integer not null,
        country_id integer not null
    ) engine=InnoDB
Hibernate: 
    create table recipe_type_mapping (
        recipe_type integer not null,
        type_id integer not null
    ) engine=InnoDB
Hibernate: 
    create table type (
        type_id integer not null auto_increment,
        type_name varchar(255),
        primary key (type_id)
    ) engine=InnoDB
Hibernate: 
    create table unit (
        unit_id integer not null auto_increment,
        unit_name varchar(255),
        primary key (unit_id)
    ) engine=InnoDB
Hibernate: 
    alter table account 
       drop index UK_o72icrlyfe9jcc61hbgsnmkgr
Hibernate: 
    alter table account 
       add constraint UK_o72icrlyfe9jcc61hbgsnmkgr unique (account_email)
Hibernate: 
    alter table account 
       drop index UK_xtxi9818l59cygi210n8tymn
Hibernate: 
    alter table account 
       add constraint UK_xtxi9818l59cygi210n8tymn unique (account_username)
Hibernate: 
    alter table category 
       drop index UK_lroeo5fvfdeg4hpicn4lw7x9b
Hibernate: 
    alter table category 
       add constraint UK_lroeo5fvfdeg4hpicn4lw7x9b unique (category_name)
Hibernate: 
    alter table country 
       drop index UK_qrkn270121aljmucrdbnmd35p
Hibernate: 
    alter table country 
       add constraint UK_qrkn270121aljmucrdbnmd35p unique (country_name)
Hibernate: 
    alter table ingredient 
       drop index UK_co7ro6kyijhfik027h0y4d3n3
Hibernate: 
    alter table ingredient 
       add constraint UK_co7ro6kyijhfik027h0y4d3n3 unique (ingredient_name)
Hibernate: 
    alter table type 
       drop index UK_f1qndtxdjk0ose1st2rhv1vhx
Hibernate: 
    alter table type 
       add constraint UK_f1qndtxdjk0ose1st2rhv1vhx unique (type_name)
Hibernate: 
    alter table unit 
       drop index UK_da8eog93rhwgf6726q1nftsr6
Hibernate: 
    alter table unit 
       add constraint UK_da8eog93rhwgf6726q1nftsr6 unique (unit_name)
Hibernate: 
    alter table instruction 
       add constraint FKcd28dqk4w4civw4jbswqhde2o 
       foreign key (recipe_id) 
       references recipe (recipe_id) 
       on delete cascade
Hibernate: 
    alter table measurement 
       add constraint FKawbdlt6648183uloeiqg70s5k 
       foreign key (measurement_ingredient) 
       references ingredient (ingredient_id)
Hibernate: 
    alter table measurement 
       add constraint FK4rxkc345jswd5pue43p1op7b6 
       foreign key (measurement_unit) 
       references unit (unit_id)
Hibernate: 
    alter table measurement 
       add constraint FKqptfsbxdmcuodd9wg0ainj5ju 
       foreign key (recipe_id) 
       references recipe (recipe_id) 
       on delete cascade
Hibernate: 
    alter table recipe 
       add constraint FKqce9j5wclvpp7522fkf1jn5p9 
       foreign key (recipe_account) 
       references account (account_id) 
       on delete cascade
Hibernate: 
    alter table recipe_category_mapping 
       add constraint FKo6ic4v041qy0d09yo4lne766d 
       foreign key (category_id) 
       references category (category_id)
Hibernate: 
    alter table recipe_category_mapping 
       add constraint FKpbsaruxxfswifi0t7ekvfg2fd 
       foreign key (recipe_category) 
       references recipe (recipe_id)
Hibernate: 
    alter table recipe_country_mapping 
       add constraint FK483w8krln3o8dynou1xnlnrg9 
       foreign key (country_id) 
       references country (country_id)
Hibernate: 
    alter table recipe_country_mapping 
       add constraint FKc9j7hrj2sxj5bulutbw4ievff 
       foreign key (recipe_country) 
       references recipe (recipe_id)
Hibernate: 
    alter table recipe_type_mapping 
       add constraint FKg27fj1iqigjdffvvcimnaymw1 
       foreign key (type_id) 
       references type (type_id)
Hibernate: 
    alter table recipe_type_mapping 
       add constraint FKdaudly65pqb386464ff72wjvj 
       foreign key (recipe_type) 
       references recipe (recipe_id)
2024-01-18T20:02:58.886+02:00  INFO 74534 --- [           main] j.LocalContainerEntityManagerFactoryBean : Initialized JPA EntityManagerFactory for persistence unit 'default'
2024-01-18T20:02:59.042+02:00  WARN 74534 --- [           main] JpaBaseConfiguration$JpaWebConfiguration : spring.jpa.open-in-view is enabled by default. Therefore, database queries may be performed during view rendering. Explicitly configure spring.jpa.open-in-view to disable this warning
2024-01-18T20:02:59.140+02:00  INFO 74534 --- [           main] o.s.s.web.DefaultSecurityFilterChain     : Will secure any request with [org.springframework.security.web.session.DisableEncodeUrlFilter@606b291b, org.springframework.security.web.context.request.async.WebAsyncManagerIntegrationFilter@5bf3e120, org.springframework.security.web.context.SecurityContextHolderFilter@370689b5, org.springframework.security.web.header.HeaderWriterFilter@71c90ddf, org.springframework.web.filter.CorsFilter@7ddc5ec6, org.springframework.web.filter.CorsFilter@55367c8, org.springframework.security.web.authentication.logout.LogoutFilter@505d6fd1, com.example.recipe.security.JwtAuthFilter@9c125f4, org.springframework.security.web.savedrequest.RequestCacheAwareFilter@6576eba4, org.springframework.security.web.servletapi.SecurityContextHolderAwareRequestFilter@5ce8b520, org.springframework.security.web.authentication.AnonymousAuthenticationFilter@3c49b588, org.springframework.security.web.session.SessionManagementFilter@6bac8bd9, org.springframework.security.web.access.ExceptionTranslationFilter@6dd7feb7, org.springframework.security.web.access.intercept.AuthorizationFilter@1bfc6174]
2024-01-18T20:02:59.274+02:00  INFO 74534 --- [           main] o.s.b.w.embedded.tomcat.TomcatWebServer  : Tomcat started on port 52520 (http) with context path ''
2024-01-18T20:02:59.279+02:00  INFO 74534 --- [           main] c.e.recipe.recipe.RecipeIntegrationTest  : Started RecipeIntegrationTest in 1.284 seconds (process running for 33.017)
2024-01-18T20:02:59.316+02:00  INFO 74534 --- [0-auto-5-exec-1] o.a.c.c.C.[Tomcat].[localhost].[/]       : Initializing Spring DispatcherServlet 'dispatcherServlet'
2024-01-18T20:02:59.317+02:00  INFO 74534 --- [0-auto-5-exec-1] o.s.web.servlet.DispatcherServlet        : Initializing Servlet 'dispatcherServlet'
2024-01-18T20:02:59.317+02:00  INFO 74534 --- [0-auto-5-exec-1] o.s.web.servlet.DispatcherServlet        : Completed initialization in 0 ms
Hibernate: 
    SELECT
        * 
    FROM
        account a 
    WHERE
        a.account_username = ?
2024-01-18T20:02:59.340+02:00  WARN 74534 --- [0-auto-5-exec-1] o.s.w.s.h.HandlerMappingIntrospector     : Cache miss for REQUEST dispatch to '/recipe/get/api/search' (previous null). Performing MatchableHandlerMapping lookup. This is logged once only at WARN level, and every time at TRACE.
2024-01-18T20:03:01.514+02:00  INFO 74534 --- [           main] j.LocalContainerEntityManagerFactoryBean : Closing JPA EntityManagerFactory for persistence unit 'default'
2024-01-18T20:03:01.520+02:00  INFO 74534 --- [           main] com.zaxxer.hikari.HikariDataSource       : HikariPool-6 - Shutdown initiated...
2024-01-18T20:03:01.524+02:00  INFO 74534 --- [           main] com.zaxxer.hikari.HikariDataSource       : HikariPool-6 - Shutdown completed.
]]></system-out>
  </testcase>
  <testcase name="getRecipeByDateWorks" classname="com.example.recipe.recipe.RecipeIntegrationTest" time="2.173">
    <system-out><![CDATA[
  .   ____          _            __ _ _
 /\\ / ___'_ __ _ _(_)_ __  __ _ \ \ \ \
( ( )\___ | '_ | '_| | '_ \/ _` | \ \ \ \
 \\/  ___)| |_)| | | | | || (_| |  ) ) ) )
  '  |____| .__|_| |_|_| |_\__, | / / / /
 =========|_|==============|___/=/_/_/_/
 :: Spring Boot ::                (v3.2.0)

2024-01-18T20:03:01.592+02:00  INFO 74534 --- [           main] c.e.recipe.recipe.RecipeIntegrationTest  : Starting RecipeIntegrationTest using Java 18.0.2.1 with PID 74534 (started by nellirossi in /Users/nellirossi/Documents/recipes/recipes-backend)
2024-01-18T20:03:01.592+02:00  INFO 74534 --- [           main] c.e.recipe.recipe.RecipeIntegrationTest  : The following 1 profile is active: "test"
2024-01-18T20:03:01.786+02:00  INFO 74534 --- [           main] .s.d.r.c.RepositoryConfigurationDelegate : Bootstrapping Spring Data JPA repositories in DEFAULT mode.
2024-01-18T20:03:01.808+02:00  INFO 74534 --- [           main] .s.d.r.c.RepositoryConfigurationDelegate : Finished Spring Data repository scanning in 21 ms. Found 8 JPA repository interfaces.
2024-01-18T20:03:01.916+02:00  INFO 74534 --- [           main] o.s.b.w.embedded.tomcat.TomcatWebServer  : Tomcat initialized with port 0 (http)
2024-01-18T20:03:01.917+02:00  INFO 74534 --- [           main] o.apache.catalina.core.StandardService   : Starting service [Tomcat]
2024-01-18T20:03:01.917+02:00  INFO 74534 --- [           main] o.apache.catalina.core.StandardEngine    : Starting Servlet engine: [Apache Tomcat/10.1.16]
2024-01-18T20:03:01.928+02:00  INFO 74534 --- [           main] o.a.c.c.C.[Tomcat].[localhost].[/]       : Initializing Spring embedded WebApplicationContext
2024-01-18T20:03:01.928+02:00  INFO 74534 --- [           main] w.s.c.ServletWebServerApplicationContext : Root WebApplicationContext: initialization completed in 334 ms
2024-01-18T20:03:01.968+02:00  INFO 74534 --- [           main] o.hibernate.jpa.internal.util.LogHelper  : HHH000204: Processing PersistenceUnitInfo [name: default]
2024-01-18T20:03:01.971+02:00  INFO 74534 --- [           main] o.h.c.internal.RegionFactoryInitiator    : HHH000026: Second-level cache disabled
2024-01-18T20:03:01.975+02:00  INFO 74534 --- [           main] o.s.o.j.p.SpringPersistenceUnitInfo      : No LoadTimeWeaver setup: ignoring JPA class transformer
2024-01-18T20:03:01.980+02:00  INFO 74534 --- [           main] com.zaxxer.hikari.HikariDataSource       : HikariPool-7 - Starting...
2024-01-18T20:03:01.985+02:00  INFO 74534 --- [           main] com.zaxxer.hikari.pool.HikariPool        : HikariPool-7 - Added connection conn60: url=jdbc:h2:mem:4640bb2e-af0d-4b47-9b48-3e45f68bfb79 user=SA
2024-01-18T20:03:01.985+02:00  INFO 74534 --- [           main] com.zaxxer.hikari.HikariDataSource       : HikariPool-7 - Start completed.
2024-01-18T20:03:01.986+02:00  WARN 74534 --- [           main] org.hibernate.dialect.Dialect            : HHH000511: The 2.2.0 version for [org.hibernate.dialect.MySQLDialect] is no longer supported, hence certain features may not work properly. The minimum supported version is 5.7.0. Check the community dialects project for available legacy versions.
2024-01-18T20:03:01.987+02:00  WARN 74534 --- [           main] org.hibernate.orm.deprecation            : HHH90000025: MySQLDialect does not need to be specified explicitly using 'hibernate.dialect' (remove the property setting and it will be selected by default)
2024-01-18T20:03:02.119+02:00  INFO 74534 --- [           main] o.h.e.t.j.p.i.JtaPlatformInitiator       : HHH000489: No JTA platform available (set 'hibernate.transaction.jta.platform' to enable JTA platform integration)
Hibernate: 
    create table account (
        account_id integer not null auto_increment,
        account_email varchar(255) not null,
        account_name varchar(255) not null,
        account_password varchar(255) not null,
        account_username varchar(255) not null,
        primary key (account_id)
    ) engine=InnoDB
Hibernate: 
    create table category (
        category_id integer not null auto_increment,
        category_name varchar(255),
        primary key (category_id)
    ) engine=InnoDB
Hibernate: 
    create table country (
        country_id integer not null auto_increment,
        country_name varchar(255),
        primary key (country_id)
    ) engine=InnoDB
Hibernate: 
    create table ingredient (
        ingredient_id integer not null auto_increment,
        ingredient_name varchar(255) not null,
        primary key (ingredient_id)
    ) engine=InnoDB
Hibernate: 
    create table instruction (
        instruction_id integer not null auto_increment,
        instruction_body varchar(255) not null,
        recipe_id integer,
        primary key (instruction_id)
    ) engine=InnoDB
Hibernate: 
    create table measurement (
        measurement_id integer not null auto_increment,
        measurement_amount float(23) not null,
        measurement_ingredient integer,
        measurement_unit integer,
        recipe_id integer,
        primary key (measurement_id)
    ) engine=InnoDB
Hibernate: 
    create table recipe (
        recipe_id integer not null,
        recipe_description varchar(255) not null,
        recipe_do_later bit not null,
        recipe_favourite bit not null,
        recipe_finished bit not null,
        recipe_health_score float(53),
        recipe_image varchar(255) not null,
        recipe_original varchar(255),
        recipe_servings integer not null,
        recipe_time integer not null,
        recipe_title varchar(255) not null,
        recipe_to_do_date date,
        recipe_account integer not null,
        primary key (recipe_id)
    ) engine=InnoDB
Hibernate: 
    create table recipe_category_mapping (
        recipe_category integer not null,
        category_id integer not null
    ) engine=InnoDB
Hibernate: 
    create table recipe_country_mapping (
        recipe_country integer not null,
        country_id integer not null
    ) engine=InnoDB
Hibernate: 
    create table recipe_type_mapping (
        recipe_type integer not null,
        type_id integer not null
    ) engine=InnoDB
Hibernate: 
    create table type (
        type_id integer not null auto_increment,
        type_name varchar(255),
        primary key (type_id)
    ) engine=InnoDB
Hibernate: 
    create table unit (
        unit_id integer not null auto_increment,
        unit_name varchar(255),
        primary key (unit_id)
    ) engine=InnoDB
Hibernate: 
    alter table account 
       drop index UK_o72icrlyfe9jcc61hbgsnmkgr
Hibernate: 
    alter table account 
       add constraint UK_o72icrlyfe9jcc61hbgsnmkgr unique (account_email)
Hibernate: 
    alter table account 
       drop index UK_xtxi9818l59cygi210n8tymn
Hibernate: 
    alter table account 
       add constraint UK_xtxi9818l59cygi210n8tymn unique (account_username)
Hibernate: 
    alter table category 
       drop index UK_lroeo5fvfdeg4hpicn4lw7x9b
Hibernate: 
    alter table category 
       add constraint UK_lroeo5fvfdeg4hpicn4lw7x9b unique (category_name)
Hibernate: 
    alter table country 
       drop index UK_qrkn270121aljmucrdbnmd35p
Hibernate: 
    alter table country 
       add constraint UK_qrkn270121aljmucrdbnmd35p unique (country_name)
Hibernate: 
    alter table ingredient 
       drop index UK_co7ro6kyijhfik027h0y4d3n3
Hibernate: 
    alter table ingredient 
       add constraint UK_co7ro6kyijhfik027h0y4d3n3 unique (ingredient_name)
Hibernate: 
    alter table type 
       drop index UK_f1qndtxdjk0ose1st2rhv1vhx
Hibernate: 
    alter table type 
       add constraint UK_f1qndtxdjk0ose1st2rhv1vhx unique (type_name)
Hibernate: 
    alter table unit 
       drop index UK_da8eog93rhwgf6726q1nftsr6
Hibernate: 
    alter table unit 
       add constraint UK_da8eog93rhwgf6726q1nftsr6 unique (unit_name)
Hibernate: 
    alter table instruction 
       add constraint FKcd28dqk4w4civw4jbswqhde2o 
       foreign key (recipe_id) 
       references recipe (recipe_id) 
       on delete cascade
Hibernate: 
    alter table measurement 
       add constraint FKawbdlt6648183uloeiqg70s5k 
       foreign key (measurement_ingredient) 
       references ingredient (ingredient_id)
Hibernate: 
    alter table measurement 
       add constraint FK4rxkc345jswd5pue43p1op7b6 
       foreign key (measurement_unit) 
       references unit (unit_id)
Hibernate: 
    alter table measurement 
       add constraint FKqptfsbxdmcuodd9wg0ainj5ju 
       foreign key (recipe_id) 
       references recipe (recipe_id) 
       on delete cascade
Hibernate: 
    alter table recipe 
       add constraint FKqce9j5wclvpp7522fkf1jn5p9 
       foreign key (recipe_account) 
       references account (account_id) 
       on delete cascade
Hibernate: 
    alter table recipe_category_mapping 
       add constraint FKo6ic4v041qy0d09yo4lne766d 
       foreign key (category_id) 
       references category (category_id)
Hibernate: 
    alter table recipe_category_mapping 
       add constraint FKpbsaruxxfswifi0t7ekvfg2fd 
       foreign key (recipe_category) 
       references recipe (recipe_id)
Hibernate: 
    alter table recipe_country_mapping 
       add constraint FK483w8krln3o8dynou1xnlnrg9 
       foreign key (country_id) 
       references country (country_id)
Hibernate: 
    alter table recipe_country_mapping 
       add constraint FKc9j7hrj2sxj5bulutbw4ievff 
       foreign key (recipe_country) 
       references recipe (recipe_id)
Hibernate: 
    alter table recipe_type_mapping 
       add constraint FKg27fj1iqigjdffvvcimnaymw1 
       foreign key (type_id) 
       references type (type_id)
Hibernate: 
    alter table recipe_type_mapping 
       add constraint FKdaudly65pqb386464ff72wjvj 
       foreign key (recipe_type) 
       references recipe (recipe_id)
2024-01-18T20:03:02.153+02:00  INFO 74534 --- [           main] j.LocalContainerEntityManagerFactoryBean : Initialized JPA EntityManagerFactory for persistence unit 'default'
2024-01-18T20:03:02.307+02:00  WARN 74534 --- [           main] JpaBaseConfiguration$JpaWebConfiguration : spring.jpa.open-in-view is enabled by default. Therefore, database queries may be performed during view rendering. Explicitly configure spring.jpa.open-in-view to disable this warning
2024-01-18T20:03:02.411+02:00  INFO 74534 --- [           main] o.s.s.web.DefaultSecurityFilterChain     : Will secure any request with [org.springframework.security.web.session.DisableEncodeUrlFilter@75c66fb4, org.springframework.security.web.context.request.async.WebAsyncManagerIntegrationFilter@323bd261, org.springframework.security.web.context.SecurityContextHolderFilter@70ad46e9, org.springframework.security.web.header.HeaderWriterFilter@6ee8afd0, org.springframework.web.filter.CorsFilter@48565172, org.springframework.web.filter.CorsFilter@727971a8, org.springframework.security.web.authentication.logout.LogoutFilter@6a75a9e4, com.example.recipe.security.JwtAuthFilter@61256f06, org.springframework.security.web.savedrequest.RequestCacheAwareFilter@33f54307, org.springframework.security.web.servletapi.SecurityContextHolderAwareRequestFilter@1848ec86, org.springframework.security.web.authentication.AnonymousAuthenticationFilter@34841b9c, org.springframework.security.web.session.SessionManagementFilter@65dc10b, org.springframework.security.web.access.ExceptionTranslationFilter@5d8c86b, org.springframework.security.web.access.intercept.AuthorizationFilter@2c72ccfc]
2024-01-18T20:03:02.525+02:00  INFO 74534 --- [           main] o.s.b.w.embedded.tomcat.TomcatWebServer  : Tomcat started on port 52524 (http) with context path ''
2024-01-18T20:03:02.527+02:00  INFO 74534 --- [           main] c.e.recipe.recipe.RecipeIntegrationTest  : Started RecipeIntegrationTest in 0.982 seconds (process running for 36.265)
2024-01-18T20:03:02.549+02:00  INFO 74534 --- [0-auto-6-exec-1] o.a.c.c.C.[Tomcat].[localhost].[/]       : Initializing Spring DispatcherServlet 'dispatcherServlet'
2024-01-18T20:03:02.549+02:00  INFO 74534 --- [0-auto-6-exec-1] o.s.web.servlet.DispatcherServlet        : Initializing Servlet 'dispatcherServlet'
2024-01-18T20:03:02.551+02:00  INFO 74534 --- [0-auto-6-exec-1] o.s.web.servlet.DispatcherServlet        : Completed initialization in 1 ms
Hibernate: 
    SELECT
        * 
    FROM
        account a 
    WHERE
        a.account_username = ?
2024-01-18T20:03:02.572+02:00  WARN 74534 --- [0-auto-6-exec-1] o.s.w.s.h.HandlerMappingIntrospector     : Cache miss for REQUEST dispatch to '/recipe/get/date' (previous null). Performing MatchableHandlerMapping lookup. This is logged once only at WARN level, and every time at TRACE.
Hibernate: 
    SELECT
        * 
    FROM
        recipe r 
    WHERE
        r.recipe_account = ? 
        AND r.recipe_to_do_date = ?
Hibernate: 
    select
        a1_0.account_id,
        a1_0.account_email,
        a1_0.account_name,
        a1_0.account_password,
        a1_0.account_username 
    from
        account a1_0 
    where
        a1_0.account_id=?
Hibernate: 
    select
        t1_0.recipe_type,
        t1_1.type_id,
        t1_1.type_name 
    from
        recipe_type_mapping t1_0 
    join
        type t1_1 
            on t1_1.type_id=t1_0.type_id 
    where
        t1_0.recipe_type=?
Hibernate: 
    select
        c1_0.recipe_country,
        c1_1.country_id,
        c1_1.country_name 
    from
        recipe_country_mapping c1_0 
    join
        country c1_1 
            on c1_1.country_id=c1_0.country_id 
    where
        c1_0.recipe_country=?
Hibernate: 
    select
        m1_0.recipe_id,
        m1_0.measurement_id,
        m1_0.measurement_amount,
        i1_0.ingredient_id,
        i1_0.ingredient_name,
        u1_0.unit_id,
        u1_0.unit_name 
    from
        measurement m1_0 
    left join
        ingredient i1_0 
            on i1_0.ingredient_id=m1_0.measurement_ingredient 
    left join
        unit u1_0 
            on u1_0.unit_id=m1_0.measurement_unit 
    where
        m1_0.recipe_id=?
Hibernate: 
    select
        c1_0.recipe_category,
        c1_1.category_id,
        c1_1.category_name 
    from
        recipe_category_mapping c1_0 
    join
        category c1_1 
            on c1_1.category_id=c1_0.category_id 
    where
        c1_0.recipe_category=?
Hibernate: 
    select
        i1_0.recipe_id,
        i1_0.instruction_id,
        i1_0.instruction_body 
    from
        instruction i1_0 
    where
        i1_0.recipe_id=?
2024-01-18T20:03:04.697+02:00  INFO 74534 --- [           main] j.LocalContainerEntityManagerFactoryBean : Closing JPA EntityManagerFactory for persistence unit 'default'
2024-01-18T20:03:04.699+02:00  INFO 74534 --- [           main] com.zaxxer.hikari.HikariDataSource       : HikariPool-7 - Shutdown initiated...
2024-01-18T20:03:04.700+02:00  INFO 74534 --- [           main] com.zaxxer.hikari.HikariDataSource       : HikariPool-7 - Shutdown completed.
]]></system-out>
  </testcase>
  <testcase name="getRandomRecipesWorks" classname="com.example.recipe.recipe.RecipeIntegrationTest" time="2.226">
    <system-out><![CDATA[
  .   ____          _            __ _ _
 /\\ / ___'_ __ _ _(_)_ __  __ _ \ \ \ \
( ( )\___ | '_ | '_| | '_ \/ _` | \ \ \ \
 \\/  ___)| |_)| | | | | || (_| |  ) ) ) )
  '  |____| .__|_| |_|_| |_\__, | / / / /
 =========|_|==============|___/=/_/_/_/
 :: Spring Boot ::                (v3.2.0)

2024-01-18T20:03:04.747+02:00  INFO 74534 --- [           main] c.e.recipe.recipe.RecipeIntegrationTest  : Starting RecipeIntegrationTest using Java 18.0.2.1 with PID 74534 (started by nellirossi in /Users/nellirossi/Documents/recipes/recipes-backend)
2024-01-18T20:03:04.747+02:00  INFO 74534 --- [           main] c.e.recipe.recipe.RecipeIntegrationTest  : The following 1 profile is active: "test"
2024-01-18T20:03:04.928+02:00  INFO 74534 --- [           main] .s.d.r.c.RepositoryConfigurationDelegate : Bootstrapping Spring Data JPA repositories in DEFAULT mode.
2024-01-18T20:03:04.945+02:00  INFO 74534 --- [           main] .s.d.r.c.RepositoryConfigurationDelegate : Finished Spring Data repository scanning in 16 ms. Found 8 JPA repository interfaces.
2024-01-18T20:03:05.015+02:00  INFO 74534 --- [           main] o.s.b.w.embedded.tomcat.TomcatWebServer  : Tomcat initialized with port 0 (http)
2024-01-18T20:03:05.017+02:00  INFO 74534 --- [           main] o.apache.catalina.core.StandardService   : Starting service [Tomcat]
2024-01-18T20:03:05.017+02:00  INFO 74534 --- [           main] o.apache.catalina.core.StandardEngine    : Starting Servlet engine: [Apache Tomcat/10.1.16]
2024-01-18T20:03:05.033+02:00  INFO 74534 --- [           main] o.a.c.c.C.[Tomcat].[localhost].[/]       : Initializing Spring embedded WebApplicationContext
2024-01-18T20:03:05.034+02:00  INFO 74534 --- [           main] w.s.c.ServletWebServerApplicationContext : Root WebApplicationContext: initialization completed in 285 ms
2024-01-18T20:03:05.062+02:00  INFO 74534 --- [           main] o.hibernate.jpa.internal.util.LogHelper  : HHH000204: Processing PersistenceUnitInfo [name: default]
2024-01-18T20:03:05.066+02:00  INFO 74534 --- [           main] o.h.c.internal.RegionFactoryInitiator    : HHH000026: Second-level cache disabled
2024-01-18T20:03:05.069+02:00  INFO 74534 --- [           main] o.s.o.j.p.SpringPersistenceUnitInfo      : No LoadTimeWeaver setup: ignoring JPA class transformer
2024-01-18T20:03:05.070+02:00  INFO 74534 --- [           main] com.zaxxer.hikari.HikariDataSource       : HikariPool-8 - Starting...
2024-01-18T20:03:05.073+02:00  INFO 74534 --- [           main] com.zaxxer.hikari.pool.HikariPool        : HikariPool-8 - Added connection conn70: url=jdbc:h2:mem:a1747ed2-0778-43c0-b286-d6ecec500dce user=SA
2024-01-18T20:03:05.073+02:00  INFO 74534 --- [           main] com.zaxxer.hikari.HikariDataSource       : HikariPool-8 - Start completed.
2024-01-18T20:03:05.075+02:00  WARN 74534 --- [           main] org.hibernate.dialect.Dialect            : HHH000511: The 2.2.0 version for [org.hibernate.dialect.MySQLDialect] is no longer supported, hence certain features may not work properly. The minimum supported version is 5.7.0. Check the community dialects project for available legacy versions.
2024-01-18T20:03:05.075+02:00  WARN 74534 --- [           main] org.hibernate.orm.deprecation            : HHH90000025: MySQLDialect does not need to be specified explicitly using 'hibernate.dialect' (remove the property setting and it will be selected by default)
2024-01-18T20:03:05.179+02:00  INFO 74534 --- [           main] o.h.e.t.j.p.i.JtaPlatformInitiator       : HHH000489: No JTA platform available (set 'hibernate.transaction.jta.platform' to enable JTA platform integration)
Hibernate: 
    create table account (
        account_id integer not null auto_increment,
        account_email varchar(255) not null,
        account_name varchar(255) not null,
        account_password varchar(255) not null,
        account_username varchar(255) not null,
        primary key (account_id)
    ) engine=InnoDB
Hibernate: 
    create table category (
        category_id integer not null auto_increment,
        category_name varchar(255),
        primary key (category_id)
    ) engine=InnoDB
Hibernate: 
    create table country (
        country_id integer not null auto_increment,
        country_name varchar(255),
        primary key (country_id)
    ) engine=InnoDB
Hibernate: 
    create table ingredient (
        ingredient_id integer not null auto_increment,
        ingredient_name varchar(255) not null,
        primary key (ingredient_id)
    ) engine=InnoDB
Hibernate: 
    create table instruction (
        instruction_id integer not null auto_increment,
        instruction_body varchar(255) not null,
        recipe_id integer,
        primary key (instruction_id)
    ) engine=InnoDB
Hibernate: 
    create table measurement (
        measurement_id integer not null auto_increment,
        measurement_amount float(23) not null,
        measurement_ingredient integer,
        measurement_unit integer,
        recipe_id integer,
        primary key (measurement_id)
    ) engine=InnoDB
Hibernate: 
    create table recipe (
        recipe_id integer not null,
        recipe_description varchar(255) not null,
        recipe_do_later bit not null,
        recipe_favourite bit not null,
        recipe_finished bit not null,
        recipe_health_score float(53),
        recipe_image varchar(255) not null,
        recipe_original varchar(255),
        recipe_servings integer not null,
        recipe_time integer not null,
        recipe_title varchar(255) not null,
        recipe_to_do_date date,
        recipe_account integer not null,
        primary key (recipe_id)
    ) engine=InnoDB
Hibernate: 
    create table recipe_category_mapping (
        recipe_category integer not null,
        category_id integer not null
    ) engine=InnoDB
Hibernate: 
    create table recipe_country_mapping (
        recipe_country integer not null,
        country_id integer not null
    ) engine=InnoDB
Hibernate: 
    create table recipe_type_mapping (
        recipe_type integer not null,
        type_id integer not null
    ) engine=InnoDB
Hibernate: 
    create table type (
        type_id integer not null auto_increment,
        type_name varchar(255),
        primary key (type_id)
    ) engine=InnoDB
Hibernate: 
    create table unit (
        unit_id integer not null auto_increment,
        unit_name varchar(255),
        primary key (unit_id)
    ) engine=InnoDB
Hibernate: 
    alter table account 
       drop index UK_o72icrlyfe9jcc61hbgsnmkgr
Hibernate: 
    alter table account 
       add constraint UK_o72icrlyfe9jcc61hbgsnmkgr unique (account_email)
Hibernate: 
    alter table account 
       drop index UK_xtxi9818l59cygi210n8tymn
Hibernate: 
    alter table account 
       add constraint UK_xtxi9818l59cygi210n8tymn unique (account_username)
Hibernate: 
    alter table category 
       drop index UK_lroeo5fvfdeg4hpicn4lw7x9b
Hibernate: 
    alter table category 
       add constraint UK_lroeo5fvfdeg4hpicn4lw7x9b unique (category_name)
Hibernate: 
    alter table country 
       drop index UK_qrkn270121aljmucrdbnmd35p
Hibernate: 
    alter table country 
       add constraint UK_qrkn270121aljmucrdbnmd35p unique (country_name)
Hibernate: 
    alter table ingredient 
       drop index UK_co7ro6kyijhfik027h0y4d3n3
Hibernate: 
    alter table ingredient 
       add constraint UK_co7ro6kyijhfik027h0y4d3n3 unique (ingredient_name)
Hibernate: 
    alter table type 
       drop index UK_f1qndtxdjk0ose1st2rhv1vhx
Hibernate: 
    alter table type 
       add constraint UK_f1qndtxdjk0ose1st2rhv1vhx unique (type_name)
Hibernate: 
    alter table unit 
       drop index UK_da8eog93rhwgf6726q1nftsr6
Hibernate: 
    alter table unit 
       add constraint UK_da8eog93rhwgf6726q1nftsr6 unique (unit_name)
Hibernate: 
    alter table instruction 
       add constraint FKcd28dqk4w4civw4jbswqhde2o 
       foreign key (recipe_id) 
       references recipe (recipe_id) 
       on delete cascade
Hibernate: 
    alter table measurement 
       add constraint FKawbdlt6648183uloeiqg70s5k 
       foreign key (measurement_ingredient) 
       references ingredient (ingredient_id)
Hibernate: 
    alter table measurement 
       add constraint FK4rxkc345jswd5pue43p1op7b6 
       foreign key (measurement_unit) 
       references unit (unit_id)
Hibernate: 
    alter table measurement 
       add constraint FKqptfsbxdmcuodd9wg0ainj5ju 
       foreign key (recipe_id) 
       references recipe (recipe_id) 
       on delete cascade
Hibernate: 
    alter table recipe 
       add constraint FKqce9j5wclvpp7522fkf1jn5p9 
       foreign key (recipe_account) 
       references account (account_id) 
       on delete cascade
Hibernate: 
    alter table recipe_category_mapping 
       add constraint FKo6ic4v041qy0d09yo4lne766d 
       foreign key (category_id) 
       references category (category_id)
Hibernate: 
    alter table recipe_category_mapping 
       add constraint FKpbsaruxxfswifi0t7ekvfg2fd 
       foreign key (recipe_category) 
       references recipe (recipe_id)
Hibernate: 
    alter table recipe_country_mapping 
       add constraint FK483w8krln3o8dynou1xnlnrg9 
       foreign key (country_id) 
       references country (country_id)
Hibernate: 
    alter table recipe_country_mapping 
       add constraint FKc9j7hrj2sxj5bulutbw4ievff 
       foreign key (recipe_country) 
       references recipe (recipe_id)
Hibernate: 
    alter table recipe_type_mapping 
       add constraint FKg27fj1iqigjdffvvcimnaymw1 
       foreign key (type_id) 
       references type (type_id)
Hibernate: 
    alter table recipe_type_mapping 
       add constraint FKdaudly65pqb386464ff72wjvj 
       foreign key (recipe_type) 
       references recipe (recipe_id)
2024-01-18T20:03:05.224+02:00  INFO 74534 --- [           main] j.LocalContainerEntityManagerFactoryBean : Initialized JPA EntityManagerFactory for persistence unit 'default'
2024-01-18T20:03:05.542+02:00  WARN 74534 --- [           main] JpaBaseConfiguration$JpaWebConfiguration : spring.jpa.open-in-view is enabled by default. Therefore, database queries may be performed during view rendering. Explicitly configure spring.jpa.open-in-view to disable this warning
2024-01-18T20:03:05.663+02:00  INFO 74534 --- [           main] o.s.s.web.DefaultSecurityFilterChain     : Will secure any request with [org.springframework.security.web.session.DisableEncodeUrlFilter@58eb1968, org.springframework.security.web.context.request.async.WebAsyncManagerIntegrationFilter@37841334, org.springframework.security.web.context.SecurityContextHolderFilter@38b05ff8, org.springframework.security.web.header.HeaderWriterFilter@4e9b51d9, org.springframework.web.filter.CorsFilter@3aff343b, org.springframework.web.filter.CorsFilter@265c8f7a, org.springframework.security.web.authentication.logout.LogoutFilter@3b8a9150, com.example.recipe.security.JwtAuthFilter@4095f32a, org.springframework.security.web.savedrequest.RequestCacheAwareFilter@169b0203, org.springframework.security.web.servletapi.SecurityContextHolderAwareRequestFilter@29a8c90, org.springframework.security.web.authentication.AnonymousAuthenticationFilter@26fcf280, org.springframework.security.web.session.SessionManagementFilter@6e3dab60, org.springframework.security.web.access.ExceptionTranslationFilter@487cdf22, org.springframework.security.web.access.intercept.AuthorizationFilter@23e7eb1d]
2024-01-18T20:03:05.793+02:00  INFO 74534 --- [           main] o.s.b.w.embedded.tomcat.TomcatWebServer  : Tomcat started on port 52527 (http) with context path ''
2024-01-18T20:03:05.796+02:00  INFO 74534 --- [           main] c.e.recipe.recipe.RecipeIntegrationTest  : Started RecipeIntegrationTest in 1.084 seconds (process running for 39.535)
2024-01-18T20:03:05.853+02:00  INFO 74534 --- [0-auto-7-exec-1] o.a.c.c.C.[Tomcat].[localhost].[/]       : Initializing Spring DispatcherServlet 'dispatcherServlet'
2024-01-18T20:03:05.853+02:00  INFO 74534 --- [0-auto-7-exec-1] o.s.web.servlet.DispatcherServlet        : Initializing Servlet 'dispatcherServlet'
2024-01-18T20:03:05.853+02:00  INFO 74534 --- [0-auto-7-exec-1] o.s.web.servlet.DispatcherServlet        : Completed initialization in 0 ms
Hibernate: 
    SELECT
        * 
    FROM
        account a 
    WHERE
        a.account_username = ?
2024-01-18T20:03:05.887+02:00  WARN 74534 --- [0-auto-7-exec-1] o.s.w.s.h.HandlerMappingIntrospector     : Cache miss for REQUEST dispatch to '/recipe/get/api/random' (previous null). Performing MatchableHandlerMapping lookup. This is logged once only at WARN level, and every time at TRACE.
2024-01-18T20:03:08.019+02:00  INFO 74534 --- [           main] j.LocalContainerEntityManagerFactoryBean : Closing JPA EntityManagerFactory for persistence unit 'default'
2024-01-18T20:03:08.021+02:00  INFO 74534 --- [           main] com.zaxxer.hikari.HikariDataSource       : HikariPool-8 - Shutdown initiated...
2024-01-18T20:03:08.024+02:00  INFO 74534 --- [           main] com.zaxxer.hikari.HikariDataSource       : HikariPool-8 - Shutdown completed.
]]></system-out>
  </testcase>
  <testcase name="getRecipeFromAPIWorks" classname="com.example.recipe.recipe.RecipeIntegrationTest" time="2.236">
    <system-out><![CDATA[
  .   ____          _            __ _ _
 /\\ / ___'_ __ _ _(_)_ __  __ _ \ \ \ \
( ( )\___ | '_ | '_| | '_ \/ _` | \ \ \ \
 \\/  ___)| |_)| | | | | || (_| |  ) ) ) )
  '  |____| .__|_| |_|_| |_\__, | / / / /
 =========|_|==============|___/=/_/_/_/
 :: Spring Boot ::                (v3.2.0)

2024-01-18T20:03:08.138+02:00  INFO 74534 --- [           main] c.e.recipe.recipe.RecipeIntegrationTest  : Starting RecipeIntegrationTest using Java 18.0.2.1 with PID 74534 (started by nellirossi in /Users/nellirossi/Documents/recipes/recipes-backend)
2024-01-18T20:03:08.139+02:00  INFO 74534 --- [           main] c.e.recipe.recipe.RecipeIntegrationTest  : The following 1 profile is active: "test"
2024-01-18T20:03:08.325+02:00  INFO 74534 --- [           main] .s.d.r.c.RepositoryConfigurationDelegate : Bootstrapping Spring Data JPA repositories in DEFAULT mode.
2024-01-18T20:03:08.346+02:00  INFO 74534 --- [           main] .s.d.r.c.RepositoryConfigurationDelegate : Finished Spring Data repository scanning in 19 ms. Found 8 JPA repository interfaces.
2024-01-18T20:03:08.435+02:00  INFO 74534 --- [           main] o.s.b.w.embedded.tomcat.TomcatWebServer  : Tomcat initialized with port 0 (http)
2024-01-18T20:03:08.436+02:00  INFO 74534 --- [           main] o.apache.catalina.core.StandardService   : Starting service [Tomcat]
2024-01-18T20:03:08.437+02:00  INFO 74534 --- [           main] o.apache.catalina.core.StandardEngine    : Starting Servlet engine: [Apache Tomcat/10.1.16]
2024-01-18T20:03:08.448+02:00  INFO 74534 --- [           main] o.a.c.c.C.[Tomcat].[localhost].[/]       : Initializing Spring embedded WebApplicationContext
2024-01-18T20:03:08.448+02:00  INFO 74534 --- [           main] w.s.c.ServletWebServerApplicationContext : Root WebApplicationContext: initialization completed in 306 ms
2024-01-18T20:03:08.487+02:00  INFO 74534 --- [           main] o.hibernate.jpa.internal.util.LogHelper  : HHH000204: Processing PersistenceUnitInfo [name: default]
2024-01-18T20:03:08.491+02:00  INFO 74534 --- [           main] o.h.c.internal.RegionFactoryInitiator    : HHH000026: Second-level cache disabled
2024-01-18T20:03:08.497+02:00  INFO 74534 --- [           main] o.s.o.j.p.SpringPersistenceUnitInfo      : No LoadTimeWeaver setup: ignoring JPA class transformer
2024-01-18T20:03:08.499+02:00  INFO 74534 --- [           main] com.zaxxer.hikari.HikariDataSource       : HikariPool-9 - Starting...
2024-01-18T20:03:08.506+02:00  INFO 74534 --- [           main] com.zaxxer.hikari.pool.HikariPool        : HikariPool-9 - Added connection conn80: url=jdbc:h2:mem:abf63e66-f77a-457c-a692-a17fe8c29b37 user=SA
2024-01-18T20:03:08.506+02:00  INFO 74534 --- [           main] com.zaxxer.hikari.HikariDataSource       : HikariPool-9 - Start completed.
2024-01-18T20:03:08.507+02:00  WARN 74534 --- [           main] org.hibernate.dialect.Dialect            : HHH000511: The 2.2.0 version for [org.hibernate.dialect.MySQLDialect] is no longer supported, hence certain features may not work properly. The minimum supported version is 5.7.0. Check the community dialects project for available legacy versions.
2024-01-18T20:03:08.507+02:00  WARN 74534 --- [           main] org.hibernate.orm.deprecation            : HHH90000025: MySQLDialect does not need to be specified explicitly using 'hibernate.dialect' (remove the property setting and it will be selected by default)
2024-01-18T20:03:08.700+02:00  INFO 74534 --- [           main] o.h.e.t.j.p.i.JtaPlatformInitiator       : HHH000489: No JTA platform available (set 'hibernate.transaction.jta.platform' to enable JTA platform integration)
Hibernate: 
    create table account (
        account_id integer not null auto_increment,
        account_email varchar(255) not null,
        account_name varchar(255) not null,
        account_password varchar(255) not null,
        account_username varchar(255) not null,
        primary key (account_id)
    ) engine=InnoDB
Hibernate: 
    create table category (
        category_id integer not null auto_increment,
        category_name varchar(255),
        primary key (category_id)
    ) engine=InnoDB
Hibernate: 
    create table country (
        country_id integer not null auto_increment,
        country_name varchar(255),
        primary key (country_id)
    ) engine=InnoDB
Hibernate: 
    create table ingredient (
        ingredient_id integer not null auto_increment,
        ingredient_name varchar(255) not null,
        primary key (ingredient_id)
    ) engine=InnoDB
Hibernate: 
    create table instruction (
        instruction_id integer not null auto_increment,
        instruction_body varchar(255) not null,
        recipe_id integer,
        primary key (instruction_id)
    ) engine=InnoDB
Hibernate: 
    create table measurement (
        measurement_id integer not null auto_increment,
        measurement_amount float(23) not null,
        measurement_ingredient integer,
        measurement_unit integer,
        recipe_id integer,
        primary key (measurement_id)
    ) engine=InnoDB
Hibernate: 
    create table recipe (
        recipe_id integer not null,
        recipe_description varchar(255) not null,
        recipe_do_later bit not null,
        recipe_favourite bit not null,
        recipe_finished bit not null,
        recipe_health_score float(53),
        recipe_image varchar(255) not null,
        recipe_original varchar(255),
        recipe_servings integer not null,
        recipe_time integer not null,
        recipe_title varchar(255) not null,
        recipe_to_do_date date,
        recipe_account integer not null,
        primary key (recipe_id)
    ) engine=InnoDB
Hibernate: 
    create table recipe_category_mapping (
        recipe_category integer not null,
        category_id integer not null
    ) engine=InnoDB
Hibernate: 
    create table recipe_country_mapping (
        recipe_country integer not null,
        country_id integer not null
    ) engine=InnoDB
Hibernate: 
    create table recipe_type_mapping (
        recipe_type integer not null,
        type_id integer not null
    ) engine=InnoDB
Hibernate: 
    create table type (
        type_id integer not null auto_increment,
        type_name varchar(255),
        primary key (type_id)
    ) engine=InnoDB
Hibernate: 
    create table unit (
        unit_id integer not null auto_increment,
        unit_name varchar(255),
        primary key (unit_id)
    ) engine=InnoDB
Hibernate: 
    alter table account 
       drop index UK_o72icrlyfe9jcc61hbgsnmkgr
Hibernate: 
    alter table account 
       add constraint UK_o72icrlyfe9jcc61hbgsnmkgr unique (account_email)
Hibernate: 
    alter table account 
       drop index UK_xtxi9818l59cygi210n8tymn
Hibernate: 
    alter table account 
       add constraint UK_xtxi9818l59cygi210n8tymn unique (account_username)
Hibernate: 
    alter table category 
       drop index UK_lroeo5fvfdeg4hpicn4lw7x9b
Hibernate: 
    alter table category 
       add constraint UK_lroeo5fvfdeg4hpicn4lw7x9b unique (category_name)
Hibernate: 
    alter table country 
       drop index UK_qrkn270121aljmucrdbnmd35p
Hibernate: 
    alter table country 
       add constraint UK_qrkn270121aljmucrdbnmd35p unique (country_name)
Hibernate: 
    alter table ingredient 
       drop index UK_co7ro6kyijhfik027h0y4d3n3
Hibernate: 
    alter table ingredient 
       add constraint UK_co7ro6kyijhfik027h0y4d3n3 unique (ingredient_name)
Hibernate: 
    alter table type 
       drop index UK_f1qndtxdjk0ose1st2rhv1vhx
Hibernate: 
    alter table type 
       add constraint UK_f1qndtxdjk0ose1st2rhv1vhx unique (type_name)
Hibernate: 
    alter table unit 
       drop index UK_da8eog93rhwgf6726q1nftsr6
Hibernate: 
    alter table unit 
       add constraint UK_da8eog93rhwgf6726q1nftsr6 unique (unit_name)
Hibernate: 
    alter table instruction 
       add constraint FKcd28dqk4w4civw4jbswqhde2o 
       foreign key (recipe_id) 
       references recipe (recipe_id) 
       on delete cascade
Hibernate: 
    alter table measurement 
       add constraint FKawbdlt6648183uloeiqg70s5k 
       foreign key (measurement_ingredient) 
       references ingredient (ingredient_id)
Hibernate: 
    alter table measurement 
       add constraint FK4rxkc345jswd5pue43p1op7b6 
       foreign key (measurement_unit) 
       references unit (unit_id)
Hibernate: 
    alter table measurement 
       add constraint FKqptfsbxdmcuodd9wg0ainj5ju 
       foreign key (recipe_id) 
       references recipe (recipe_id) 
       on delete cascade
Hibernate: 
    alter table recipe 
       add constraint FKqce9j5wclvpp7522fkf1jn5p9 
       foreign key (recipe_account) 
       references account (account_id) 
       on delete cascade
Hibernate: 
    alter table recipe_category_mapping 
       add constraint FKo6ic4v041qy0d09yo4lne766d 
       foreign key (category_id) 
       references category (category_id)
Hibernate: 
    alter table recipe_category_mapping 
       add constraint FKpbsaruxxfswifi0t7ekvfg2fd 
       foreign key (recipe_category) 
       references recipe (recipe_id)
Hibernate: 
    alter table recipe_country_mapping 
       add constraint FK483w8krln3o8dynou1xnlnrg9 
       foreign key (country_id) 
       references country (country_id)
Hibernate: 
    alter table recipe_country_mapping 
       add constraint FKc9j7hrj2sxj5bulutbw4ievff 
       foreign key (recipe_country) 
       references recipe (recipe_id)
Hibernate: 
    alter table recipe_type_mapping 
       add constraint FKg27fj1iqigjdffvvcimnaymw1 
       foreign key (type_id) 
       references type (type_id)
Hibernate: 
    alter table recipe_type_mapping 
       add constraint FKdaudly65pqb386464ff72wjvj 
       foreign key (recipe_type) 
       references recipe (recipe_id)
2024-01-18T20:03:08.815+02:00  INFO 74534 --- [           main] j.LocalContainerEntityManagerFactoryBean : Initialized JPA EntityManagerFactory for persistence unit 'default'
2024-01-18T20:03:08.992+02:00  WARN 74534 --- [           main] JpaBaseConfiguration$JpaWebConfiguration : spring.jpa.open-in-view is enabled by default. Therefore, database queries may be performed during view rendering. Explicitly configure spring.jpa.open-in-view to disable this warning
2024-01-18T20:03:09.078+02:00  INFO 74534 --- [           main] o.s.s.web.DefaultSecurityFilterChain     : Will secure any request with [org.springframework.security.web.session.DisableEncodeUrlFilter@16e578fc, org.springframework.security.web.context.request.async.WebAsyncManagerIntegrationFilter@368d3918, org.springframework.security.web.context.SecurityContextHolderFilter@32d2cb0c, org.springframework.security.web.header.HeaderWriterFilter@7241e1, org.springframework.web.filter.CorsFilter@501e1441, org.springframework.web.filter.CorsFilter@d73727c, org.springframework.security.web.authentication.logout.LogoutFilter@85513b3, com.example.recipe.security.JwtAuthFilter@26edca6f, org.springframework.security.web.savedrequest.RequestCacheAwareFilter@235acf30, org.springframework.security.web.servletapi.SecurityContextHolderAwareRequestFilter@3135fff3, org.springframework.security.web.authentication.AnonymousAuthenticationFilter@306cd9b6, org.springframework.security.web.session.SessionManagementFilter@55791543, org.springframework.security.web.access.ExceptionTranslationFilter@220673fd, org.springframework.security.web.access.intercept.AuthorizationFilter@63d7cce2]
2024-01-18T20:03:09.193+02:00  INFO 74534 --- [           main] o.s.b.w.embedded.tomcat.TomcatWebServer  : Tomcat started on port 52533 (http) with context path ''
2024-01-18T20:03:09.198+02:00  INFO 74534 --- [           main] c.e.recipe.recipe.RecipeIntegrationTest  : Started RecipeIntegrationTest in 1.149 seconds (process running for 42.937)
2024-01-18T20:03:09.221+02:00  INFO 74534 --- [0-auto-8-exec-1] o.a.c.c.C.[Tomcat].[localhost].[/]       : Initializing Spring DispatcherServlet 'dispatcherServlet'
2024-01-18T20:03:09.221+02:00  INFO 74534 --- [0-auto-8-exec-1] o.s.web.servlet.DispatcherServlet        : Initializing Servlet 'dispatcherServlet'
2024-01-18T20:03:09.221+02:00  INFO 74534 --- [0-auto-8-exec-1] o.s.web.servlet.DispatcherServlet        : Completed initialization in 0 ms
Hibernate: 
    SELECT
        * 
    FROM
        account a 
    WHERE
        a.account_username = ?
2024-01-18T20:03:09.238+02:00  WARN 74534 --- [0-auto-8-exec-1] o.s.w.s.h.HandlerMappingIntrospector     : Cache miss for REQUEST dispatch to '/recipe/get/api/id' (previous null). Performing MatchableHandlerMapping lookup. This is logged once only at WARN level, and every time at TRACE.
Hibernate: 
    select
        r1_0.recipe_id,
        r1_0.recipe_account,
        a1_0.account_id,
        a1_0.account_email,
        a1_0.account_name,
        a1_0.account_password,
        a1_0.account_username,
        r1_0.recipe_description,
        r1_0.recipe_do_later,
        r1_0.recipe_favourite,
        r1_0.recipe_finished,
        r1_0.recipe_health_score,
        r1_0.recipe_image,
        r1_0.recipe_original,
        r1_0.recipe_servings,
        r1_0.recipe_time,
        r1_0.recipe_title,
        r1_0.recipe_to_do_date 
    from
        recipe r1_0 
    join
        account a1_0 
            on a1_0.account_id=r1_0.recipe_account 
    where
        r1_0.recipe_id=?
Hibernate: 
    SELECT
        * 
    FROM
        ingredient i 
    WHERE
        i.ingredient_name = ?
Hibernate: 
    insert 
    into
        ingredient
        (ingredient_name) 
    values
        (?)
Hibernate: 
    SELECT
        * 
    FROM
        unit u 
    WHERE
        u.unit_name = ?
Hibernate: 
    insert 
    into
        unit
        (unit_name) 
    values
        (?)
Hibernate: 
    SELECT
        * 
    FROM
        ingredient i 
    WHERE
        i.ingredient_name = ?
Hibernate: 
    insert 
    into
        ingredient
        (ingredient_name) 
    values
        (?)
Hibernate: 
    SELECT
        * 
    FROM
        unit u 
    WHERE
        u.unit_name = ?
Hibernate: 
    SELECT
        * 
    FROM
        ingredient i 
    WHERE
        i.ingredient_name = ?
Hibernate: 
    insert 
    into
        ingredient
        (ingredient_name) 
    values
        (?)
Hibernate: 
    SELECT
        * 
    FROM
        unit u 
    WHERE
        u.unit_name = ?
Hibernate: 
    insert 
    into
        unit
        (unit_name) 
    values
        (?)
Hibernate: 
    SELECT
        * 
    FROM
        ingredient i 
    WHERE
        i.ingredient_name = ?
Hibernate: 
    SELECT
        * 
    FROM
        unit u 
    WHERE
        u.unit_name = ?
Hibernate: 
    SELECT
        * 
    FROM
        ingredient i 
    WHERE
        i.ingredient_name = ?
Hibernate: 
    insert 
    into
        ingredient
        (ingredient_name) 
    values
        (?)
Hibernate: 
    SELECT
        * 
    FROM
        unit u 
    WHERE
        u.unit_name = ?
Hibernate: 
    insert 
    into
        unit
        (unit_name) 
    values
        (?)
Hibernate: 
    SELECT
        * 
    FROM
        ingredient i 
    WHERE
        i.ingredient_name = ?
Hibernate: 
    insert 
    into
        ingredient
        (ingredient_name) 
    values
        (?)
Hibernate: 
    SELECT
        * 
    FROM
        unit u 
    WHERE
        u.unit_name = ?
Hibernate: 
    SELECT
        * 
    FROM
        ingredient i 
    WHERE
        i.ingredient_name = ?
Hibernate: 
    insert 
    into
        ingredient
        (ingredient_name) 
    values
        (?)
Hibernate: 
    SELECT
        * 
    FROM
        unit u 
    WHERE
        u.unit_name = ?
Hibernate: 
    SELECT
        * 
    FROM
        ingredient i 
    WHERE
        i.ingredient_name = ?
Hibernate: 
    insert 
    into
        ingredient
        (ingredient_name) 
    values
        (?)
Hibernate: 
    SELECT
        * 
    FROM
        unit u 
    WHERE
        u.unit_name = ?
Hibernate: 
    SELECT
        * 
    FROM
        ingredient i 
    WHERE
        i.ingredient_name = ?
Hibernate: 
    SELECT
        * 
    FROM
        unit u 
    WHERE
        u.unit_name = ?
Hibernate: 
    SELECT
        * 
    FROM
        ingredient i 
    WHERE
        i.ingredient_name = ?
Hibernate: 
    SELECT
        * 
    FROM
        unit u 
    WHERE
        u.unit_name = ?
Hibernate: 
    SELECT
        * 
    FROM
        type t 
    WHERE
        t.type_name = ?
Hibernate: 
    insert 
    into
        type
        (type_name) 
    values
        (?)
Hibernate: 
    SELECT
        * 
    FROM
        type t 
    WHERE
        t.type_name = ?
Hibernate: 
    insert 
    into
        type
        (type_name) 
    values
        (?)
Hibernate: 
    SELECT
        * 
    FROM
        type t 
    WHERE
        t.type_name = ?
Hibernate: 
    insert 
    into
        type
        (type_name) 
    values
        (?)
Hibernate: 
    SELECT
        * 
    FROM
        type t 
    WHERE
        t.type_name = ?
Hibernate: 
    insert 
    into
        type
        (type_name) 
    values
        (?)
Hibernate: 
    SELECT
        * 
    FROM
        country c 
    WHERE
        c.country_name = ?
Hibernate: 
    insert 
    into
        country
        (country_name) 
    values
        (?)
Hibernate: 
    SELECT
        * 
    FROM
        category c 
    WHERE
        c.category_name = ?
Hibernate: 
    SELECT
        * 
    FROM
        category c 
    WHERE
        c.category_name = ?
2024-01-18T20:03:11.432+02:00  INFO 74534 --- [           main] j.LocalContainerEntityManagerFactoryBean : Closing JPA EntityManagerFactory for persistence unit 'default'
2024-01-18T20:03:11.434+02:00  INFO 74534 --- [           main] com.zaxxer.hikari.HikariDataSource       : HikariPool-9 - Shutdown initiated...
2024-01-18T20:03:11.435+02:00  INFO 74534 --- [           main] com.zaxxer.hikari.HikariDataSource       : HikariPool-9 - Shutdown completed.
]]></system-out>
  </testcase>
  <testcase name="getFavouriteWorks" classname="com.example.recipe.recipe.RecipeIntegrationTest" time="2.243">
    <system-out><![CDATA[
  .   ____          _            __ _ _
 /\\ / ___'_ __ _ _(_)_ __  __ _ \ \ \ \
( ( )\___ | '_ | '_| | '_ \/ _` | \ \ \ \
 \\/  ___)| |_)| | | | | || (_| |  ) ) ) )
  '  |____| .__|_| |_|_| |_\__, | / / / /
 =========|_|==============|___/=/_/_/_/
 :: Spring Boot ::                (v3.2.0)

2024-01-18T20:03:11.474+02:00  INFO 74534 --- [           main] c.e.recipe.recipe.RecipeIntegrationTest  : Starting RecipeIntegrationTest using Java 18.0.2.1 with PID 74534 (started by nellirossi in /Users/nellirossi/Documents/recipes/recipes-backend)
2024-01-18T20:03:11.475+02:00  INFO 74534 --- [           main] c.e.recipe.recipe.RecipeIntegrationTest  : The following 1 profile is active: "test"
2024-01-18T20:03:11.617+02:00  INFO 74534 --- [           main] .s.d.r.c.RepositoryConfigurationDelegate : Bootstrapping Spring Data JPA repositories in DEFAULT mode.
2024-01-18T20:03:11.637+02:00  INFO 74534 --- [           main] .s.d.r.c.RepositoryConfigurationDelegate : Finished Spring Data repository scanning in 18 ms. Found 8 JPA repository interfaces.
2024-01-18T20:03:11.707+02:00  INFO 74534 --- [           main] o.s.b.w.embedded.tomcat.TomcatWebServer  : Tomcat initialized with port 0 (http)
2024-01-18T20:03:11.708+02:00  INFO 74534 --- [           main] o.apache.catalina.core.StandardService   : Starting service [Tomcat]
2024-01-18T20:03:11.708+02:00  INFO 74534 --- [           main] o.apache.catalina.core.StandardEngine    : Starting Servlet engine: [Apache Tomcat/10.1.16]
2024-01-18T20:03:11.718+02:00  INFO 74534 --- [           main] o.a.c.c.C.[Tomcat].[localhost].[/]       : Initializing Spring embedded WebApplicationContext
2024-01-18T20:03:11.718+02:00  INFO 74534 --- [           main] w.s.c.ServletWebServerApplicationContext : Root WebApplicationContext: initialization completed in 241 ms
2024-01-18T20:03:11.753+02:00  INFO 74534 --- [           main] o.hibernate.jpa.internal.util.LogHelper  : HHH000204: Processing PersistenceUnitInfo [name: default]
2024-01-18T20:03:11.757+02:00  INFO 74534 --- [           main] o.h.c.internal.RegionFactoryInitiator    : HHH000026: Second-level cache disabled
2024-01-18T20:03:11.760+02:00  INFO 74534 --- [           main] o.s.o.j.p.SpringPersistenceUnitInfo      : No LoadTimeWeaver setup: ignoring JPA class transformer
2024-01-18T20:03:11.761+02:00  INFO 74534 --- [           main] com.zaxxer.hikari.HikariDataSource       : HikariPool-10 - Starting...
2024-01-18T20:03:11.764+02:00  INFO 74534 --- [           main] com.zaxxer.hikari.pool.HikariPool        : HikariPool-10 - Added connection conn90: url=jdbc:h2:mem:e06353d6-b5e7-44c9-bacf-fb3713d9e32d user=SA
2024-01-18T20:03:11.764+02:00  INFO 74534 --- [           main] com.zaxxer.hikari.HikariDataSource       : HikariPool-10 - Start completed.
2024-01-18T20:03:11.765+02:00  WARN 74534 --- [           main] org.hibernate.dialect.Dialect            : HHH000511: The 2.2.0 version for [org.hibernate.dialect.MySQLDialect] is no longer supported, hence certain features may not work properly. The minimum supported version is 5.7.0. Check the community dialects project for available legacy versions.
2024-01-18T20:03:11.765+02:00  WARN 74534 --- [           main] org.hibernate.orm.deprecation            : HHH90000025: MySQLDialect does not need to be specified explicitly using 'hibernate.dialect' (remove the property setting and it will be selected by default)
2024-01-18T20:03:11.978+02:00  INFO 74534 --- [           main] o.h.e.t.j.p.i.JtaPlatformInitiator       : HHH000489: No JTA platform available (set 'hibernate.transaction.jta.platform' to enable JTA platform integration)
Hibernate: 
    create table account (
        account_id integer not null auto_increment,
        account_email varchar(255) not null,
        account_name varchar(255) not null,
        account_password varchar(255) not null,
        account_username varchar(255) not null,
        primary key (account_id)
    ) engine=InnoDB
Hibernate: 
    create table category (
        category_id integer not null auto_increment,
        category_name varchar(255),
        primary key (category_id)
    ) engine=InnoDB
Hibernate: 
    create table country (
        country_id integer not null auto_increment,
        country_name varchar(255),
        primary key (country_id)
    ) engine=InnoDB
Hibernate: 
    create table ingredient (
        ingredient_id integer not null auto_increment,
        ingredient_name varchar(255) not null,
        primary key (ingredient_id)
    ) engine=InnoDB
Hibernate: 
    create table instruction (
        instruction_id integer not null auto_increment,
        instruction_body varchar(255) not null,
        recipe_id integer,
        primary key (instruction_id)
    ) engine=InnoDB
Hibernate: 
    create table measurement (
        measurement_id integer not null auto_increment,
        measurement_amount float(23) not null,
        measurement_ingredient integer,
        measurement_unit integer,
        recipe_id integer,
        primary key (measurement_id)
    ) engine=InnoDB
Hibernate: 
    create table recipe (
        recipe_id integer not null,
        recipe_description varchar(255) not null,
        recipe_do_later bit not null,
        recipe_favourite bit not null,
        recipe_finished bit not null,
        recipe_health_score float(53),
        recipe_image varchar(255) not null,
        recipe_original varchar(255),
        recipe_servings integer not null,
        recipe_time integer not null,
        recipe_title varchar(255) not null,
        recipe_to_do_date date,
        recipe_account integer not null,
        primary key (recipe_id)
    ) engine=InnoDB
Hibernate: 
    create table recipe_category_mapping (
        recipe_category integer not null,
        category_id integer not null
    ) engine=InnoDB
Hibernate: 
    create table recipe_country_mapping (
        recipe_country integer not null,
        country_id integer not null
    ) engine=InnoDB
Hibernate: 
    create table recipe_type_mapping (
        recipe_type integer not null,
        type_id integer not null
    ) engine=InnoDB
Hibernate: 
    create table type (
        type_id integer not null auto_increment,
        type_name varchar(255),
        primary key (type_id)
    ) engine=InnoDB
Hibernate: 
    create table unit (
        unit_id integer not null auto_increment,
        unit_name varchar(255),
        primary key (unit_id)
    ) engine=InnoDB
Hibernate: 
    alter table account 
       drop index UK_o72icrlyfe9jcc61hbgsnmkgr
Hibernate: 
    alter table account 
       add constraint UK_o72icrlyfe9jcc61hbgsnmkgr unique (account_email)
Hibernate: 
    alter table account 
       drop index UK_xtxi9818l59cygi210n8tymn
Hibernate: 
    alter table account 
       add constraint UK_xtxi9818l59cygi210n8tymn unique (account_username)
Hibernate: 
    alter table category 
       drop index UK_lroeo5fvfdeg4hpicn4lw7x9b
Hibernate: 
    alter table category 
       add constraint UK_lroeo5fvfdeg4hpicn4lw7x9b unique (category_name)
Hibernate: 
    alter table country 
       drop index UK_qrkn270121aljmucrdbnmd35p
Hibernate: 
    alter table country 
       add constraint UK_qrkn270121aljmucrdbnmd35p unique (country_name)
Hibernate: 
    alter table ingredient 
       drop index UK_co7ro6kyijhfik027h0y4d3n3
Hibernate: 
    alter table ingredient 
       add constraint UK_co7ro6kyijhfik027h0y4d3n3 unique (ingredient_name)
Hibernate: 
    alter table type 
       drop index UK_f1qndtxdjk0ose1st2rhv1vhx
Hibernate: 
    alter table type 
       add constraint UK_f1qndtxdjk0ose1st2rhv1vhx unique (type_name)
Hibernate: 
    alter table unit 
       drop index UK_da8eog93rhwgf6726q1nftsr6
Hibernate: 
    alter table unit 
       add constraint UK_da8eog93rhwgf6726q1nftsr6 unique (unit_name)
Hibernate: 
    alter table instruction 
       add constraint FKcd28dqk4w4civw4jbswqhde2o 
       foreign key (recipe_id) 
       references recipe (recipe_id) 
       on delete cascade
Hibernate: 
    alter table measurement 
       add constraint FKawbdlt6648183uloeiqg70s5k 
       foreign key (measurement_ingredient) 
       references ingredient (ingredient_id)
Hibernate: 
    alter table measurement 
       add constraint FK4rxkc345jswd5pue43p1op7b6 
       foreign key (measurement_unit) 
       references unit (unit_id)
Hibernate: 
    alter table measurement 
       add constraint FKqptfsbxdmcuodd9wg0ainj5ju 
       foreign key (recipe_id) 
       references recipe (recipe_id) 
       on delete cascade
Hibernate: 
    alter table recipe 
       add constraint FKqce9j5wclvpp7522fkf1jn5p9 
       foreign key (recipe_account) 
       references account (account_id) 
       on delete cascade
Hibernate: 
    alter table recipe_category_mapping 
       add constraint FKo6ic4v041qy0d09yo4lne766d 
       foreign key (category_id) 
       references category (category_id)
Hibernate: 
    alter table recipe_category_mapping 
       add constraint FKpbsaruxxfswifi0t7ekvfg2fd 
       foreign key (recipe_category) 
       references recipe (recipe_id)
Hibernate: 
    alter table recipe_country_mapping 
       add constraint FK483w8krln3o8dynou1xnlnrg9 
       foreign key (country_id) 
       references country (country_id)
Hibernate: 
    alter table recipe_country_mapping 
       add constraint FKc9j7hrj2sxj5bulutbw4ievff 
       foreign key (recipe_country) 
       references recipe (recipe_id)
Hibernate: 
    alter table recipe_type_mapping 
       add constraint FKg27fj1iqigjdffvvcimnaymw1 
       foreign key (type_id) 
       references type (type_id)
Hibernate: 
    alter table recipe_type_mapping 
       add constraint FKdaudly65pqb386464ff72wjvj 
       foreign key (recipe_type) 
       references recipe (recipe_id)
2024-01-18T20:03:12.085+02:00  INFO 74534 --- [           main] j.LocalContainerEntityManagerFactoryBean : Initialized JPA EntityManagerFactory for persistence unit 'default'
2024-01-18T20:03:12.463+02:00  WARN 74534 --- [           main] JpaBaseConfiguration$JpaWebConfiguration : spring.jpa.open-in-view is enabled by default. Therefore, database queries may be performed during view rendering. Explicitly configure spring.jpa.open-in-view to disable this warning
2024-01-18T20:03:12.576+02:00  INFO 74534 --- [           main] o.s.s.web.DefaultSecurityFilterChain     : Will secure any request with [org.springframework.security.web.session.DisableEncodeUrlFilter@3fb27dce, org.springframework.security.web.context.request.async.WebAsyncManagerIntegrationFilter@d46308f, org.springframework.security.web.context.SecurityContextHolderFilter@2cb4f458, org.springframework.security.web.header.HeaderWriterFilter@48771635, org.springframework.web.filter.CorsFilter@7d194c0b, org.springframework.web.filter.CorsFilter@7bffa618, org.springframework.security.web.authentication.logout.LogoutFilter@2ce3d4bb, com.example.recipe.security.JwtAuthFilter@693438d, org.springframework.security.web.savedrequest.RequestCacheAwareFilter@5fec51d8, org.springframework.security.web.servletapi.SecurityContextHolderAwareRequestFilter@2f5a22ae, org.springframework.security.web.authentication.AnonymousAuthenticationFilter@570fe8a4, org.springframework.security.web.session.SessionManagementFilter@e60c984, org.springframework.security.web.access.ExceptionTranslationFilter@6833730d, org.springframework.security.web.access.intercept.AuthorizationFilter@6f0d3da5]
2024-01-18T20:03:12.698+02:00  INFO 74534 --- [           main] o.s.b.w.embedded.tomcat.TomcatWebServer  : Tomcat started on port 52537 (http) with context path ''
2024-01-18T20:03:12.702+02:00  INFO 74534 --- [           main] c.e.recipe.recipe.RecipeIntegrationTest  : Started RecipeIntegrationTest in 1.255 seconds (process running for 46.441)
2024-01-18T20:03:12.746+02:00  INFO 74534 --- [0-auto-9-exec-1] o.a.c.c.C.[Tomcat].[localhost].[/]       : Initializing Spring DispatcherServlet 'dispatcherServlet'
2024-01-18T20:03:12.746+02:00  INFO 74534 --- [0-auto-9-exec-1] o.s.web.servlet.DispatcherServlet        : Initializing Servlet 'dispatcherServlet'
2024-01-18T20:03:12.747+02:00  INFO 74534 --- [0-auto-9-exec-1] o.s.web.servlet.DispatcherServlet        : Completed initialization in 1 ms
Hibernate: 
    SELECT
        * 
    FROM
        account a 
    WHERE
        a.account_username = ?
2024-01-18T20:03:12.783+02:00  WARN 74534 --- [0-auto-9-exec-1] o.s.w.s.h.HandlerMappingIntrospector     : Cache miss for REQUEST dispatch to '/recipe/get/favourite' (previous null). Performing MatchableHandlerMapping lookup. This is logged once only at WARN level, and every time at TRACE.
Hibernate: 
    SELECT
        recipe_title AS title,
        recipe_id AS id 
    FROM
        recipe r 
    WHERE
        r.recipe_account = ? 
        AND r.recipe_favourite = 1 
    limit
        ?
Hibernate: 
    SELECT
        recipe_title AS title,
        recipe_id AS id 
    FROM
        recipe r 
    WHERE
        r.recipe_account = ? 
        AND r.recipe_favourite = 1 
    limit
        ?, ?
2024-01-18T20:03:14.935+02:00  INFO 74534 --- [           main] j.LocalContainerEntityManagerFactoryBean : Closing JPA EntityManagerFactory for persistence unit 'default'
2024-01-18T20:03:14.939+02:00  INFO 74534 --- [           main] com.zaxxer.hikari.HikariDataSource       : HikariPool-10 - Shutdown initiated...
2024-01-18T20:03:14.942+02:00  INFO 74534 --- [           main] com.zaxxer.hikari.HikariDataSource       : HikariPool-10 - Shutdown completed.
]]></system-out>
  </testcase>
  <testcase name="getDoLaterWorks" classname="com.example.recipe.recipe.RecipeIntegrationTest" time="2.189">
    <system-out><![CDATA[
  .   ____          _            __ _ _
 /\\ / ___'_ __ _ _(_)_ __  __ _ \ \ \ \
( ( )\___ | '_ | '_| | '_ \/ _` | \ \ \ \
 \\/  ___)| |_)| | | | | || (_| |  ) ) ) )
  '  |____| .__|_| |_|_| |_\__, | / / / /
 =========|_|==============|___/=/_/_/_/
 :: Spring Boot ::                (v3.2.0)

2024-01-18T20:03:15.003+02:00  INFO 74534 --- [           main] c.e.recipe.recipe.RecipeIntegrationTest  : Starting RecipeIntegrationTest using Java 18.0.2.1 with PID 74534 (started by nellirossi in /Users/nellirossi/Documents/recipes/recipes-backend)
2024-01-18T20:03:15.004+02:00  INFO 74534 --- [           main] c.e.recipe.recipe.RecipeIntegrationTest  : The following 1 profile is active: "test"
2024-01-18T20:03:15.161+02:00  INFO 74534 --- [           main] .s.d.r.c.RepositoryConfigurationDelegate : Bootstrapping Spring Data JPA repositories in DEFAULT mode.
2024-01-18T20:03:15.182+02:00  INFO 74534 --- [           main] .s.d.r.c.RepositoryConfigurationDelegate : Finished Spring Data repository scanning in 20 ms. Found 8 JPA repository interfaces.
2024-01-18T20:03:15.245+02:00  INFO 74534 --- [           main] o.s.b.w.embedded.tomcat.TomcatWebServer  : Tomcat initialized with port 0 (http)
2024-01-18T20:03:15.245+02:00  INFO 74534 --- [           main] o.apache.catalina.core.StandardService   : Starting service [Tomcat]
2024-01-18T20:03:15.245+02:00  INFO 74534 --- [           main] o.apache.catalina.core.StandardEngine    : Starting Servlet engine: [Apache Tomcat/10.1.16]
2024-01-18T20:03:15.257+02:00  INFO 74534 --- [           main] o.a.c.c.C.[Tomcat].[localhost].[/]       : Initializing Spring embedded WebApplicationContext
2024-01-18T20:03:15.257+02:00  INFO 74534 --- [           main] w.s.c.ServletWebServerApplicationContext : Root WebApplicationContext: initialization completed in 251 ms
2024-01-18T20:03:15.293+02:00  INFO 74534 --- [           main] o.hibernate.jpa.internal.util.LogHelper  : HHH000204: Processing PersistenceUnitInfo [name: default]
2024-01-18T20:03:15.297+02:00  INFO 74534 --- [           main] o.h.c.internal.RegionFactoryInitiator    : HHH000026: Second-level cache disabled
2024-01-18T20:03:15.301+02:00  INFO 74534 --- [           main] o.s.o.j.p.SpringPersistenceUnitInfo      : No LoadTimeWeaver setup: ignoring JPA class transformer
2024-01-18T20:03:15.302+02:00  INFO 74534 --- [           main] com.zaxxer.hikari.HikariDataSource       : HikariPool-11 - Starting...
2024-01-18T20:03:15.312+02:00  INFO 74534 --- [           main] com.zaxxer.hikari.pool.HikariPool        : HikariPool-11 - Added connection conn100: url=jdbc:h2:mem:b4802496-22f5-470d-b8a1-31b1131f1378 user=SA
2024-01-18T20:03:15.313+02:00  INFO 74534 --- [           main] com.zaxxer.hikari.HikariDataSource       : HikariPool-11 - Start completed.
2024-01-18T20:03:15.314+02:00  WARN 74534 --- [           main] org.hibernate.dialect.Dialect            : HHH000511: The 2.2.0 version for [org.hibernate.dialect.MySQLDialect] is no longer supported, hence certain features may not work properly. The minimum supported version is 5.7.0. Check the community dialects project for available legacy versions.
2024-01-18T20:03:15.314+02:00  WARN 74534 --- [           main] org.hibernate.orm.deprecation            : HHH90000025: MySQLDialect does not need to be specified explicitly using 'hibernate.dialect' (remove the property setting and it will be selected by default)
2024-01-18T20:03:15.581+02:00  INFO 74534 --- [           main] o.h.e.t.j.p.i.JtaPlatformInitiator       : HHH000489: No JTA platform available (set 'hibernate.transaction.jta.platform' to enable JTA platform integration)
Hibernate: 
    create table account (
        account_id integer not null auto_increment,
        account_email varchar(255) not null,
        account_name varchar(255) not null,
        account_password varchar(255) not null,
        account_username varchar(255) not null,
        primary key (account_id)
    ) engine=InnoDB
Hibernate: 
    create table category (
        category_id integer not null auto_increment,
        category_name varchar(255),
        primary key (category_id)
    ) engine=InnoDB
Hibernate: 
    create table country (
        country_id integer not null auto_increment,
        country_name varchar(255),
        primary key (country_id)
    ) engine=InnoDB
Hibernate: 
    create table ingredient (
        ingredient_id integer not null auto_increment,
        ingredient_name varchar(255) not null,
        primary key (ingredient_id)
    ) engine=InnoDB
Hibernate: 
    create table instruction (
        instruction_id integer not null auto_increment,
        instruction_body varchar(255) not null,
        recipe_id integer,
        primary key (instruction_id)
    ) engine=InnoDB
Hibernate: 
    create table measurement (
        measurement_id integer not null auto_increment,
        measurement_amount float(23) not null,
        measurement_ingredient integer,
        measurement_unit integer,
        recipe_id integer,
        primary key (measurement_id)
    ) engine=InnoDB
Hibernate: 
    create table recipe (
        recipe_id integer not null,
        recipe_description varchar(255) not null,
        recipe_do_later bit not null,
        recipe_favourite bit not null,
        recipe_finished bit not null,
        recipe_health_score float(53),
        recipe_image varchar(255) not null,
        recipe_original varchar(255),
        recipe_servings integer not null,
        recipe_time integer not null,
        recipe_title varchar(255) not null,
        recipe_to_do_date date,
        recipe_account integer not null,
        primary key (recipe_id)
    ) engine=InnoDB
Hibernate: 
    create table recipe_category_mapping (
        recipe_category integer not null,
        category_id integer not null
    ) engine=InnoDB
Hibernate: 
    create table recipe_country_mapping (
        recipe_country integer not null,
        country_id integer not null
    ) engine=InnoDB
Hibernate: 
    create table recipe_type_mapping (
        recipe_type integer not null,
        type_id integer not null
    ) engine=InnoDB
Hibernate: 
    create table type (
        type_id integer not null auto_increment,
        type_name varchar(255),
        primary key (type_id)
    ) engine=InnoDB
Hibernate: 
    create table unit (
        unit_id integer not null auto_increment,
        unit_name varchar(255),
        primary key (unit_id)
    ) engine=InnoDB
Hibernate: 
    alter table account 
       drop index UK_o72icrlyfe9jcc61hbgsnmkgr
Hibernate: 
    alter table account 
       add constraint UK_o72icrlyfe9jcc61hbgsnmkgr unique (account_email)
Hibernate: 
    alter table account 
       drop index UK_xtxi9818l59cygi210n8tymn
Hibernate: 
    alter table account 
       add constraint UK_xtxi9818l59cygi210n8tymn unique (account_username)
Hibernate: 
    alter table category 
       drop index UK_lroeo5fvfdeg4hpicn4lw7x9b
Hibernate: 
    alter table category 
       add constraint UK_lroeo5fvfdeg4hpicn4lw7x9b unique (category_name)
Hibernate: 
    alter table country 
       drop index UK_qrkn270121aljmucrdbnmd35p
Hibernate: 
    alter table country 
       add constraint UK_qrkn270121aljmucrdbnmd35p unique (country_name)
Hibernate: 
    alter table ingredient 
       drop index UK_co7ro6kyijhfik027h0y4d3n3
Hibernate: 
    alter table ingredient 
       add constraint UK_co7ro6kyijhfik027h0y4d3n3 unique (ingredient_name)
Hibernate: 
    alter table type 
       drop index UK_f1qndtxdjk0ose1st2rhv1vhx
Hibernate: 
    alter table type 
       add constraint UK_f1qndtxdjk0ose1st2rhv1vhx unique (type_name)
Hibernate: 
    alter table unit 
       drop index UK_da8eog93rhwgf6726q1nftsr6
Hibernate: 
    alter table unit 
       add constraint UK_da8eog93rhwgf6726q1nftsr6 unique (unit_name)
Hibernate: 
    alter table instruction 
       add constraint FKcd28dqk4w4civw4jbswqhde2o 
       foreign key (recipe_id) 
       references recipe (recipe_id) 
       on delete cascade
Hibernate: 
    alter table measurement 
       add constraint FKawbdlt6648183uloeiqg70s5k 
       foreign key (measurement_ingredient) 
       references ingredient (ingredient_id)
Hibernate: 
    alter table measurement 
       add constraint FK4rxkc345jswd5pue43p1op7b6 
       foreign key (measurement_unit) 
       references unit (unit_id)
Hibernate: 
    alter table measurement 
       add constraint FKqptfsbxdmcuodd9wg0ainj5ju 
       foreign key (recipe_id) 
       references recipe (recipe_id) 
       on delete cascade
Hibernate: 
    alter table recipe 
       add constraint FKqce9j5wclvpp7522fkf1jn5p9 
       foreign key (recipe_account) 
       references account (account_id) 
       on delete cascade
Hibernate: 
    alter table recipe_category_mapping 
       add constraint FKo6ic4v041qy0d09yo4lne766d 
       foreign key (category_id) 
       references category (category_id)
Hibernate: 
    alter table recipe_category_mapping 
       add constraint FKpbsaruxxfswifi0t7ekvfg2fd 
       foreign key (recipe_category) 
       references recipe (recipe_id)
Hibernate: 
    alter table recipe_country_mapping 
       add constraint FK483w8krln3o8dynou1xnlnrg9 
       foreign key (country_id) 
       references country (country_id)
Hibernate: 
    alter table recipe_country_mapping 
       add constraint FKc9j7hrj2sxj5bulutbw4ievff 
       foreign key (recipe_country) 
       references recipe (recipe_id)
Hibernate: 
    alter table recipe_type_mapping 
       add constraint FKg27fj1iqigjdffvvcimnaymw1 
       foreign key (type_id) 
       references type (type_id)
Hibernate: 
    alter table recipe_type_mapping 
       add constraint FKdaudly65pqb386464ff72wjvj 
       foreign key (recipe_type) 
       references recipe (recipe_id)
2024-01-18T20:03:15.655+02:00  INFO 74534 --- [           main] j.LocalContainerEntityManagerFactoryBean : Initialized JPA EntityManagerFactory for persistence unit 'default'
2024-01-18T20:03:15.881+02:00  WARN 74534 --- [           main] JpaBaseConfiguration$JpaWebConfiguration : spring.jpa.open-in-view is enabled by default. Therefore, database queries may be performed during view rendering. Explicitly configure spring.jpa.open-in-view to disable this warning
2024-01-18T20:03:15.986+02:00  INFO 74534 --- [           main] o.s.s.web.DefaultSecurityFilterChain     : Will secure any request with [org.springframework.security.web.session.DisableEncodeUrlFilter@62c4adf, org.springframework.security.web.context.request.async.WebAsyncManagerIntegrationFilter@66266f44, org.springframework.security.web.context.SecurityContextHolderFilter@249f78f6, org.springframework.security.web.header.HeaderWriterFilter@77c16f87, org.springframework.web.filter.CorsFilter@9545a62, org.springframework.web.filter.CorsFilter@5b401048, org.springframework.security.web.authentication.logout.LogoutFilter@7652c711, com.example.recipe.security.JwtAuthFilter@44b6dbe4, org.springframework.security.web.savedrequest.RequestCacheAwareFilter@5c83a578, org.springframework.security.web.servletapi.SecurityContextHolderAwareRequestFilter@20424438, org.springframework.security.web.authentication.AnonymousAuthenticationFilter@3f5ec34d, org.springframework.security.web.session.SessionManagementFilter@57bbc4a9, org.springframework.security.web.access.ExceptionTranslationFilter@3589bda0, org.springframework.security.web.access.intercept.AuthorizationFilter@5eae58d]
2024-01-18T20:03:16.082+02:00  INFO 74534 --- [           main] o.s.b.w.embedded.tomcat.TomcatWebServer  : Tomcat started on port 52540 (http) with context path ''
2024-01-18T20:03:16.085+02:00  INFO 74534 --- [           main] c.e.recipe.recipe.RecipeIntegrationTest  : Started RecipeIntegrationTest in 1.124 seconds (process running for 49.824)
2024-01-18T20:03:16.125+02:00  INFO 74534 --- [-auto-10-exec-1] o.a.c.c.C.[Tomcat].[localhost].[/]       : Initializing Spring DispatcherServlet 'dispatcherServlet'
2024-01-18T20:03:16.125+02:00  INFO 74534 --- [-auto-10-exec-1] o.s.web.servlet.DispatcherServlet        : Initializing Servlet 'dispatcherServlet'
2024-01-18T20:03:16.125+02:00  INFO 74534 --- [-auto-10-exec-1] o.s.web.servlet.DispatcherServlet        : Completed initialization in 0 ms
Hibernate: 
    SELECT
        * 
    FROM
        account a 
    WHERE
        a.account_username = ?
2024-01-18T20:03:16.147+02:00  WARN 74534 --- [-auto-10-exec-1] o.s.w.s.h.HandlerMappingIntrospector     : Cache miss for REQUEST dispatch to '/recipe/get/doLater' (previous null). Performing MatchableHandlerMapping lookup. This is logged once only at WARN level, and every time at TRACE.
Hibernate: 
    SELECT
        recipe_title AS title,
        recipe_id AS id 
    FROM
        recipe r 
    WHERE
        r.recipe_account = ? 
        AND r.recipe_do_later = 1 
    limit
        ?
Hibernate: 
    SELECT
        recipe_title AS title,
        recipe_id AS id 
    FROM
        recipe r 
    WHERE
        r.recipe_account = ? 
        AND r.recipe_do_later = 1 
    limit
        ?, ?
2024-01-18T20:03:18.265+02:00  INFO 74534 --- [           main] j.LocalContainerEntityManagerFactoryBean : Closing JPA EntityManagerFactory for persistence unit 'default'
2024-01-18T20:03:18.269+02:00  INFO 74534 --- [           main] com.zaxxer.hikari.HikariDataSource       : HikariPool-11 - Shutdown initiated...
2024-01-18T20:03:18.272+02:00  INFO 74534 --- [           main] com.zaxxer.hikari.HikariDataSource       : HikariPool-11 - Shutdown completed.
]]></system-out>
  </testcase>
  <testcase name="deleteRecipeWorks" classname="com.example.recipe.recipe.RecipeIntegrationTest" time="2.191">
    <system-out><![CDATA[
  .   ____          _            __ _ _
 /\\ / ___'_ __ _ _(_)_ __  __ _ \ \ \ \
( ( )\___ | '_ | '_| | '_ \/ _` | \ \ \ \
 \\/  ___)| |_)| | | | | || (_| |  ) ) ) )
  '  |____| .__|_| |_|_| |_\__, | / / / /
 =========|_|==============|___/=/_/_/_/
 :: Spring Boot ::                (v3.2.0)

2024-01-18T20:03:18.335+02:00  INFO 74534 --- [           main] c.e.recipe.recipe.RecipeIntegrationTest  : Starting RecipeIntegrationTest using Java 18.0.2.1 with PID 74534 (started by nellirossi in /Users/nellirossi/Documents/recipes/recipes-backend)
2024-01-18T20:03:18.335+02:00  INFO 74534 --- [           main] c.e.recipe.recipe.RecipeIntegrationTest  : The following 1 profile is active: "test"
2024-01-18T20:03:18.465+02:00  INFO 74534 --- [           main] .s.d.r.c.RepositoryConfigurationDelegate : Bootstrapping Spring Data JPA repositories in DEFAULT mode.
2024-01-18T20:03:18.484+02:00  INFO 74534 --- [           main] .s.d.r.c.RepositoryConfigurationDelegate : Finished Spring Data repository scanning in 18 ms. Found 8 JPA repository interfaces.
2024-01-18T20:03:18.554+02:00  INFO 74534 --- [           main] o.s.b.w.embedded.tomcat.TomcatWebServer  : Tomcat initialized with port 0 (http)
2024-01-18T20:03:18.555+02:00  INFO 74534 --- [           main] o.apache.catalina.core.StandardService   : Starting service [Tomcat]
2024-01-18T20:03:18.555+02:00  INFO 74534 --- [           main] o.apache.catalina.core.StandardEngine    : Starting Servlet engine: [Apache Tomcat/10.1.16]
2024-01-18T20:03:18.568+02:00  INFO 74534 --- [           main] o.a.c.c.C.[Tomcat].[localhost].[/]       : Initializing Spring embedded WebApplicationContext
2024-01-18T20:03:18.568+02:00  INFO 74534 --- [           main] w.s.c.ServletWebServerApplicationContext : Root WebApplicationContext: initialization completed in 231 ms
2024-01-18T20:03:18.599+02:00  INFO 74534 --- [           main] o.hibernate.jpa.internal.util.LogHelper  : HHH000204: Processing PersistenceUnitInfo [name: default]
2024-01-18T20:03:18.603+02:00  INFO 74534 --- [           main] o.h.c.internal.RegionFactoryInitiator    : HHH000026: Second-level cache disabled
2024-01-18T20:03:18.607+02:00  INFO 74534 --- [           main] o.s.o.j.p.SpringPersistenceUnitInfo      : No LoadTimeWeaver setup: ignoring JPA class transformer
2024-01-18T20:03:18.607+02:00  INFO 74534 --- [           main] com.zaxxer.hikari.HikariDataSource       : HikariPool-12 - Starting...
2024-01-18T20:03:18.616+02:00  INFO 74534 --- [           main] com.zaxxer.hikari.pool.HikariPool        : HikariPool-12 - Added connection conn110: url=jdbc:h2:mem:cb00f450-4b59-4c98-8f07-067371f56a63 user=SA
2024-01-18T20:03:18.617+02:00  INFO 74534 --- [           main] com.zaxxer.hikari.HikariDataSource       : HikariPool-12 - Start completed.
2024-01-18T20:03:18.618+02:00  WARN 74534 --- [           main] org.hibernate.dialect.Dialect            : HHH000511: The 2.2.0 version for [org.hibernate.dialect.MySQLDialect] is no longer supported, hence certain features may not work properly. The minimum supported version is 5.7.0. Check the community dialects project for available legacy versions.
2024-01-18T20:03:18.620+02:00  WARN 74534 --- [           main] org.hibernate.orm.deprecation            : HHH90000025: MySQLDialect does not need to be specified explicitly using 'hibernate.dialect' (remove the property setting and it will be selected by default)
2024-01-18T20:03:18.746+02:00  INFO 74534 --- [           main] o.h.e.t.j.p.i.JtaPlatformInitiator       : HHH000489: No JTA platform available (set 'hibernate.transaction.jta.platform' to enable JTA platform integration)
Hibernate: 
    create table account (
        account_id integer not null auto_increment,
        account_email varchar(255) not null,
        account_name varchar(255) not null,
        account_password varchar(255) not null,
        account_username varchar(255) not null,
        primary key (account_id)
    ) engine=InnoDB
Hibernate: 
    create table category (
        category_id integer not null auto_increment,
        category_name varchar(255),
        primary key (category_id)
    ) engine=InnoDB
Hibernate: 
    create table country (
        country_id integer not null auto_increment,
        country_name varchar(255),
        primary key (country_id)
    ) engine=InnoDB
Hibernate: 
    create table ingredient (
        ingredient_id integer not null auto_increment,
        ingredient_name varchar(255) not null,
        primary key (ingredient_id)
    ) engine=InnoDB
Hibernate: 
    create table instruction (
        instruction_id integer not null auto_increment,
        instruction_body varchar(255) not null,
        recipe_id integer,
        primary key (instruction_id)
    ) engine=InnoDB
Hibernate: 
    create table measurement (
        measurement_id integer not null auto_increment,
        measurement_amount float(23) not null,
        measurement_ingredient integer,
        measurement_unit integer,
        recipe_id integer,
        primary key (measurement_id)
    ) engine=InnoDB
Hibernate: 
    create table recipe (
        recipe_id integer not null,
        recipe_description varchar(255) not null,
        recipe_do_later bit not null,
        recipe_favourite bit not null,
        recipe_finished bit not null,
        recipe_health_score float(53),
        recipe_image varchar(255) not null,
        recipe_original varchar(255),
        recipe_servings integer not null,
        recipe_time integer not null,
        recipe_title varchar(255) not null,
        recipe_to_do_date date,
        recipe_account integer not null,
        primary key (recipe_id)
    ) engine=InnoDB
Hibernate: 
    create table recipe_category_mapping (
        recipe_category integer not null,
        category_id integer not null
    ) engine=InnoDB
Hibernate: 
    create table recipe_country_mapping (
        recipe_country integer not null,
        country_id integer not null
    ) engine=InnoDB
Hibernate: 
    create table recipe_type_mapping (
        recipe_type integer not null,
        type_id integer not null
    ) engine=InnoDB
Hibernate: 
    create table type (
        type_id integer not null auto_increment,
        type_name varchar(255),
        primary key (type_id)
    ) engine=InnoDB
Hibernate: 
    create table unit (
        unit_id integer not null auto_increment,
        unit_name varchar(255),
        primary key (unit_id)
    ) engine=InnoDB
Hibernate: 
    alter table account 
       drop index UK_o72icrlyfe9jcc61hbgsnmkgr
Hibernate: 
    alter table account 
       add constraint UK_o72icrlyfe9jcc61hbgsnmkgr unique (account_email)
Hibernate: 
    alter table account 
       drop index UK_xtxi9818l59cygi210n8tymn
Hibernate: 
    alter table account 
       add constraint UK_xtxi9818l59cygi210n8tymn unique (account_username)
Hibernate: 
    alter table category 
       drop index UK_lroeo5fvfdeg4hpicn4lw7x9b
Hibernate: 
    alter table category 
       add constraint UK_lroeo5fvfdeg4hpicn4lw7x9b unique (category_name)
Hibernate: 
    alter table country 
       drop index UK_qrkn270121aljmucrdbnmd35p
Hibernate: 
    alter table country 
       add constraint UK_qrkn270121aljmucrdbnmd35p unique (country_name)
Hibernate: 
    alter table ingredient 
       drop index UK_co7ro6kyijhfik027h0y4d3n3
Hibernate: 
    alter table ingredient 
       add constraint UK_co7ro6kyijhfik027h0y4d3n3 unique (ingredient_name)
Hibernate: 
    alter table type 
       drop index UK_f1qndtxdjk0ose1st2rhv1vhx
Hibernate: 
    alter table type 
       add constraint UK_f1qndtxdjk0ose1st2rhv1vhx unique (type_name)
Hibernate: 
    alter table unit 
       drop index UK_da8eog93rhwgf6726q1nftsr6
Hibernate: 
    alter table unit 
       add constraint UK_da8eog93rhwgf6726q1nftsr6 unique (unit_name)
Hibernate: 
    alter table instruction 
       add constraint FKcd28dqk4w4civw4jbswqhde2o 
       foreign key (recipe_id) 
       references recipe (recipe_id) 
       on delete cascade
Hibernate: 
    alter table measurement 
       add constraint FKawbdlt6648183uloeiqg70s5k 
       foreign key (measurement_ingredient) 
       references ingredient (ingredient_id)
Hibernate: 
    alter table measurement 
       add constraint FK4rxkc345jswd5pue43p1op7b6 
       foreign key (measurement_unit) 
       references unit (unit_id)
Hibernate: 
    alter table measurement 
       add constraint FKqptfsbxdmcuodd9wg0ainj5ju 
       foreign key (recipe_id) 
       references recipe (recipe_id) 
       on delete cascade
Hibernate: 
    alter table recipe 
       add constraint FKqce9j5wclvpp7522fkf1jn5p9 
       foreign key (recipe_account) 
       references account (account_id) 
       on delete cascade
Hibernate: 
    alter table recipe_category_mapping 
       add constraint FKo6ic4v041qy0d09yo4lne766d 
       foreign key (category_id) 
       references category (category_id)
Hibernate: 
    alter table recipe_category_mapping 
       add constraint FKpbsaruxxfswifi0t7ekvfg2fd 
       foreign key (recipe_category) 
       references recipe (recipe_id)
Hibernate: 
    alter table recipe_country_mapping 
       add constraint FK483w8krln3o8dynou1xnlnrg9 
       foreign key (country_id) 
       references country (country_id)
Hibernate: 
    alter table recipe_country_mapping 
       add constraint FKc9j7hrj2sxj5bulutbw4ievff 
       foreign key (recipe_country) 
       references recipe (recipe_id)
Hibernate: 
    alter table recipe_type_mapping 
       add constraint FKg27fj1iqigjdffvvcimnaymw1 
       foreign key (type_id) 
       references type (type_id)
Hibernate: 
    alter table recipe_type_mapping 
       add constraint FKdaudly65pqb386464ff72wjvj 
       foreign key (recipe_type) 
       references recipe (recipe_id)
2024-01-18T20:03:18.784+02:00  INFO 74534 --- [           main] j.LocalContainerEntityManagerFactoryBean : Initialized JPA EntityManagerFactory for persistence unit 'default'
2024-01-18T20:03:18.917+02:00  WARN 74534 --- [           main] JpaBaseConfiguration$JpaWebConfiguration : spring.jpa.open-in-view is enabled by default. Therefore, database queries may be performed during view rendering. Explicitly configure spring.jpa.open-in-view to disable this warning
2024-01-18T20:03:19.004+02:00  INFO 74534 --- [           main] o.s.s.web.DefaultSecurityFilterChain     : Will secure any request with [org.springframework.security.web.session.DisableEncodeUrlFilter@49649e48, org.springframework.security.web.context.request.async.WebAsyncManagerIntegrationFilter@63a8e287, org.springframework.security.web.context.SecurityContextHolderFilter@43624ff5, org.springframework.security.web.header.HeaderWriterFilter@372f7790, org.springframework.web.filter.CorsFilter@4b5a689a, org.springframework.web.filter.CorsFilter@16a76bfe, org.springframework.security.web.authentication.logout.LogoutFilter@627903e0, com.example.recipe.security.JwtAuthFilter@4d1020f6, org.springframework.security.web.savedrequest.RequestCacheAwareFilter@332dcbf, org.springframework.security.web.servletapi.SecurityContextHolderAwareRequestFilter@4f6db8be, org.springframework.security.web.authentication.AnonymousAuthenticationFilter@7bdc31bc, org.springframework.security.web.session.SessionManagementFilter@5435123d, org.springframework.security.web.access.ExceptionTranslationFilter@2f0de3ad, org.springframework.security.web.access.intercept.AuthorizationFilter@55310225]
2024-01-18T20:03:19.085+02:00  INFO 74534 --- [           main] o.s.b.w.embedded.tomcat.TomcatWebServer  : Tomcat started on port 52543 (http) with context path ''
2024-01-18T20:03:19.087+02:00  INFO 74534 --- [           main] c.e.recipe.recipe.RecipeIntegrationTest  : Started RecipeIntegrationTest in 0.789 seconds (process running for 52.826)
Hibernate: 
    select
        r1_0.recipe_id,
        r1_0.recipe_account,
        r1_0.recipe_description,
        r1_0.recipe_do_later,
        r1_0.recipe_favourite,
        r1_0.recipe_finished,
        r1_0.recipe_health_score,
        r1_0.recipe_image,
        r1_0.recipe_original,
        r1_0.recipe_servings,
        r1_0.recipe_time,
        r1_0.recipe_title,
        r1_0.recipe_to_do_date 
    from
        recipe r1_0
Hibernate: 
    select
        a1_0.account_id,
        a1_0.account_email,
        a1_0.account_name,
        a1_0.account_password,
        a1_0.account_username 
    from
        account a1_0 
    where
        a1_0.account_id=?
2024-01-18T20:03:19.118+02:00  INFO 74534 --- [-auto-11-exec-1] o.a.c.c.C.[Tomcat].[localhost].[/]       : Initializing Spring DispatcherServlet 'dispatcherServlet'
2024-01-18T20:03:19.119+02:00  INFO 74534 --- [-auto-11-exec-1] o.s.web.servlet.DispatcherServlet        : Initializing Servlet 'dispatcherServlet'
2024-01-18T20:03:19.120+02:00  INFO 74534 --- [-auto-11-exec-1] o.s.web.servlet.DispatcherServlet        : Completed initialization in 1 ms
Hibernate: 
    SELECT
        * 
    FROM
        account a 
    WHERE
        a.account_username = ?
2024-01-18T20:03:19.128+02:00  WARN 74534 --- [-auto-11-exec-1] o.s.w.s.h.HandlerMappingIntrospector     : Cache miss for REQUEST dispatch to '/recipe/del' (previous null). Performing MatchableHandlerMapping lookup. This is logged once only at WARN level, and every time at TRACE.
Hibernate: 
    select
        r1_0.recipe_id,
        r1_0.recipe_account,
        a1_0.account_id,
        a1_0.account_email,
        a1_0.account_name,
        a1_0.account_password,
        a1_0.account_username,
        r1_0.recipe_description,
        r1_0.recipe_do_later,
        r1_0.recipe_favourite,
        r1_0.recipe_finished,
        r1_0.recipe_health_score,
        r1_0.recipe_image,
        r1_0.recipe_original,
        r1_0.recipe_servings,
        r1_0.recipe_time,
        r1_0.recipe_title,
        r1_0.recipe_to_do_date 
    from
        recipe r1_0 
    join
        account a1_0 
            on a1_0.account_id=r1_0.recipe_account 
    where
        r1_0.recipe_id=?
Hibernate: 
    select
        c1_0.recipe_country,
        c1_1.country_id,
        c1_1.country_name 
    from
        recipe_country_mapping c1_0 
    join
        country c1_1 
            on c1_1.country_id=c1_0.country_id 
    where
        c1_0.recipe_country=?
Hibernate: 
    select
        t1_0.recipe_type,
        t1_1.type_id,
        t1_1.type_name 
    from
        recipe_type_mapping t1_0 
    join
        type t1_1 
            on t1_1.type_id=t1_0.type_id 
    where
        t1_0.recipe_type=?
Hibernate: 
    select
        c1_0.recipe_category,
        c1_1.category_id,
        c1_1.category_name 
    from
        recipe_category_mapping c1_0 
    join
        category c1_1 
            on c1_1.category_id=c1_0.category_id 
    where
        c1_0.recipe_category=?
Hibernate: 
    select
        i1_0.recipe_id,
        i1_0.instruction_id,
        i1_0.instruction_body 
    from
        instruction i1_0 
    where
        i1_0.recipe_id=?
Hibernate: 
    select
        m1_0.recipe_id,
        m1_0.measurement_id,
        m1_0.measurement_amount,
        i1_0.ingredient_id,
        i1_0.ingredient_name,
        u1_0.unit_id,
        u1_0.unit_name 
    from
        measurement m1_0 
    left join
        ingredient i1_0 
            on i1_0.ingredient_id=m1_0.measurement_ingredient 
    left join
        unit u1_0 
            on u1_0.unit_id=m1_0.measurement_unit 
    where
        m1_0.recipe_id=?
Hibernate: 
    delete 
    from
        recipe_category_mapping 
    where
        recipe_category=?
Hibernate: 
    delete 
    from
        recipe_country_mapping 
    where
        recipe_country=?
Hibernate: 
    update
        instruction 
    set
        recipe_id=null 
    where
        recipe_id=?
Hibernate: 
    update
        measurement 
    set
        recipe_id=null 
    where
        recipe_id=?
Hibernate: 
    delete 
    from
        recipe_type_mapping 
    where
        recipe_type=?
Hibernate: 
    delete 
    from
        recipe 
    where
        recipe_id=?
Hibernate: 
    select
        r1_0.recipe_id,
        r1_0.recipe_account,
        r1_0.recipe_description,
        r1_0.recipe_do_later,
        r1_0.recipe_favourite,
        r1_0.recipe_finished,
        r1_0.recipe_health_score,
        r1_0.recipe_image,
        r1_0.recipe_original,
        r1_0.recipe_servings,
        r1_0.recipe_time,
        r1_0.recipe_title,
        r1_0.recipe_to_do_date 
    from
        recipe r1_0
Hibernate: 
    select
        a1_0.account_id,
        a1_0.account_email,
        a1_0.account_name,
        a1_0.account_password,
        a1_0.account_username 
    from
        account a1_0 
    where
        a1_0.account_id=?
2024-01-18T20:03:21.267+02:00  INFO 74534 --- [           main] j.LocalContainerEntityManagerFactoryBean : Closing JPA EntityManagerFactory for persistence unit 'default'
2024-01-18T20:03:21.270+02:00  INFO 74534 --- [           main] com.zaxxer.hikari.HikariDataSource       : HikariPool-12 - Shutdown initiated...
2024-01-18T20:03:21.273+02:00  INFO 74534 --- [           main] com.zaxxer.hikari.HikariDataSource       : HikariPool-12 - Shutdown completed.
]]></system-out>
  </testcase>
  <testcase name="doLaterRecipeWorks" classname="com.example.recipe.recipe.RecipeIntegrationTest" time="2.133">
    <system-out><![CDATA[
  .   ____          _            __ _ _
 /\\ / ___'_ __ _ _(_)_ __  __ _ \ \ \ \
( ( )\___ | '_ | '_| | '_ \/ _` | \ \ \ \
 \\/  ___)| |_)| | | | | || (_| |  ) ) ) )
  '  |____| .__|_| |_|_| |_\__, | / / / /
 =========|_|==============|___/=/_/_/_/
 :: Spring Boot ::                (v3.2.0)

2024-01-18T20:03:21.323+02:00  INFO 74534 --- [           main] c.e.recipe.recipe.RecipeIntegrationTest  : Starting RecipeIntegrationTest using Java 18.0.2.1 with PID 74534 (started by nellirossi in /Users/nellirossi/Documents/recipes/recipes-backend)
2024-01-18T20:03:21.323+02:00  INFO 74534 --- [           main] c.e.recipe.recipe.RecipeIntegrationTest  : The following 1 profile is active: "test"
2024-01-18T20:03:21.458+02:00  INFO 74534 --- [           main] .s.d.r.c.RepositoryConfigurationDelegate : Bootstrapping Spring Data JPA repositories in DEFAULT mode.
2024-01-18T20:03:21.475+02:00  INFO 74534 --- [           main] .s.d.r.c.RepositoryConfigurationDelegate : Finished Spring Data repository scanning in 16 ms. Found 8 JPA repository interfaces.
2024-01-18T20:03:21.534+02:00  INFO 74534 --- [           main] o.s.b.w.embedded.tomcat.TomcatWebServer  : Tomcat initialized with port 0 (http)
2024-01-18T20:03:21.535+02:00  INFO 74534 --- [           main] o.apache.catalina.core.StandardService   : Starting service [Tomcat]
2024-01-18T20:03:21.535+02:00  INFO 74534 --- [           main] o.apache.catalina.core.StandardEngine    : Starting Servlet engine: [Apache Tomcat/10.1.16]
2024-01-18T20:03:21.546+02:00  INFO 74534 --- [           main] o.a.c.c.C.[Tomcat].[localhost].[/]       : Initializing Spring embedded WebApplicationContext
2024-01-18T20:03:21.547+02:00  INFO 74534 --- [           main] w.s.c.ServletWebServerApplicationContext : Root WebApplicationContext: initialization completed in 222 ms
2024-01-18T20:03:21.583+02:00  INFO 74534 --- [           main] o.hibernate.jpa.internal.util.LogHelper  : HHH000204: Processing PersistenceUnitInfo [name: default]
2024-01-18T20:03:21.586+02:00  INFO 74534 --- [           main] o.h.c.internal.RegionFactoryInitiator    : HHH000026: Second-level cache disabled
2024-01-18T20:03:21.589+02:00  INFO 74534 --- [           main] o.s.o.j.p.SpringPersistenceUnitInfo      : No LoadTimeWeaver setup: ignoring JPA class transformer
2024-01-18T20:03:21.590+02:00  INFO 74534 --- [           main] com.zaxxer.hikari.HikariDataSource       : HikariPool-13 - Starting...
2024-01-18T20:03:21.595+02:00  INFO 74534 --- [           main] com.zaxxer.hikari.pool.HikariPool        : HikariPool-13 - Added connection conn120: url=jdbc:h2:mem:126a6627-0647-41e9-995c-0035b7b7f112 user=SA
2024-01-18T20:03:21.595+02:00  INFO 74534 --- [           main] com.zaxxer.hikari.HikariDataSource       : HikariPool-13 - Start completed.
2024-01-18T20:03:21.595+02:00  WARN 74534 --- [           main] org.hibernate.dialect.Dialect            : HHH000511: The 2.2.0 version for [org.hibernate.dialect.MySQLDialect] is no longer supported, hence certain features may not work properly. The minimum supported version is 5.7.0. Check the community dialects project for available legacy versions.
2024-01-18T20:03:21.596+02:00  WARN 74534 --- [           main] org.hibernate.orm.deprecation            : HHH90000025: MySQLDialect does not need to be specified explicitly using 'hibernate.dialect' (remove the property setting and it will be selected by default)
2024-01-18T20:03:21.780+02:00  INFO 74534 --- [           main] o.h.e.t.j.p.i.JtaPlatformInitiator       : HHH000489: No JTA platform available (set 'hibernate.transaction.jta.platform' to enable JTA platform integration)
Hibernate: 
    create table account (
        account_id integer not null auto_increment,
        account_email varchar(255) not null,
        account_name varchar(255) not null,
        account_password varchar(255) not null,
        account_username varchar(255) not null,
        primary key (account_id)
    ) engine=InnoDB
Hibernate: 
    create table category (
        category_id integer not null auto_increment,
        category_name varchar(255),
        primary key (category_id)
    ) engine=InnoDB
Hibernate: 
    create table country (
        country_id integer not null auto_increment,
        country_name varchar(255),
        primary key (country_id)
    ) engine=InnoDB
Hibernate: 
    create table ingredient (
        ingredient_id integer not null auto_increment,
        ingredient_name varchar(255) not null,
        primary key (ingredient_id)
    ) engine=InnoDB
Hibernate: 
    create table instruction (
        instruction_id integer not null auto_increment,
        instruction_body varchar(255) not null,
        recipe_id integer,
        primary key (instruction_id)
    ) engine=InnoDB
Hibernate: 
    create table measurement (
        measurement_id integer not null auto_increment,
        measurement_amount float(23) not null,
        measurement_ingredient integer,
        measurement_unit integer,
        recipe_id integer,
        primary key (measurement_id)
    ) engine=InnoDB
Hibernate: 
    create table recipe (
        recipe_id integer not null,
        recipe_description varchar(255) not null,
        recipe_do_later bit not null,
        recipe_favourite bit not null,
        recipe_finished bit not null,
        recipe_health_score float(53),
        recipe_image varchar(255) not null,
        recipe_original varchar(255),
        recipe_servings integer not null,
        recipe_time integer not null,
        recipe_title varchar(255) not null,
        recipe_to_do_date date,
        recipe_account integer not null,
        primary key (recipe_id)
    ) engine=InnoDB
Hibernate: 
    create table recipe_category_mapping (
        recipe_category integer not null,
        category_id integer not null
    ) engine=InnoDB
Hibernate: 
    create table recipe_country_mapping (
        recipe_country integer not null,
        country_id integer not null
    ) engine=InnoDB
Hibernate: 
    create table recipe_type_mapping (
        recipe_type integer not null,
        type_id integer not null
    ) engine=InnoDB
Hibernate: 
    create table type (
        type_id integer not null auto_increment,
        type_name varchar(255),
        primary key (type_id)
    ) engine=InnoDB
Hibernate: 
    create table unit (
        unit_id integer not null auto_increment,
        unit_name varchar(255),
        primary key (unit_id)
    ) engine=InnoDB
Hibernate: 
    alter table account 
       drop index UK_o72icrlyfe9jcc61hbgsnmkgr
Hibernate: 
    alter table account 
       add constraint UK_o72icrlyfe9jcc61hbgsnmkgr unique (account_email)
Hibernate: 
    alter table account 
       drop index UK_xtxi9818l59cygi210n8tymn
Hibernate: 
    alter table account 
       add constraint UK_xtxi9818l59cygi210n8tymn unique (account_username)
Hibernate: 
    alter table category 
       drop index UK_lroeo5fvfdeg4hpicn4lw7x9b
Hibernate: 
    alter table category 
       add constraint UK_lroeo5fvfdeg4hpicn4lw7x9b unique (category_name)
Hibernate: 
    alter table country 
       drop index UK_qrkn270121aljmucrdbnmd35p
Hibernate: 
    alter table country 
       add constraint UK_qrkn270121aljmucrdbnmd35p unique (country_name)
Hibernate: 
    alter table ingredient 
       drop index UK_co7ro6kyijhfik027h0y4d3n3
Hibernate: 
    alter table ingredient 
       add constraint UK_co7ro6kyijhfik027h0y4d3n3 unique (ingredient_name)
Hibernate: 
    alter table type 
       drop index UK_f1qndtxdjk0ose1st2rhv1vhx
Hibernate: 
    alter table type 
       add constraint UK_f1qndtxdjk0ose1st2rhv1vhx unique (type_name)
Hibernate: 
    alter table unit 
       drop index UK_da8eog93rhwgf6726q1nftsr6
Hibernate: 
    alter table unit 
       add constraint UK_da8eog93rhwgf6726q1nftsr6 unique (unit_name)
Hibernate: 
    alter table instruction 
       add constraint FKcd28dqk4w4civw4jbswqhde2o 
       foreign key (recipe_id) 
       references recipe (recipe_id) 
       on delete cascade
Hibernate: 
    alter table measurement 
       add constraint FKawbdlt6648183uloeiqg70s5k 
       foreign key (measurement_ingredient) 
       references ingredient (ingredient_id)
Hibernate: 
    alter table measurement 
       add constraint FK4rxkc345jswd5pue43p1op7b6 
       foreign key (measurement_unit) 
       references unit (unit_id)
Hibernate: 
    alter table measurement 
       add constraint FKqptfsbxdmcuodd9wg0ainj5ju 
       foreign key (recipe_id) 
       references recipe (recipe_id) 
       on delete cascade
Hibernate: 
    alter table recipe 
       add constraint FKqce9j5wclvpp7522fkf1jn5p9 
       foreign key (recipe_account) 
       references account (account_id) 
       on delete cascade
Hibernate: 
    alter table recipe_category_mapping 
       add constraint FKo6ic4v041qy0d09yo4lne766d 
       foreign key (category_id) 
       references category (category_id)
Hibernate: 
    alter table recipe_category_mapping 
       add constraint FKpbsaruxxfswifi0t7ekvfg2fd 
       foreign key (recipe_category) 
       references recipe (recipe_id)
Hibernate: 
    alter table recipe_country_mapping 
       add constraint FK483w8krln3o8dynou1xnlnrg9 
       foreign key (country_id) 
       references country (country_id)
Hibernate: 
    alter table recipe_country_mapping 
       add constraint FKc9j7hrj2sxj5bulutbw4ievff 
       foreign key (recipe_country) 
       references recipe (recipe_id)
Hibernate: 
    alter table recipe_type_mapping 
       add constraint FKg27fj1iqigjdffvvcimnaymw1 
       foreign key (type_id) 
       references type (type_id)
Hibernate: 
    alter table recipe_type_mapping 
       add constraint FKdaudly65pqb386464ff72wjvj 
       foreign key (recipe_type) 
       references recipe (recipe_id)
2024-01-18T20:03:21.828+02:00  INFO 74534 --- [           main] j.LocalContainerEntityManagerFactoryBean : Initialized JPA EntityManagerFactory for persistence unit 'default'
2024-01-18T20:03:21.965+02:00  WARN 74534 --- [           main] JpaBaseConfiguration$JpaWebConfiguration : spring.jpa.open-in-view is enabled by default. Therefore, database queries may be performed during view rendering. Explicitly configure spring.jpa.open-in-view to disable this warning
2024-01-18T20:03:22.044+02:00  INFO 74534 --- [           main] o.s.s.web.DefaultSecurityFilterChain     : Will secure any request with [org.springframework.security.web.session.DisableEncodeUrlFilter@14174dcb, org.springframework.security.web.context.request.async.WebAsyncManagerIntegrationFilter@57c57c21, org.springframework.security.web.context.SecurityContextHolderFilter@a4b8770, org.springframework.security.web.header.HeaderWriterFilter@c4359c8, org.springframework.web.filter.CorsFilter@f45e521, org.springframework.web.filter.CorsFilter@20701f00, org.springframework.security.web.authentication.logout.LogoutFilter@788762da, com.example.recipe.security.JwtAuthFilter@253c2bb1, org.springframework.security.web.savedrequest.RequestCacheAwareFilter@6399be2f, org.springframework.security.web.servletapi.SecurityContextHolderAwareRequestFilter@7502268d, org.springframework.security.web.authentication.AnonymousAuthenticationFilter@e2777d0, org.springframework.security.web.session.SessionManagementFilter@38fc6094, org.springframework.security.web.access.ExceptionTranslationFilter@50e72b95, org.springframework.security.web.access.intercept.AuthorizationFilter@3213a128]
2024-01-18T20:03:22.128+02:00  INFO 74534 --- [           main] o.s.b.w.embedded.tomcat.TomcatWebServer  : Tomcat started on port 52546 (http) with context path ''
2024-01-18T20:03:22.131+02:00  INFO 74534 --- [           main] c.e.recipe.recipe.RecipeIntegrationTest  : Started RecipeIntegrationTest in 0.839 seconds (process running for 55.87)
Hibernate: 
    select
        r1_0.recipe_id,
        r1_0.recipe_account,
        a1_0.account_id,
        a1_0.account_email,
        a1_0.account_name,
        a1_0.account_password,
        a1_0.account_username,
        r1_0.recipe_description,
        r1_0.recipe_do_later,
        r1_0.recipe_favourite,
        r1_0.recipe_finished,
        r1_0.recipe_health_score,
        r1_0.recipe_image,
        r1_0.recipe_original,
        r1_0.recipe_servings,
        r1_0.recipe_time,
        r1_0.recipe_title,
        r1_0.recipe_to_do_date 
    from
        recipe r1_0 
    join
        account a1_0 
            on a1_0.account_id=r1_0.recipe_account 
    where
        r1_0.recipe_id=?
2024-01-18T20:03:22.163+02:00  INFO 74534 --- [-auto-12-exec-1] o.a.c.c.C.[Tomcat].[localhost].[/]       : Initializing Spring DispatcherServlet 'dispatcherServlet'
2024-01-18T20:03:22.164+02:00  INFO 74534 --- [-auto-12-exec-1] o.s.web.servlet.DispatcherServlet        : Initializing Servlet 'dispatcherServlet'
2024-01-18T20:03:22.164+02:00  INFO 74534 --- [-auto-12-exec-1] o.s.web.servlet.DispatcherServlet        : Completed initialization in 0 ms
Hibernate: 
    SELECT
        * 
    FROM
        account a 
    WHERE
        a.account_username = ?
2024-01-18T20:03:22.172+02:00  WARN 74534 --- [-auto-12-exec-1] o.s.w.s.h.HandlerMappingIntrospector     : Cache miss for REQUEST dispatch to '/recipe/set/doLater' (previous null). Performing MatchableHandlerMapping lookup. This is logged once only at WARN level, and every time at TRACE.
Hibernate: 
    select
        r1_0.recipe_id,
        r1_0.recipe_account,
        a1_0.account_id,
        a1_0.account_email,
        a1_0.account_name,
        a1_0.account_password,
        a1_0.account_username,
        r1_0.recipe_description,
        r1_0.recipe_do_later,
        r1_0.recipe_favourite,
        r1_0.recipe_finished,
        r1_0.recipe_health_score,
        r1_0.recipe_image,
        r1_0.recipe_original,
        r1_0.recipe_servings,
        r1_0.recipe_time,
        r1_0.recipe_title,
        r1_0.recipe_to_do_date 
    from
        recipe r1_0 
    join
        account a1_0 
            on a1_0.account_id=r1_0.recipe_account 
    where
        r1_0.recipe_id=?
Hibernate: 
    update
        recipe 
    set
        recipe_account=?,
        recipe_description=?,
        recipe_do_later=?,
        recipe_favourite=?,
        recipe_finished=?,
        recipe_health_score=?,
        recipe_image=?,
        recipe_original=?,
        recipe_servings=?,
        recipe_time=?,
        recipe_title=?,
        recipe_to_do_date=? 
    where
        recipe_id=?
Hibernate: 
    select
        r1_0.recipe_id,
        r1_0.recipe_account,
        a1_0.account_id,
        a1_0.account_email,
        a1_0.account_name,
        a1_0.account_password,
        a1_0.account_username,
        r1_0.recipe_description,
        r1_0.recipe_do_later,
        r1_0.recipe_favourite,
        r1_0.recipe_finished,
        r1_0.recipe_health_score,
        r1_0.recipe_image,
        r1_0.recipe_original,
        r1_0.recipe_servings,
        r1_0.recipe_time,
        r1_0.recipe_title,
        r1_0.recipe_to_do_date 
    from
        recipe r1_0 
    join
        account a1_0 
            on a1_0.account_id=r1_0.recipe_account 
    where
        r1_0.recipe_id=?
2024-01-18T20:03:24.262+02:00  INFO 74534 --- [           main] j.LocalContainerEntityManagerFactoryBean : Closing JPA EntityManagerFactory for persistence unit 'default'
2024-01-18T20:03:24.263+02:00  INFO 74534 --- [           main] com.zaxxer.hikari.HikariDataSource       : HikariPool-13 - Shutdown initiated...
2024-01-18T20:03:24.265+02:00  INFO 74534 --- [           main] com.zaxxer.hikari.HikariDataSource       : HikariPool-13 - Shutdown completed.
]]></system-out>
  </testcase>
</testsuite>