<?xml version="1.0" encoding="UTF-8"?>
<testsuite xmlns:xsi="http://www.w3.org/2001/XMLSchema-instance" xsi:noNamespaceSchemaLocation="https://maven.apache.org/surefire/maven-surefire-plugin/xsd/surefire-test-report-3.0.xsd" version="3.0" name="com.example.recipe.pages.PagesIntegrationTest" time="6.463" tests="2" errors="0" skipped="0" failures="0">
  <properties>
    <property name="java.specification.version" value="18"/>
    <property name="sun.jnu.encoding" value="UTF-8"/>
    <property name="java.class.path" value="/Users/nellirossi/Documents/recipes/recipes-backend/target/test-classes:/Users/nellirossi/Documents/recipes/recipes-backend/target/classes:/Users/nellirossi/.m2/repository/org/springframework/boot/spring-boot-starter-data-jpa/3.2.0/spring-boot-starter-data-jpa-3.2.0.jar:/Users/nellirossi/.m2/repository/org/springframework/boot/spring-boot-starter-aop/3.2.0/spring-boot-starter-aop-3.2.0.jar:/Users/nellirossi/.m2/repository/org/aspectj/aspectjweaver/1.9.20.1/aspectjweaver-1.9.20.1.jar:/Users/nellirossi/.m2/repository/org/springframework/boot/spring-boot-starter-jdbc/3.2.0/spring-boot-starter-jdbc-3.2.0.jar:/Users/nellirossi/.m2/repository/com/zaxxer/HikariCP/5.0.1/HikariCP-5.0.1.jar:/Users/nellirossi/.m2/repository/org/springframework/spring-jdbc/6.1.1/spring-jdbc-6.1.1.jar:/Users/nellirossi/.m2/repository/org/hibernate/orm/hibernate-core/6.3.1.Final/hibernate-core-6.3.1.Final.jar:/Users/nellirossi/.m2/repository/jakarta/persistence/jakarta.persistence-api/3.1.0/jakarta.persistence-api-3.1.0.jar:/Users/nellirossi/.m2/repository/jakarta/transaction/jakarta.transaction-api/2.0.1/jakarta.transaction-api-2.0.1.jar:/Users/nellirossi/.m2/repository/org/jboss/logging/jboss-logging/3.5.3.Final/jboss-logging-3.5.3.Final.jar:/Users/nellirossi/.m2/repository/org/hibernate/common/hibernate-commons-annotations/6.0.6.Final/hibernate-commons-annotations-6.0.6.Final.jar:/Users/nellirossi/.m2/repository/io/smallrye/jandex/3.1.2/jandex-3.1.2.jar:/Users/nellirossi/.m2/repository/com/fasterxml/classmate/1.6.0/classmate-1.6.0.jar:/Users/nellirossi/.m2/repository/net/bytebuddy/byte-buddy/1.14.10/byte-buddy-1.14.10.jar:/Users/nellirossi/.m2/repository/org/glassfish/jaxb/jaxb-runtime/4.0.4/jaxb-runtime-4.0.4.jar:/Users/nellirossi/.m2/repository/org/glassfish/jaxb/jaxb-core/4.0.4/jaxb-core-4.0.4.jar:/Users/nellirossi/.m2/repository/org/eclipse/angus/angus-activation/2.0.1/angus-activation-2.0.1.jar:/Users/nellirossi/.m2/repository/org/glassfish/jaxb/txw2/4.0.4/txw2-4.0.4.jar:/Users/nellirossi/.m2/repository/com/sun/istack/istack-commons-runtime/4.1.2/istack-commons-runtime-4.1.2.jar:/Users/nellirossi/.m2/repository/jakarta/inject/jakarta.inject-api/2.0.1/jakarta.inject-api-2.0.1.jar:/Users/nellirossi/.m2/repository/org/antlr/antlr4-runtime/4.10.1/antlr4-runtime-4.10.1.jar:/Users/nellirossi/.m2/repository/org/springframework/data/spring-data-jpa/3.2.0/spring-data-jpa-3.2.0.jar:/Users/nellirossi/.m2/repository/org/springframework/data/spring-data-commons/3.2.0/spring-data-commons-3.2.0.jar:/Users/nellirossi/.m2/repository/org/springframework/spring-orm/6.1.1/spring-orm-6.1.1.jar:/Users/nellirossi/.m2/repository/org/springframework/spring-context/6.1.1/spring-context-6.1.1.jar:/Users/nellirossi/.m2/repository/org/springframework/spring-tx/6.1.1/spring-tx-6.1.1.jar:/Users/nellirossi/.m2/repository/org/springframework/spring-beans/6.1.1/spring-beans-6.1.1.jar:/Users/nellirossi/.m2/repository/jakarta/annotation/jakarta.annotation-api/2.1.1/jakarta.annotation-api-2.1.1.jar:/Users/nellirossi/.m2/repository/org/slf4j/slf4j-api/2.0.9/slf4j-api-2.0.9.jar:/Users/nellirossi/.m2/repository/org/springframework/spring-aspects/6.1.1/spring-aspects-6.1.1.jar:/Users/nellirossi/.m2/repository/org/springframework/boot/spring-boot-starter-security/3.2.0/spring-boot-starter-security-3.2.0.jar:/Users/nellirossi/.m2/repository/org/springframework/boot/spring-boot-starter/3.2.0/spring-boot-starter-3.2.0.jar:/Users/nellirossi/.m2/repository/org/springframework/boot/spring-boot/3.2.0/spring-boot-3.2.0.jar:/Users/nellirossi/.m2/repository/org/springframework/boot/spring-boot-autoconfigure/3.2.0/spring-boot-autoconfigure-3.2.0.jar:/Users/nellirossi/.m2/repository/org/springframework/boot/spring-boot-starter-logging/3.2.0/spring-boot-starter-logging-3.2.0.jar:/Users/nellirossi/.m2/repository/ch/qos/logback/logback-classic/1.4.11/logback-classic-1.4.11.jar:/Users/nellirossi/.m2/repository/ch/qos/logback/logback-core/1.4.11/logback-core-1.4.11.jar:/Users/nellirossi/.m2/repository/org/apache/logging/log4j/log4j-to-slf4j/2.21.1/log4j-to-slf4j-2.21.1.jar:/Users/nellirossi/.m2/repository/org/apache/logging/log4j/log4j-api/2.21.1/log4j-api-2.21.1.jar:/Users/nellirossi/.m2/repository/org/slf4j/jul-to-slf4j/2.0.9/jul-to-slf4j-2.0.9.jar:/Users/nellirossi/.m2/repository/org/yaml/snakeyaml/2.2/snakeyaml-2.2.jar:/Users/nellirossi/.m2/repository/org/springframework/spring-aop/6.1.1/spring-aop-6.1.1.jar:/Users/nellirossi/.m2/repository/org/springframework/security/spring-security-config/6.2.0/spring-security-config-6.2.0.jar:/Users/nellirossi/.m2/repository/org/springframework/security/spring-security-web/6.2.0/spring-security-web-6.2.0.jar:/Users/nellirossi/.m2/repository/org/springframework/spring-expression/6.1.1/spring-expression-6.1.1.jar:/Users/nellirossi/.m2/repository/org/springframework/boot/spring-boot-starter-web/3.2.0/spring-boot-starter-web-3.2.0.jar:/Users/nellirossi/.m2/repository/org/springframework/boot/spring-boot-starter-json/3.2.0/spring-boot-starter-json-3.2.0.jar:/Users/nellirossi/.m2/repository/com/fasterxml/jackson/datatype/jackson-datatype-jdk8/2.15.3/jackson-datatype-jdk8-2.15.3.jar:/Users/nellirossi/.m2/repository/com/fasterxml/jackson/datatype/jackson-datatype-jsr310/2.15.3/jackson-datatype-jsr310-2.15.3.jar:/Users/nellirossi/.m2/repository/com/fasterxml/jackson/module/jackson-module-parameter-names/2.15.3/jackson-module-parameter-names-2.15.3.jar:/Users/nellirossi/.m2/repository/org/springframework/boot/spring-boot-starter-tomcat/3.2.0/spring-boot-starter-tomcat-3.2.0.jar:/Users/nellirossi/.m2/repository/org/apache/tomcat/embed/tomcat-embed-core/10.1.16/tomcat-embed-core-10.1.16.jar:/Users/nellirossi/.m2/repository/org/apache/tomcat/embed/tomcat-embed-el/10.1.16/tomcat-embed-el-10.1.16.jar:/Users/nellirossi/.m2/repository/org/apache/tomcat/embed/tomcat-embed-websocket/10.1.16/tomcat-embed-websocket-10.1.16.jar:/Users/nellirossi/.m2/repository/org/springframework/spring-web/6.1.1/spring-web-6.1.1.jar:/Users/nellirossi/.m2/repository/io/micrometer/micrometer-observation/1.12.0/micrometer-observation-1.12.0.jar:/Users/nellirossi/.m2/repository/io/micrometer/micrometer-commons/1.12.0/micrometer-commons-1.12.0.jar:/Users/nellirossi/.m2/repository/org/springframework/spring-webmvc/6.1.1/spring-webmvc-6.1.1.jar:/Users/nellirossi/.m2/repository/com/mysql/mysql-connector-j/8.1.0/mysql-connector-j-8.1.0.jar:/Users/nellirossi/.m2/repository/org/projectlombok/lombok/1.18.30/lombok-1.18.30.jar:/Users/nellirossi/.m2/repository/org/springframework/boot/spring-boot-starter-test/3.2.0/spring-boot-starter-test-3.2.0.jar:/Users/nellirossi/.m2/repository/org/springframework/boot/spring-boot-test/3.2.0/spring-boot-test-3.2.0.jar:/Users/nellirossi/.m2/repository/org/springframework/boot/spring-boot-test-autoconfigure/3.2.0/spring-boot-test-autoconfigure-3.2.0.jar:/Users/nellirossi/.m2/repository/com/jayway/jsonpath/json-path/2.8.0/json-path-2.8.0.jar:/Users/nellirossi/.m2/repository/jakarta/xml/bind/jakarta.xml.bind-api/4.0.1/jakarta.xml.bind-api-4.0.1.jar:/Users/nellirossi/.m2/repository/jakarta/activation/jakarta.activation-api/2.1.2/jakarta.activation-api-2.1.2.jar:/Users/nellirossi/.m2/repository/org/assertj/assertj-core/3.24.2/assertj-core-3.24.2.jar:/Users/nellirossi/.m2/repository/org/awaitility/awaitility/4.2.0/awaitility-4.2.0.jar:/Users/nellirossi/.m2/repository/org/hamcrest/hamcrest/2.2/hamcrest-2.2.jar:/Users/nellirossi/.m2/repository/org/junit/jupiter/junit-jupiter/5.10.1/junit-jupiter-5.10.1.jar:/Users/nellirossi/.m2/repository/org/junit/jupiter/junit-jupiter-api/5.10.1/junit-jupiter-api-5.10.1.jar:/Users/nellirossi/.m2/repository/org/opentest4j/opentest4j/1.3.0/opentest4j-1.3.0.jar:/Users/nellirossi/.m2/repository/org/junit/platform/junit-platform-commons/1.10.1/junit-platform-commons-1.10.1.jar:/Users/nellirossi/.m2/repository/org/apiguardian/apiguardian-api/1.1.2/apiguardian-api-1.1.2.jar:/Users/nellirossi/.m2/repository/org/junit/jupiter/junit-jupiter-params/5.10.1/junit-jupiter-params-5.10.1.jar:/Users/nellirossi/.m2/repository/org/junit/jupiter/junit-jupiter-engine/5.10.1/junit-jupiter-engine-5.10.1.jar:/Users/nellirossi/.m2/repository/org/junit/platform/junit-platform-engine/1.10.1/junit-platform-engine-1.10.1.jar:/Users/nellirossi/.m2/repository/org/mockito/mockito-core/5.7.0/mockito-core-5.7.0.jar:/Users/nellirossi/.m2/repository/net/bytebuddy/byte-buddy-agent/1.14.10/byte-buddy-agent-1.14.10.jar:/Users/nellirossi/.m2/repository/org/objenesis/objenesis/3.3/objenesis-3.3.jar:/Users/nellirossi/.m2/repository/org/mockito/mockito-junit-jupiter/5.7.0/mockito-junit-jupiter-5.7.0.jar:/Users/nellirossi/.m2/repository/org/skyscreamer/jsonassert/1.5.1/jsonassert-1.5.1.jar:/Users/nellirossi/.m2/repository/com/vaadin/external/google/android-json/0.0.20131108.vaadin1/android-json-0.0.20131108.vaadin1.jar:/Users/nellirossi/.m2/repository/org/springframework/spring-core/6.1.1/spring-core-6.1.1.jar:/Users/nellirossi/.m2/repository/org/springframework/spring-jcl/6.1.1/spring-jcl-6.1.1.jar:/Users/nellirossi/.m2/repository/org/springframework/spring-test/6.1.1/spring-test-6.1.1.jar:/Users/nellirossi/.m2/repository/org/xmlunit/xmlunit-core/2.9.1/xmlunit-core-2.9.1.jar:/Users/nellirossi/.m2/repository/org/springframework/security/spring-security-test/6.2.0/spring-security-test-6.2.0.jar:/Users/nellirossi/.m2/repository/org/springframework/security/spring-security-core/6.2.0/spring-security-core-6.2.0.jar:/Users/nellirossi/.m2/repository/org/springframework/security/spring-security-crypto/6.2.0/spring-security-crypto-6.2.0.jar:/Users/nellirossi/.m2/repository/io/jsonwebtoken/jjwt-api/0.11.5/jjwt-api-0.11.5.jar:/Users/nellirossi/.m2/repository/net/minidev/json-smart/2.5.0/json-smart-2.5.0.jar:/Users/nellirossi/.m2/repository/net/minidev/accessors-smart/2.5.0/accessors-smart-2.5.0.jar:/Users/nellirossi/.m2/repository/org/ow2/asm/asm/9.3/asm-9.3.jar:/Users/nellirossi/.m2/repository/io/jsonwebtoken/jjwt-impl/0.11.5/jjwt-impl-0.11.5.jar:/Users/nellirossi/.m2/repository/io/jsonwebtoken/jjwt-jackson/0.11.5/jjwt-jackson-0.11.5.jar:/Users/nellirossi/.m2/repository/com/fasterxml/jackson/core/jackson-databind/2.15.3/jackson-databind-2.15.3.jar:/Users/nellirossi/.m2/repository/com/fasterxml/jackson/core/jackson-annotations/2.15.3/jackson-annotations-2.15.3.jar:/Users/nellirossi/.m2/repository/com/fasterxml/jackson/core/jackson-core/2.15.3/jackson-core-2.15.3.jar:/Users/nellirossi/.m2/repository/com/h2database/h2/2.2.224/h2-2.2.224.jar:/Users/nellirossi/.m2/repository/org/springframework/boot/spring-boot-starter-webflux/3.2.0/spring-boot-starter-webflux-3.2.0.jar:/Users/nellirossi/.m2/repository/org/springframework/boot/spring-boot-starter-reactor-netty/3.2.0/spring-boot-starter-reactor-netty-3.2.0.jar:/Users/nellirossi/.m2/repository/io/projectreactor/netty/reactor-netty-http/1.1.13/reactor-netty-http-1.1.13.jar:/Users/nellirossi/.m2/repository/io/netty/netty-codec-http/4.1.101.Final/netty-codec-http-4.1.101.Final.jar:/Users/nellirossi/.m2/repository/io/netty/netty-common/4.1.101.Final/netty-common-4.1.101.Final.jar:/Users/nellirossi/.m2/repository/io/netty/netty-buffer/4.1.101.Final/netty-buffer-4.1.101.Final.jar:/Users/nellirossi/.m2/repository/io/netty/netty-transport/4.1.101.Final/netty-transport-4.1.101.Final.jar:/Users/nellirossi/.m2/repository/io/netty/netty-codec/4.1.101.Final/netty-codec-4.1.101.Final.jar:/Users/nellirossi/.m2/repository/io/netty/netty-handler/4.1.101.Final/netty-handler-4.1.101.Final.jar:/Users/nellirossi/.m2/repository/io/netty/netty-codec-http2/4.1.101.Final/netty-codec-http2-4.1.101.Final.jar:/Users/nellirossi/.m2/repository/io/netty/netty-resolver-dns/4.1.101.Final/netty-resolver-dns-4.1.101.Final.jar:/Users/nellirossi/.m2/repository/io/netty/netty-resolver/4.1.101.Final/netty-resolver-4.1.101.Final.jar:/Users/nellirossi/.m2/repository/io/netty/netty-codec-dns/4.1.101.Final/netty-codec-dns-4.1.101.Final.jar:/Users/nellirossi/.m2/repository/io/netty/netty-resolver-dns-native-macos/4.1.101.Final/netty-resolver-dns-native-macos-4.1.101.Final-osx-x86_64.jar:/Users/nellirossi/.m2/repository/io/netty/netty-resolver-dns-classes-macos/4.1.101.Final/netty-resolver-dns-classes-macos-4.1.101.Final.jar:/Users/nellirossi/.m2/repository/io/netty/netty-transport-native-epoll/4.1.101.Final/netty-transport-native-epoll-4.1.101.Final-linux-x86_64.jar:/Users/nellirossi/.m2/repository/io/netty/netty-transport-native-unix-common/4.1.101.Final/netty-transport-native-unix-common-4.1.101.Final.jar:/Users/nellirossi/.m2/repository/io/netty/netty-transport-classes-epoll/4.1.101.Final/netty-transport-classes-epoll-4.1.101.Final.jar:/Users/nellirossi/.m2/repository/io/projectreactor/netty/reactor-netty-core/1.1.13/reactor-netty-core-1.1.13.jar:/Users/nellirossi/.m2/repository/io/netty/netty-handler-proxy/4.1.101.Final/netty-handler-proxy-4.1.101.Final.jar:/Users/nellirossi/.m2/repository/io/netty/netty-codec-socks/4.1.101.Final/netty-codec-socks-4.1.101.Final.jar:/Users/nellirossi/.m2/repository/org/springframework/spring-webflux/6.1.1/spring-webflux-6.1.1.jar:/Users/nellirossi/.m2/repository/io/projectreactor/reactor-core/3.6.0/reactor-core-3.6.0.jar:/Users/nellirossi/.m2/repository/org/reactivestreams/reactive-streams/1.0.4/reactive-streams-1.0.4.jar:/Users/nellirossi/.m2/repository/com/squareup/okhttp3/okhttp/4.10.0/okhttp-4.10.0.jar:/Users/nellirossi/.m2/repository/com/squareup/okio/okio-jvm/3.0.0/okio-jvm-3.0.0.jar:/Users/nellirossi/.m2/repository/org/jetbrains/kotlin/kotlin-stdlib-common/1.9.20/kotlin-stdlib-common-1.9.20.jar:/Users/nellirossi/.m2/repository/org/jetbrains/kotlin/kotlin-stdlib/1.9.20/kotlin-stdlib-1.9.20.jar:/Users/nellirossi/.m2/repository/org/jetbrains/annotations/13.0/annotations-13.0.jar:/Users/nellirossi/.m2/repository/com/squareup/okhttp3/mockwebserver/4.10.0/mockwebserver-4.10.0.jar:/Users/nellirossi/.m2/repository/junit/junit/4.13.2/junit-4.13.2.jar:/Users/nellirossi/.m2/repository/org/hamcrest/hamcrest-core/2.2/hamcrest-core-2.2.jar:/Users/nellirossi/.m2/repository/org/jetbrains/kotlin/kotlin-stdlib-jdk8/1.9.20/kotlin-stdlib-jdk8-1.9.20.jar:/Users/nellirossi/.m2/repository/org/jetbrains/kotlin/kotlin-stdlib-jdk7/1.9.20/kotlin-stdlib-jdk7-1.9.20.jar:"/>
    <property name="java.vm.vendor" value="Homebrew"/>
    <property name="sun.arch.data.model" value="64"/>
    <property name="java.vendor.url" value="https://github.com/Homebrew/homebrew-core/issues"/>
    <property name="catalina.useNaming" value="false"/>
    <property name="user.timezone" value="Europe/Helsinki"/>
    <property name="org.jboss.logging.provider" value="slf4j"/>
    <property name="os.name" value="Mac OS X"/>
    <property name="java.vm.specification.version" value="18"/>
    <property name="sun.java.launcher" value="SUN_STANDARD"/>
    <property name="user.country" value="GB"/>
    <property name="sun.boot.library.path" value="/usr/local/Cellar/openjdk/18.0.2.1/libexec/openjdk.jdk/Contents/Home/lib"/>
    <property name="sun.java.command" value="/Users/nellirossi/Documents/recipes/recipes-backend/target/surefire/surefirebooter-20240118200226112_3.jar /Users/nellirossi/Documents/recipes/recipes-backend/target/surefire 2024-01-18T20-02-25_984-jvmRun1 surefire-20240118200226112_1tmp surefire_0-20240118200226112_2tmp"/>
    <property name="http.nonProxyHosts" value="local|*.local|169.254/16|*.169.254/16"/>
    <property name="jdk.debug" value="release"/>
    <property name="surefire.test.class.path" value="/Users/nellirossi/Documents/recipes/recipes-backend/target/test-classes:/Users/nellirossi/Documents/recipes/recipes-backend/target/classes:/Users/nellirossi/.m2/repository/org/springframework/boot/spring-boot-starter-data-jpa/3.2.0/spring-boot-starter-data-jpa-3.2.0.jar:/Users/nellirossi/.m2/repository/org/springframework/boot/spring-boot-starter-aop/3.2.0/spring-boot-starter-aop-3.2.0.jar:/Users/nellirossi/.m2/repository/org/aspectj/aspectjweaver/1.9.20.1/aspectjweaver-1.9.20.1.jar:/Users/nellirossi/.m2/repository/org/springframework/boot/spring-boot-starter-jdbc/3.2.0/spring-boot-starter-jdbc-3.2.0.jar:/Users/nellirossi/.m2/repository/com/zaxxer/HikariCP/5.0.1/HikariCP-5.0.1.jar:/Users/nellirossi/.m2/repository/org/springframework/spring-jdbc/6.1.1/spring-jdbc-6.1.1.jar:/Users/nellirossi/.m2/repository/org/hibernate/orm/hibernate-core/6.3.1.Final/hibernate-core-6.3.1.Final.jar:/Users/nellirossi/.m2/repository/jakarta/persistence/jakarta.persistence-api/3.1.0/jakarta.persistence-api-3.1.0.jar:/Users/nellirossi/.m2/repository/jakarta/transaction/jakarta.transaction-api/2.0.1/jakarta.transaction-api-2.0.1.jar:/Users/nellirossi/.m2/repository/org/jboss/logging/jboss-logging/3.5.3.Final/jboss-logging-3.5.3.Final.jar:/Users/nellirossi/.m2/repository/org/hibernate/common/hibernate-commons-annotations/6.0.6.Final/hibernate-commons-annotations-6.0.6.Final.jar:/Users/nellirossi/.m2/repository/io/smallrye/jandex/3.1.2/jandex-3.1.2.jar:/Users/nellirossi/.m2/repository/com/fasterxml/classmate/1.6.0/classmate-1.6.0.jar:/Users/nellirossi/.m2/repository/net/bytebuddy/byte-buddy/1.14.10/byte-buddy-1.14.10.jar:/Users/nellirossi/.m2/repository/org/glassfish/jaxb/jaxb-runtime/4.0.4/jaxb-runtime-4.0.4.jar:/Users/nellirossi/.m2/repository/org/glassfish/jaxb/jaxb-core/4.0.4/jaxb-core-4.0.4.jar:/Users/nellirossi/.m2/repository/org/eclipse/angus/angus-activation/2.0.1/angus-activation-2.0.1.jar:/Users/nellirossi/.m2/repository/org/glassfish/jaxb/txw2/4.0.4/txw2-4.0.4.jar:/Users/nellirossi/.m2/repository/com/sun/istack/istack-commons-runtime/4.1.2/istack-commons-runtime-4.1.2.jar:/Users/nellirossi/.m2/repository/jakarta/inject/jakarta.inject-api/2.0.1/jakarta.inject-api-2.0.1.jar:/Users/nellirossi/.m2/repository/org/antlr/antlr4-runtime/4.10.1/antlr4-runtime-4.10.1.jar:/Users/nellirossi/.m2/repository/org/springframework/data/spring-data-jpa/3.2.0/spring-data-jpa-3.2.0.jar:/Users/nellirossi/.m2/repository/org/springframework/data/spring-data-commons/3.2.0/spring-data-commons-3.2.0.jar:/Users/nellirossi/.m2/repository/org/springframework/spring-orm/6.1.1/spring-orm-6.1.1.jar:/Users/nellirossi/.m2/repository/org/springframework/spring-context/6.1.1/spring-context-6.1.1.jar:/Users/nellirossi/.m2/repository/org/springframework/spring-tx/6.1.1/spring-tx-6.1.1.jar:/Users/nellirossi/.m2/repository/org/springframework/spring-beans/6.1.1/spring-beans-6.1.1.jar:/Users/nellirossi/.m2/repository/jakarta/annotation/jakarta.annotation-api/2.1.1/jakarta.annotation-api-2.1.1.jar:/Users/nellirossi/.m2/repository/org/slf4j/slf4j-api/2.0.9/slf4j-api-2.0.9.jar:/Users/nellirossi/.m2/repository/org/springframework/spring-aspects/6.1.1/spring-aspects-6.1.1.jar:/Users/nellirossi/.m2/repository/org/springframework/boot/spring-boot-starter-security/3.2.0/spring-boot-starter-security-3.2.0.jar:/Users/nellirossi/.m2/repository/org/springframework/boot/spring-boot-starter/3.2.0/spring-boot-starter-3.2.0.jar:/Users/nellirossi/.m2/repository/org/springframework/boot/spring-boot/3.2.0/spring-boot-3.2.0.jar:/Users/nellirossi/.m2/repository/org/springframework/boot/spring-boot-autoconfigure/3.2.0/spring-boot-autoconfigure-3.2.0.jar:/Users/nellirossi/.m2/repository/org/springframework/boot/spring-boot-starter-logging/3.2.0/spring-boot-starter-logging-3.2.0.jar:/Users/nellirossi/.m2/repository/ch/qos/logback/logback-classic/1.4.11/logback-classic-1.4.11.jar:/Users/nellirossi/.m2/repository/ch/qos/logback/logback-core/1.4.11/logback-core-1.4.11.jar:/Users/nellirossi/.m2/repository/org/apache/logging/log4j/log4j-to-slf4j/2.21.1/log4j-to-slf4j-2.21.1.jar:/Users/nellirossi/.m2/repository/org/apache/logging/log4j/log4j-api/2.21.1/log4j-api-2.21.1.jar:/Users/nellirossi/.m2/repository/org/slf4j/jul-to-slf4j/2.0.9/jul-to-slf4j-2.0.9.jar:/Users/nellirossi/.m2/repository/org/yaml/snakeyaml/2.2/snakeyaml-2.2.jar:/Users/nellirossi/.m2/repository/org/springframework/spring-aop/6.1.1/spring-aop-6.1.1.jar:/Users/nellirossi/.m2/repository/org/springframework/security/spring-security-config/6.2.0/spring-security-config-6.2.0.jar:/Users/nellirossi/.m2/repository/org/springframework/security/spring-security-web/6.2.0/spring-security-web-6.2.0.jar:/Users/nellirossi/.m2/repository/org/springframework/spring-expression/6.1.1/spring-expression-6.1.1.jar:/Users/nellirossi/.m2/repository/org/springframework/boot/spring-boot-starter-web/3.2.0/spring-boot-starter-web-3.2.0.jar:/Users/nellirossi/.m2/repository/org/springframework/boot/spring-boot-starter-json/3.2.0/spring-boot-starter-json-3.2.0.jar:/Users/nellirossi/.m2/repository/com/fasterxml/jackson/datatype/jackson-datatype-jdk8/2.15.3/jackson-datatype-jdk8-2.15.3.jar:/Users/nellirossi/.m2/repository/com/fasterxml/jackson/datatype/jackson-datatype-jsr310/2.15.3/jackson-datatype-jsr310-2.15.3.jar:/Users/nellirossi/.m2/repository/com/fasterxml/jackson/module/jackson-module-parameter-names/2.15.3/jackson-module-parameter-names-2.15.3.jar:/Users/nellirossi/.m2/repository/org/springframework/boot/spring-boot-starter-tomcat/3.2.0/spring-boot-starter-tomcat-3.2.0.jar:/Users/nellirossi/.m2/repository/org/apache/tomcat/embed/tomcat-embed-core/10.1.16/tomcat-embed-core-10.1.16.jar:/Users/nellirossi/.m2/repository/org/apache/tomcat/embed/tomcat-embed-el/10.1.16/tomcat-embed-el-10.1.16.jar:/Users/nellirossi/.m2/repository/org/apache/tomcat/embed/tomcat-embed-websocket/10.1.16/tomcat-embed-websocket-10.1.16.jar:/Users/nellirossi/.m2/repository/org/springframework/spring-web/6.1.1/spring-web-6.1.1.jar:/Users/nellirossi/.m2/repository/io/micrometer/micrometer-observation/1.12.0/micrometer-observation-1.12.0.jar:/Users/nellirossi/.m2/repository/io/micrometer/micrometer-commons/1.12.0/micrometer-commons-1.12.0.jar:/Users/nellirossi/.m2/repository/org/springframework/spring-webmvc/6.1.1/spring-webmvc-6.1.1.jar:/Users/nellirossi/.m2/repository/com/mysql/mysql-connector-j/8.1.0/mysql-connector-j-8.1.0.jar:/Users/nellirossi/.m2/repository/org/projectlombok/lombok/1.18.30/lombok-1.18.30.jar:/Users/nellirossi/.m2/repository/org/springframework/boot/spring-boot-starter-test/3.2.0/spring-boot-starter-test-3.2.0.jar:/Users/nellirossi/.m2/repository/org/springframework/boot/spring-boot-test/3.2.0/spring-boot-test-3.2.0.jar:/Users/nellirossi/.m2/repository/org/springframework/boot/spring-boot-test-autoconfigure/3.2.0/spring-boot-test-autoconfigure-3.2.0.jar:/Users/nellirossi/.m2/repository/com/jayway/jsonpath/json-path/2.8.0/json-path-2.8.0.jar:/Users/nellirossi/.m2/repository/jakarta/xml/bind/jakarta.xml.bind-api/4.0.1/jakarta.xml.bind-api-4.0.1.jar:/Users/nellirossi/.m2/repository/jakarta/activation/jakarta.activation-api/2.1.2/jakarta.activation-api-2.1.2.jar:/Users/nellirossi/.m2/repository/org/assertj/assertj-core/3.24.2/assertj-core-3.24.2.jar:/Users/nellirossi/.m2/repository/org/awaitility/awaitility/4.2.0/awaitility-4.2.0.jar:/Users/nellirossi/.m2/repository/org/hamcrest/hamcrest/2.2/hamcrest-2.2.jar:/Users/nellirossi/.m2/repository/org/junit/jupiter/junit-jupiter/5.10.1/junit-jupiter-5.10.1.jar:/Users/nellirossi/.m2/repository/org/junit/jupiter/junit-jupiter-api/5.10.1/junit-jupiter-api-5.10.1.jar:/Users/nellirossi/.m2/repository/org/opentest4j/opentest4j/1.3.0/opentest4j-1.3.0.jar:/Users/nellirossi/.m2/repository/org/junit/platform/junit-platform-commons/1.10.1/junit-platform-commons-1.10.1.jar:/Users/nellirossi/.m2/repository/org/apiguardian/apiguardian-api/1.1.2/apiguardian-api-1.1.2.jar:/Users/nellirossi/.m2/repository/org/junit/jupiter/junit-jupiter-params/5.10.1/junit-jupiter-params-5.10.1.jar:/Users/nellirossi/.m2/repository/org/junit/jupiter/junit-jupiter-engine/5.10.1/junit-jupiter-engine-5.10.1.jar:/Users/nellirossi/.m2/repository/org/junit/platform/junit-platform-engine/1.10.1/junit-platform-engine-1.10.1.jar:/Users/nellirossi/.m2/repository/org/mockito/mockito-core/5.7.0/mockito-core-5.7.0.jar:/Users/nellirossi/.m2/repository/net/bytebuddy/byte-buddy-agent/1.14.10/byte-buddy-agent-1.14.10.jar:/Users/nellirossi/.m2/repository/org/objenesis/objenesis/3.3/objenesis-3.3.jar:/Users/nellirossi/.m2/repository/org/mockito/mockito-junit-jupiter/5.7.0/mockito-junit-jupiter-5.7.0.jar:/Users/nellirossi/.m2/repository/org/skyscreamer/jsonassert/1.5.1/jsonassert-1.5.1.jar:/Users/nellirossi/.m2/repository/com/vaadin/external/google/android-json/0.0.20131108.vaadin1/android-json-0.0.20131108.vaadin1.jar:/Users/nellirossi/.m2/repository/org/springframework/spring-core/6.1.1/spring-core-6.1.1.jar:/Users/nellirossi/.m2/repository/org/springframework/spring-jcl/6.1.1/spring-jcl-6.1.1.jar:/Users/nellirossi/.m2/repository/org/springframework/spring-test/6.1.1/spring-test-6.1.1.jar:/Users/nellirossi/.m2/repository/org/xmlunit/xmlunit-core/2.9.1/xmlunit-core-2.9.1.jar:/Users/nellirossi/.m2/repository/org/springframework/security/spring-security-test/6.2.0/spring-security-test-6.2.0.jar:/Users/nellirossi/.m2/repository/org/springframework/security/spring-security-core/6.2.0/spring-security-core-6.2.0.jar:/Users/nellirossi/.m2/repository/org/springframework/security/spring-security-crypto/6.2.0/spring-security-crypto-6.2.0.jar:/Users/nellirossi/.m2/repository/io/jsonwebtoken/jjwt-api/0.11.5/jjwt-api-0.11.5.jar:/Users/nellirossi/.m2/repository/net/minidev/json-smart/2.5.0/json-smart-2.5.0.jar:/Users/nellirossi/.m2/repository/net/minidev/accessors-smart/2.5.0/accessors-smart-2.5.0.jar:/Users/nellirossi/.m2/repository/org/ow2/asm/asm/9.3/asm-9.3.jar:/Users/nellirossi/.m2/repository/io/jsonwebtoken/jjwt-impl/0.11.5/jjwt-impl-0.11.5.jar:/Users/nellirossi/.m2/repository/io/jsonwebtoken/jjwt-jackson/0.11.5/jjwt-jackson-0.11.5.jar:/Users/nellirossi/.m2/repository/com/fasterxml/jackson/core/jackson-databind/2.15.3/jackson-databind-2.15.3.jar:/Users/nellirossi/.m2/repository/com/fasterxml/jackson/core/jackson-annotations/2.15.3/jackson-annotations-2.15.3.jar:/Users/nellirossi/.m2/repository/com/fasterxml/jackson/core/jackson-core/2.15.3/jackson-core-2.15.3.jar:/Users/nellirossi/.m2/repository/com/h2database/h2/2.2.224/h2-2.2.224.jar:/Users/nellirossi/.m2/repository/org/springframework/boot/spring-boot-starter-webflux/3.2.0/spring-boot-starter-webflux-3.2.0.jar:/Users/nellirossi/.m2/repository/org/springframework/boot/spring-boot-starter-reactor-netty/3.2.0/spring-boot-starter-reactor-netty-3.2.0.jar:/Users/nellirossi/.m2/repository/io/projectreactor/netty/reactor-netty-http/1.1.13/reactor-netty-http-1.1.13.jar:/Users/nellirossi/.m2/repository/io/netty/netty-codec-http/4.1.101.Final/netty-codec-http-4.1.101.Final.jar:/Users/nellirossi/.m2/repository/io/netty/netty-common/4.1.101.Final/netty-common-4.1.101.Final.jar:/Users/nellirossi/.m2/repository/io/netty/netty-buffer/4.1.101.Final/netty-buffer-4.1.101.Final.jar:/Users/nellirossi/.m2/repository/io/netty/netty-transport/4.1.101.Final/netty-transport-4.1.101.Final.jar:/Users/nellirossi/.m2/repository/io/netty/netty-codec/4.1.101.Final/netty-codec-4.1.101.Final.jar:/Users/nellirossi/.m2/repository/io/netty/netty-handler/4.1.101.Final/netty-handler-4.1.101.Final.jar:/Users/nellirossi/.m2/repository/io/netty/netty-codec-http2/4.1.101.Final/netty-codec-http2-4.1.101.Final.jar:/Users/nellirossi/.m2/repository/io/netty/netty-resolver-dns/4.1.101.Final/netty-resolver-dns-4.1.101.Final.jar:/Users/nellirossi/.m2/repository/io/netty/netty-resolver/4.1.101.Final/netty-resolver-4.1.101.Final.jar:/Users/nellirossi/.m2/repository/io/netty/netty-codec-dns/4.1.101.Final/netty-codec-dns-4.1.101.Final.jar:/Users/nellirossi/.m2/repository/io/netty/netty-resolver-dns-native-macos/4.1.101.Final/netty-resolver-dns-native-macos-4.1.101.Final-osx-x86_64.jar:/Users/nellirossi/.m2/repository/io/netty/netty-resolver-dns-classes-macos/4.1.101.Final/netty-resolver-dns-classes-macos-4.1.101.Final.jar:/Users/nellirossi/.m2/repository/io/netty/netty-transport-native-epoll/4.1.101.Final/netty-transport-native-epoll-4.1.101.Final-linux-x86_64.jar:/Users/nellirossi/.m2/repository/io/netty/netty-transport-native-unix-common/4.1.101.Final/netty-transport-native-unix-common-4.1.101.Final.jar:/Users/nellirossi/.m2/repository/io/netty/netty-transport-classes-epoll/4.1.101.Final/netty-transport-classes-epoll-4.1.101.Final.jar:/Users/nellirossi/.m2/repository/io/projectreactor/netty/reactor-netty-core/1.1.13/reactor-netty-core-1.1.13.jar:/Users/nellirossi/.m2/repository/io/netty/netty-handler-proxy/4.1.101.Final/netty-handler-proxy-4.1.101.Final.jar:/Users/nellirossi/.m2/repository/io/netty/netty-codec-socks/4.1.101.Final/netty-codec-socks-4.1.101.Final.jar:/Users/nellirossi/.m2/repository/org/springframework/spring-webflux/6.1.1/spring-webflux-6.1.1.jar:/Users/nellirossi/.m2/repository/io/projectreactor/reactor-core/3.6.0/reactor-core-3.6.0.jar:/Users/nellirossi/.m2/repository/org/reactivestreams/reactive-streams/1.0.4/reactive-streams-1.0.4.jar:/Users/nellirossi/.m2/repository/com/squareup/okhttp3/okhttp/4.10.0/okhttp-4.10.0.jar:/Users/nellirossi/.m2/repository/com/squareup/okio/okio-jvm/3.0.0/okio-jvm-3.0.0.jar:/Users/nellirossi/.m2/repository/org/jetbrains/kotlin/kotlin-stdlib-common/1.9.20/kotlin-stdlib-common-1.9.20.jar:/Users/nellirossi/.m2/repository/org/jetbrains/kotlin/kotlin-stdlib/1.9.20/kotlin-stdlib-1.9.20.jar:/Users/nellirossi/.m2/repository/org/jetbrains/annotations/13.0/annotations-13.0.jar:/Users/nellirossi/.m2/repository/com/squareup/okhttp3/mockwebserver/4.10.0/mockwebserver-4.10.0.jar:/Users/nellirossi/.m2/repository/junit/junit/4.13.2/junit-4.13.2.jar:/Users/nellirossi/.m2/repository/org/hamcrest/hamcrest-core/2.2/hamcrest-core-2.2.jar:/Users/nellirossi/.m2/repository/org/jetbrains/kotlin/kotlin-stdlib-jdk8/1.9.20/kotlin-stdlib-jdk8-1.9.20.jar:/Users/nellirossi/.m2/repository/org/jetbrains/kotlin/kotlin-stdlib-jdk7/1.9.20/kotlin-stdlib-jdk7-1.9.20.jar:"/>
    <property name="sun.cpu.endian" value="little"/>
    <property name="user.home" value="/Users/nellirossi"/>
    <property name="user.language" value="en"/>
    <property name="java.specification.vendor" value="Oracle Corporation"/>
    <property name="java.version.date" value="2022-08-18"/>
    <property name="java.home" value="/usr/local/Cellar/openjdk/18.0.2.1/libexec/openjdk.jdk/Contents/Home"/>
    <property name="file.separator" value="/"/>
    <property name="basedir" value="/Users/nellirossi/Documents/recipes/recipes-backend"/>
    <property name="java.vm.compressedOopsMode" value="Zero based"/>
    <property name="line.separator" value="&#10;"/>
    <property name="java.vm.specification.vendor" value="Oracle Corporation"/>
    <property name="java.specification.name" value="Java Platform API Specification"/>
    <property name="FILE_LOG_CHARSET" value="UTF-8"/>
    <property name="java.awt.headless" value="true"/>
    <property name="apple.awt.application.name" value="ForkedBooter"/>
    <property name="surefire.real.class.path" value="/Users/nellirossi/Documents/recipes/recipes-backend/target/surefire/surefirebooter-20240118200226112_3.jar"/>
    <property name="sun.management.compiler" value="HotSpot 64-Bit Tiered Compilers"/>
    <property name="ftp.nonProxyHosts" value="local|*.local|169.254/16|*.169.254/16"/>
    <property name="java.runtime.version" value="18.0.2.1+0"/>
    <property name="user.name" value="nellirossi"/>
    <property name="path.separator" value=":"/>
    <property name="os.version" value="13.2"/>
    <property name="java.runtime.name" value="OpenJDK Runtime Environment"/>
    <property name="file.encoding" value="UTF-8"/>
    <property name="java.vm.name" value="OpenJDK 64-Bit Server VM"/>
    <property name="java.vendor.version" value="Homebrew"/>
    <property name="localRepository" value="/Users/nellirossi/.m2/repository"/>
    <property name="java.vendor.url.bug" value="https://github.com/Homebrew/homebrew-core/issues"/>
    <property name="java.io.tmpdir" value="/var/folders/6h/cljjy91n56g8v9b95r5mbbw80000gn/T/"/>
    <property name="com.zaxxer.hikari.pool_number" value="20"/>
    <property name="catalina.home" value="/private/var/folders/6h/cljjy91n56g8v9b95r5mbbw80000gn/T/tomcat.0.14685796852466811500"/>
    <property name="java.version" value="18.0.2.1"/>
    <property name="user.dir" value="/Users/nellirossi/Documents/recipes/recipes-backend"/>
    <property name="os.arch" value="x86_64"/>
    <property name="java.vm.specification.name" value="Java Virtual Machine Specification"/>
    <property name="PID" value="74534"/>
    <property name="CONSOLE_LOG_CHARSET" value="UTF-8"/>
    <property name="catalina.base" value="/private/var/folders/6h/cljjy91n56g8v9b95r5mbbw80000gn/T/tomcat.0.18301575045662577616"/>
    <property name="native.encoding" value="UTF-8"/>
    <property name="java.library.path" value="/Users/nellirossi/Library/Java/Extensions:/Library/Java/Extensions:/Network/Library/Java/Extensions:/System/Library/Java/Extensions:/usr/lib/java:."/>
    <property name="java.vm.info" value="mixed mode, sharing"/>
    <property name="java.vendor" value="Homebrew"/>
    <property name="java.vm.version" value="18.0.2.1+0"/>
    <property name="sun.io.unicode.encoding" value="UnicodeBig"/>
    <property name="socksNonProxyHosts" value="local|*.local|169.254/16|*.169.254/16"/>
    <property name="java.class.version" value="62.0"/>
  </properties>
  <testcase name="getPersonalWorks" classname="com.example.recipe.pages.PagesIntegrationTest" time="2.288">
    <system-out><![CDATA[2024-01-18T20:03:41.325+02:00  INFO 74534 --- [           main] t.c.s.AnnotationConfigContextLoaderUtils : Could not detect default configuration classes for test class [com.example.recipe.pages.PagesIntegrationTest]: PagesIntegrationTest does not declare any static, non-private, non-final, nested classes annotated with @Configuration.
2024-01-18T20:03:41.353+02:00  INFO 74534 --- [           main] .b.t.c.SpringBootTestContextBootstrapper : Found @SpringBootConfiguration com.example.recipe.RecipeApplication for test class com.example.recipe.pages.PagesIntegrationTest

  .   ____          _            __ _ _
 /\\ / ___'_ __ _ _(_)_ __  __ _ \ \ \ \
( ( )\___ | '_ | '_| | '_ \/ _` | \ \ \ \
 \\/  ___)| |_)| | | | | || (_| |  ) ) ) )
  '  |____| .__|_| |_|_| |_\__, | / / / /
 =========|_|==============|___/=/_/_/_/
 :: Spring Boot ::                (v3.2.0)

2024-01-18T20:03:41.398+02:00  INFO 74534 --- [           main] c.e.recipe.pages.PagesIntegrationTest    : Starting PagesIntegrationTest using Java 18.0.2.1 with PID 74534 (started by nellirossi in /Users/nellirossi/Documents/recipes/recipes-backend)
2024-01-18T20:03:41.398+02:00  INFO 74534 --- [           main] c.e.recipe.pages.PagesIntegrationTest    : The following 1 profile is active: "test"
2024-01-18T20:03:41.551+02:00  INFO 74534 --- [           main] .s.d.r.c.RepositoryConfigurationDelegate : Bootstrapping Spring Data JPA repositories in DEFAULT mode.
2024-01-18T20:03:41.572+02:00  INFO 74534 --- [           main] .s.d.r.c.RepositoryConfigurationDelegate : Finished Spring Data repository scanning in 20 ms. Found 8 JPA repository interfaces.
2024-01-18T20:03:41.643+02:00  INFO 74534 --- [           main] o.s.b.w.embedded.tomcat.TomcatWebServer  : Tomcat initialized with port 0 (http)
2024-01-18T20:03:41.645+02:00  INFO 74534 --- [           main] o.apache.catalina.core.StandardService   : Starting service [Tomcat]
2024-01-18T20:03:41.645+02:00  INFO 74534 --- [           main] o.apache.catalina.core.StandardEngine    : Starting Servlet engine: [Apache Tomcat/10.1.16]
2024-01-18T20:03:41.658+02:00  INFO 74534 --- [           main] o.a.c.c.C.[Tomcat].[localhost].[/]       : Initializing Spring embedded WebApplicationContext
2024-01-18T20:03:41.658+02:00  INFO 74534 --- [           main] w.s.c.ServletWebServerApplicationContext : Root WebApplicationContext: initialization completed in 257 ms
2024-01-18T20:03:41.692+02:00  INFO 74534 --- [           main] o.hibernate.jpa.internal.util.LogHelper  : HHH000204: Processing PersistenceUnitInfo [name: default]
2024-01-18T20:03:41.697+02:00  INFO 74534 --- [           main] o.h.c.internal.RegionFactoryInitiator    : HHH000026: Second-level cache disabled
2024-01-18T20:03:41.702+02:00  INFO 74534 --- [           main] o.s.o.j.p.SpringPersistenceUnitInfo      : No LoadTimeWeaver setup: ignoring JPA class transformer
2024-01-18T20:03:41.702+02:00  INFO 74534 --- [           main] com.zaxxer.hikari.HikariDataSource       : HikariPool-19 - Starting...
2024-01-18T20:03:41.718+02:00  INFO 74534 --- [           main] com.zaxxer.hikari.pool.HikariPool        : HikariPool-19 - Added connection conn180: url=jdbc:h2:mem:1bf03c0b-c61b-4c5e-b788-2f489aeddec4 user=SA
2024-01-18T20:03:41.719+02:00  INFO 74534 --- [           main] com.zaxxer.hikari.HikariDataSource       : HikariPool-19 - Start completed.
2024-01-18T20:03:41.723+02:00  WARN 74534 --- [           main] org.hibernate.dialect.Dialect            : HHH000511: The 2.2.0 version for [org.hibernate.dialect.MySQLDialect] is no longer supported, hence certain features may not work properly. The minimum supported version is 5.7.0. Check the community dialects project for available legacy versions.
2024-01-18T20:03:41.724+02:00  WARN 74534 --- [           main] org.hibernate.orm.deprecation            : HHH90000025: MySQLDialect does not need to be specified explicitly using 'hibernate.dialect' (remove the property setting and it will be selected by default)
2024-01-18T20:03:41.864+02:00  INFO 74534 --- [           main] o.h.e.t.j.p.i.JtaPlatformInitiator       : HHH000489: No JTA platform available (set 'hibernate.transaction.jta.platform' to enable JTA platform integration)
Hibernate: 
    create table account (
        account_id integer not null auto_increment,
        account_email varchar(255) not null,
        account_name varchar(255) not null,
        account_password varchar(255) not null,
        account_username varchar(255) not null,
        primary key (account_id)
    ) engine=InnoDB
Hibernate: 
    create table category (
        category_id integer not null auto_increment,
        category_name varchar(255),
        primary key (category_id)
    ) engine=InnoDB
Hibernate: 
    create table country (
        country_id integer not null auto_increment,
        country_name varchar(255),
        primary key (country_id)
    ) engine=InnoDB
Hibernate: 
    create table ingredient (
        ingredient_id integer not null auto_increment,
        ingredient_name varchar(255) not null,
        primary key (ingredient_id)
    ) engine=InnoDB
Hibernate: 
    create table instruction (
        instruction_id integer not null auto_increment,
        instruction_body varchar(255) not null,
        recipe_id integer,
        primary key (instruction_id)
    ) engine=InnoDB
Hibernate: 
    create table measurement (
        measurement_id integer not null auto_increment,
        measurement_amount float(23) not null,
        measurement_ingredient integer,
        measurement_unit integer,
        recipe_id integer,
        primary key (measurement_id)
    ) engine=InnoDB
Hibernate: 
    create table recipe (
        recipe_id integer not null,
        recipe_description varchar(255) not null,
        recipe_do_later bit not null,
        recipe_favourite bit not null,
        recipe_finished bit not null,
        recipe_health_score float(53),
        recipe_image varchar(255) not null,
        recipe_original varchar(255),
        recipe_servings integer not null,
        recipe_time integer not null,
        recipe_title varchar(255) not null,
        recipe_to_do_date date,
        recipe_account integer not null,
        primary key (recipe_id)
    ) engine=InnoDB
Hibernate: 
    create table recipe_category_mapping (
        recipe_category integer not null,
        category_id integer not null
    ) engine=InnoDB
Hibernate: 
    create table recipe_country_mapping (
        recipe_country integer not null,
        country_id integer not null
    ) engine=InnoDB
Hibernate: 
    create table recipe_type_mapping (
        recipe_type integer not null,
        type_id integer not null
    ) engine=InnoDB
Hibernate: 
    create table type (
        type_id integer not null auto_increment,
        type_name varchar(255),
        primary key (type_id)
    ) engine=InnoDB
Hibernate: 
    create table unit (
        unit_id integer not null auto_increment,
        unit_name varchar(255),
        primary key (unit_id)
    ) engine=InnoDB
Hibernate: 
    alter table account 
       drop index UK_o72icrlyfe9jcc61hbgsnmkgr
Hibernate: 
    alter table account 
       add constraint UK_o72icrlyfe9jcc61hbgsnmkgr unique (account_email)
Hibernate: 
    alter table account 
       drop index UK_xtxi9818l59cygi210n8tymn
Hibernate: 
    alter table account 
       add constraint UK_xtxi9818l59cygi210n8tymn unique (account_username)
Hibernate: 
    alter table category 
       drop index UK_lroeo5fvfdeg4hpicn4lw7x9b
Hibernate: 
    alter table category 
       add constraint UK_lroeo5fvfdeg4hpicn4lw7x9b unique (category_name)
Hibernate: 
    alter table country 
       drop index UK_qrkn270121aljmucrdbnmd35p
Hibernate: 
    alter table country 
       add constraint UK_qrkn270121aljmucrdbnmd35p unique (country_name)
Hibernate: 
    alter table ingredient 
       drop index UK_co7ro6kyijhfik027h0y4d3n3
Hibernate: 
    alter table ingredient 
       add constraint UK_co7ro6kyijhfik027h0y4d3n3 unique (ingredient_name)
Hibernate: 
    alter table type 
       drop index UK_f1qndtxdjk0ose1st2rhv1vhx
Hibernate: 
    alter table type 
       add constraint UK_f1qndtxdjk0ose1st2rhv1vhx unique (type_name)
Hibernate: 
    alter table unit 
       drop index UK_da8eog93rhwgf6726q1nftsr6
Hibernate: 
    alter table unit 
       add constraint UK_da8eog93rhwgf6726q1nftsr6 unique (unit_name)
Hibernate: 
    alter table instruction 
       add constraint FKcd28dqk4w4civw4jbswqhde2o 
       foreign key (recipe_id) 
       references recipe (recipe_id) 
       on delete cascade
Hibernate: 
    alter table measurement 
       add constraint FKawbdlt6648183uloeiqg70s5k 
       foreign key (measurement_ingredient) 
       references ingredient (ingredient_id)
Hibernate: 
    alter table measurement 
       add constraint FK4rxkc345jswd5pue43p1op7b6 
       foreign key (measurement_unit) 
       references unit (unit_id)
Hibernate: 
    alter table measurement 
       add constraint FKqptfsbxdmcuodd9wg0ainj5ju 
       foreign key (recipe_id) 
       references recipe (recipe_id) 
       on delete cascade
Hibernate: 
    alter table recipe 
       add constraint FKqce9j5wclvpp7522fkf1jn5p9 
       foreign key (recipe_account) 
       references account (account_id) 
       on delete cascade
Hibernate: 
    alter table recipe_category_mapping 
       add constraint FKo6ic4v041qy0d09yo4lne766d 
       foreign key (category_id) 
       references category (category_id)
Hibernate: 
    alter table recipe_category_mapping 
       add constraint FKpbsaruxxfswifi0t7ekvfg2fd 
       foreign key (recipe_category) 
       references recipe (recipe_id)
Hibernate: 
    alter table recipe_country_mapping 
       add constraint FK483w8krln3o8dynou1xnlnrg9 
       foreign key (country_id) 
       references country (country_id)
Hibernate: 
    alter table recipe_country_mapping 
       add constraint FKc9j7hrj2sxj5bulutbw4ievff 
       foreign key (recipe_country) 
       references recipe (recipe_id)
Hibernate: 
    alter table recipe_type_mapping 
       add constraint FKg27fj1iqigjdffvvcimnaymw1 
       foreign key (type_id) 
       references type (type_id)
Hibernate: 
    alter table recipe_type_mapping 
       add constraint FKdaudly65pqb386464ff72wjvj 
       foreign key (recipe_type) 
       references recipe (recipe_id)
2024-01-18T20:03:41.893+02:00  INFO 74534 --- [           main] j.LocalContainerEntityManagerFactoryBean : Initialized JPA EntityManagerFactory for persistence unit 'default'
2024-01-18T20:03:42.036+02:00  WARN 74534 --- [           main] JpaBaseConfiguration$JpaWebConfiguration : spring.jpa.open-in-view is enabled by default. Therefore, database queries may be performed during view rendering. Explicitly configure spring.jpa.open-in-view to disable this warning
2024-01-18T20:03:42.134+02:00  INFO 74534 --- [           main] o.s.s.web.DefaultSecurityFilterChain     : Will secure any request with [org.springframework.security.web.session.DisableEncodeUrlFilter@70d70eed, org.springframework.security.web.context.request.async.WebAsyncManagerIntegrationFilter@456b0eeb, org.springframework.security.web.context.SecurityContextHolderFilter@75580055, org.springframework.security.web.header.HeaderWriterFilter@29936ca9, org.springframework.web.filter.CorsFilter@390549f, org.springframework.web.filter.CorsFilter@36d3522b, org.springframework.security.web.authentication.logout.LogoutFilter@1bf5cf8b, com.example.recipe.security.JwtAuthFilter@4f632d29, org.springframework.security.web.savedrequest.RequestCacheAwareFilter@46a3292a, org.springframework.security.web.servletapi.SecurityContextHolderAwareRequestFilter@74e7f373, org.springframework.security.web.authentication.AnonymousAuthenticationFilter@7e3b827a, org.springframework.security.web.session.SessionManagementFilter@4fb2b2a8, org.springframework.security.web.access.ExceptionTranslationFilter@3a71373b, org.springframework.security.web.access.intercept.AuthorizationFilter@ff74036]
2024-01-18T20:03:42.365+02:00  INFO 74534 --- [           main] o.s.b.w.embedded.tomcat.TomcatWebServer  : Tomcat started on port 52570 (http) with context path ''
2024-01-18T20:03:42.375+02:00  INFO 74534 --- [           main] c.e.recipe.pages.PagesIntegrationTest    : Started PagesIntegrationTest in 1.015 seconds (process running for 76.114)
2024-01-18T20:03:42.453+02:00  INFO 74534 --- [-auto-18-exec-1] o.a.c.c.C.[Tomcat].[localhost].[/]       : Initializing Spring DispatcherServlet 'dispatcherServlet'
2024-01-18T20:03:42.455+02:00  INFO 74534 --- [-auto-18-exec-1] o.s.web.servlet.DispatcherServlet        : Initializing Servlet 'dispatcherServlet'
2024-01-18T20:03:42.456+02:00  INFO 74534 --- [-auto-18-exec-1] o.s.web.servlet.DispatcherServlet        : Completed initialization in 1 ms
Hibernate: 
    SELECT
        * 
    FROM
        account a 
    WHERE
        a.account_username = ?
2024-01-18T20:03:42.503+02:00  WARN 74534 --- [-auto-18-exec-1] o.s.w.s.h.HandlerMappingIntrospector     : Cache miss for REQUEST dispatch to '/pages/get/personal' (previous null). Performing MatchableHandlerMapping lookup. This is logged once only at WARN level, and every time at TRACE.
Hibernate: 
    select
        a1_0.account_id,
        a1_0.account_email,
        a1_0.account_name,
        a1_0.account_password,
        a1_0.account_username 
    from
        account a1_0 
    where
        a1_0.account_id=?
Hibernate: 
    SELECT
        recipe_title AS title,
        recipe_id AS id 
    FROM
        recipe r 
    WHERE
        r.recipe_account = ? 
        AND r.recipe_favourite = 1 
    limit
        ?
Hibernate: 
    SELECT
        recipe_title AS title,
        recipe_id AS id 
    FROM
        recipe r 
    WHERE
        r.recipe_account = ? 
        AND r.recipe_favourite = 1 
    limit
        ?, ?
Hibernate: 
    SELECT
        COUNT(recipe_country) AS count,
        c.country_name AS name 
    FROM
        recipe_country_mapping m 
    LEFT JOIN
        country c 
            ON m.country_id = c.country_id 
    LEFT JOIN
        recipe r 
            ON r.recipe_id = m.recipe_country 
    WHERE
        r.recipe_account = ? 
    GROUP BY
        c.country_name
Hibernate: 
    SELECT
        COUNT(*) 
    FROM
        recipe r 
    WHERE
        r.recipe_account = ? 
        AND r.recipe_finished = 1
Hibernate: 
    SELECT
        COUNT(*) 
    FROM
        recipe r 
    WHERE
        r.recipe_account = ? 
        AND r.recipe_favourite = 1
Hibernate: 
    SELECT
        COUNT(*) 
    FROM
        recipe r 
    WHERE
        r.recipe_account = ? 
        AND recipe_do_later = 1
Hibernate: 
    SELECT
        * 
    FROM
        recipe r 
    WHERE
        r.recipe_account = ? 
        AND r.recipe_to_do_date = ?
Hibernate: 
    SELECT
        * 
    FROM
        recipe r 
    WHERE
        r.recipe_account = ? 
        AND r.recipe_to_do_date = ?
Hibernate: 
    SELECT
        * 
    FROM
        recipe r 
    WHERE
        r.recipe_account = ? 
        AND r.recipe_to_do_date = ?
Hibernate: 
    SELECT
        * 
    FROM
        recipe r 
    WHERE
        r.recipe_account = ? 
        AND r.recipe_to_do_date = ?
Hibernate: 
    SELECT
        * 
    FROM
        recipe r 
    WHERE
        r.recipe_account = ? 
        AND r.recipe_to_do_date = ?
Hibernate: 
    SELECT
        * 
    FROM
        recipe r 
    WHERE
        r.recipe_account = ? 
        AND r.recipe_to_do_date = ?
Hibernate: 
    SELECT
        * 
    FROM
        recipe r 
    WHERE
        r.recipe_account = ? 
        AND r.recipe_to_do_date = ?
2024-01-18T20:03:44.667+02:00  INFO 74534 --- [           main] j.LocalContainerEntityManagerFactoryBean : Closing JPA EntityManagerFactory for persistence unit 'default'
2024-01-18T20:03:44.669+02:00  INFO 74534 --- [           main] com.zaxxer.hikari.HikariDataSource       : HikariPool-19 - Shutdown initiated...
2024-01-18T20:03:44.674+02:00  INFO 74534 --- [           main] com.zaxxer.hikari.HikariDataSource       : HikariPool-19 - Shutdown completed.
]]></system-out>
  </testcase>
  <testcase name="getCalendarWorks" classname="com.example.recipe.pages.PagesIntegrationTest" time="2.221">
    <system-out><![CDATA[
  .   ____          _            __ _ _
 /\\ / ___'_ __ _ _(_)_ __  __ _ \ \ \ \
( ( )\___ | '_ | '_| | '_ \/ _` | \ \ \ \
 \\/  ___)| |_)| | | | | || (_| |  ) ) ) )
  '  |____| .__|_| |_|_| |_\__, | / / / /
 =========|_|==============|___/=/_/_/_/
 :: Spring Boot ::                (v3.2.0)

2024-01-18T20:03:44.745+02:00  INFO 74534 --- [           main] c.e.recipe.pages.PagesIntegrationTest    : Starting PagesIntegrationTest using Java 18.0.2.1 with PID 74534 (started by nellirossi in /Users/nellirossi/Documents/recipes/recipes-backend)
2024-01-18T20:03:44.745+02:00  INFO 74534 --- [           main] c.e.recipe.pages.PagesIntegrationTest    : The following 1 profile is active: "test"
2024-01-18T20:03:44.894+02:00  INFO 74534 --- [           main] .s.d.r.c.RepositoryConfigurationDelegate : Bootstrapping Spring Data JPA repositories in DEFAULT mode.
2024-01-18T20:03:44.914+02:00  INFO 74534 --- [           main] .s.d.r.c.RepositoryConfigurationDelegate : Finished Spring Data repository scanning in 19 ms. Found 8 JPA repository interfaces.
2024-01-18T20:03:44.976+02:00  INFO 74534 --- [           main] o.s.b.w.embedded.tomcat.TomcatWebServer  : Tomcat initialized with port 0 (http)
2024-01-18T20:03:44.977+02:00  INFO 74534 --- [           main] o.apache.catalina.core.StandardService   : Starting service [Tomcat]
2024-01-18T20:03:44.977+02:00  INFO 74534 --- [           main] o.apache.catalina.core.StandardEngine    : Starting Servlet engine: [Apache Tomcat/10.1.16]
2024-01-18T20:03:44.986+02:00  INFO 74534 --- [           main] o.a.c.c.C.[Tomcat].[localhost].[/]       : Initializing Spring embedded WebApplicationContext
2024-01-18T20:03:44.986+02:00  INFO 74534 --- [           main] w.s.c.ServletWebServerApplicationContext : Root WebApplicationContext: initialization completed in 238 ms
2024-01-18T20:03:45.028+02:00  INFO 74534 --- [           main] o.hibernate.jpa.internal.util.LogHelper  : HHH000204: Processing PersistenceUnitInfo [name: default]
2024-01-18T20:03:45.032+02:00  INFO 74534 --- [           main] o.h.c.internal.RegionFactoryInitiator    : HHH000026: Second-level cache disabled
2024-01-18T20:03:45.039+02:00  INFO 74534 --- [           main] o.s.o.j.p.SpringPersistenceUnitInfo      : No LoadTimeWeaver setup: ignoring JPA class transformer
2024-01-18T20:03:45.040+02:00  INFO 74534 --- [           main] com.zaxxer.hikari.HikariDataSource       : HikariPool-20 - Starting...
2024-01-18T20:03:45.051+02:00  INFO 74534 --- [           main] com.zaxxer.hikari.pool.HikariPool        : HikariPool-20 - Added connection conn190: url=jdbc:h2:mem:4e4f9d8f-44c9-4039-8774-78ade5a47cbf user=SA
2024-01-18T20:03:45.052+02:00  INFO 74534 --- [           main] com.zaxxer.hikari.HikariDataSource       : HikariPool-20 - Start completed.
2024-01-18T20:03:45.054+02:00  WARN 74534 --- [           main] org.hibernate.dialect.Dialect            : HHH000511: The 2.2.0 version for [org.hibernate.dialect.MySQLDialect] is no longer supported, hence certain features may not work properly. The minimum supported version is 5.7.0. Check the community dialects project for available legacy versions.
2024-01-18T20:03:45.054+02:00  WARN 74534 --- [           main] org.hibernate.orm.deprecation            : HHH90000025: MySQLDialect does not need to be specified explicitly using 'hibernate.dialect' (remove the property setting and it will be selected by default)
2024-01-18T20:03:45.215+02:00  INFO 74534 --- [           main] o.h.e.t.j.p.i.JtaPlatformInitiator       : HHH000489: No JTA platform available (set 'hibernate.transaction.jta.platform' to enable JTA platform integration)
Hibernate: 
    create table account (
        account_id integer not null auto_increment,
        account_email varchar(255) not null,
        account_name varchar(255) not null,
        account_password varchar(255) not null,
        account_username varchar(255) not null,
        primary key (account_id)
    ) engine=InnoDB
Hibernate: 
    create table category (
        category_id integer not null auto_increment,
        category_name varchar(255),
        primary key (category_id)
    ) engine=InnoDB
Hibernate: 
    create table country (
        country_id integer not null auto_increment,
        country_name varchar(255),
        primary key (country_id)
    ) engine=InnoDB
Hibernate: 
    create table ingredient (
        ingredient_id integer not null auto_increment,
        ingredient_name varchar(255) not null,
        primary key (ingredient_id)
    ) engine=InnoDB
Hibernate: 
    create table instruction (
        instruction_id integer not null auto_increment,
        instruction_body varchar(255) not null,
        recipe_id integer,
        primary key (instruction_id)
    ) engine=InnoDB
Hibernate: 
    create table measurement (
        measurement_id integer not null auto_increment,
        measurement_amount float(23) not null,
        measurement_ingredient integer,
        measurement_unit integer,
        recipe_id integer,
        primary key (measurement_id)
    ) engine=InnoDB
Hibernate: 
    create table recipe (
        recipe_id integer not null,
        recipe_description varchar(255) not null,
        recipe_do_later bit not null,
        recipe_favourite bit not null,
        recipe_finished bit not null,
        recipe_health_score float(53),
        recipe_image varchar(255) not null,
        recipe_original varchar(255),
        recipe_servings integer not null,
        recipe_time integer not null,
        recipe_title varchar(255) not null,
        recipe_to_do_date date,
        recipe_account integer not null,
        primary key (recipe_id)
    ) engine=InnoDB
Hibernate: 
    create table recipe_category_mapping (
        recipe_category integer not null,
        category_id integer not null
    ) engine=InnoDB
Hibernate: 
    create table recipe_country_mapping (
        recipe_country integer not null,
        country_id integer not null
    ) engine=InnoDB
Hibernate: 
    create table recipe_type_mapping (
        recipe_type integer not null,
        type_id integer not null
    ) engine=InnoDB
Hibernate: 
    create table type (
        type_id integer not null auto_increment,
        type_name varchar(255),
        primary key (type_id)
    ) engine=InnoDB
Hibernate: 
    create table unit (
        unit_id integer not null auto_increment,
        unit_name varchar(255),
        primary key (unit_id)
    ) engine=InnoDB
Hibernate: 
    alter table account 
       drop index UK_o72icrlyfe9jcc61hbgsnmkgr
Hibernate: 
    alter table account 
       add constraint UK_o72icrlyfe9jcc61hbgsnmkgr unique (account_email)
Hibernate: 
    alter table account 
       drop index UK_xtxi9818l59cygi210n8tymn
Hibernate: 
    alter table account 
       add constraint UK_xtxi9818l59cygi210n8tymn unique (account_username)
Hibernate: 
    alter table category 
       drop index UK_lroeo5fvfdeg4hpicn4lw7x9b
Hibernate: 
    alter table category 
       add constraint UK_lroeo5fvfdeg4hpicn4lw7x9b unique (category_name)
Hibernate: 
    alter table country 
       drop index UK_qrkn270121aljmucrdbnmd35p
Hibernate: 
    alter table country 
       add constraint UK_qrkn270121aljmucrdbnmd35p unique (country_name)
Hibernate: 
    alter table ingredient 
       drop index UK_co7ro6kyijhfik027h0y4d3n3
Hibernate: 
    alter table ingredient 
       add constraint UK_co7ro6kyijhfik027h0y4d3n3 unique (ingredient_name)
Hibernate: 
    alter table type 
       drop index UK_f1qndtxdjk0ose1st2rhv1vhx
Hibernate: 
    alter table type 
       add constraint UK_f1qndtxdjk0ose1st2rhv1vhx unique (type_name)
Hibernate: 
    alter table unit 
       drop index UK_da8eog93rhwgf6726q1nftsr6
Hibernate: 
    alter table unit 
       add constraint UK_da8eog93rhwgf6726q1nftsr6 unique (unit_name)
Hibernate: 
    alter table instruction 
       add constraint FKcd28dqk4w4civw4jbswqhde2o 
       foreign key (recipe_id) 
       references recipe (recipe_id) 
       on delete cascade
Hibernate: 
    alter table measurement 
       add constraint FKawbdlt6648183uloeiqg70s5k 
       foreign key (measurement_ingredient) 
       references ingredient (ingredient_id)
Hibernate: 
    alter table measurement 
       add constraint FK4rxkc345jswd5pue43p1op7b6 
       foreign key (measurement_unit) 
       references unit (unit_id)
Hibernate: 
    alter table measurement 
       add constraint FKqptfsbxdmcuodd9wg0ainj5ju 
       foreign key (recipe_id) 
       references recipe (recipe_id) 
       on delete cascade
Hibernate: 
    alter table recipe 
       add constraint FKqce9j5wclvpp7522fkf1jn5p9 
       foreign key (recipe_account) 
       references account (account_id) 
       on delete cascade
Hibernate: 
    alter table recipe_category_mapping 
       add constraint FKo6ic4v041qy0d09yo4lne766d 
       foreign key (category_id) 
       references category (category_id)
Hibernate: 
    alter table recipe_category_mapping 
       add constraint FKpbsaruxxfswifi0t7ekvfg2fd 
       foreign key (recipe_category) 
       references recipe (recipe_id)
Hibernate: 
    alter table recipe_country_mapping 
       add constraint FK483w8krln3o8dynou1xnlnrg9 
       foreign key (country_id) 
       references country (country_id)
Hibernate: 
    alter table recipe_country_mapping 
       add constraint FKc9j7hrj2sxj5bulutbw4ievff 
       foreign key (recipe_country) 
       references recipe (recipe_id)
Hibernate: 
    alter table recipe_type_mapping 
       add constraint FKg27fj1iqigjdffvvcimnaymw1 
       foreign key (type_id) 
       references type (type_id)
Hibernate: 
    alter table recipe_type_mapping 
       add constraint FKdaudly65pqb386464ff72wjvj 
       foreign key (recipe_type) 
       references recipe (recipe_id)
2024-01-18T20:03:45.248+02:00  INFO 74534 --- [           main] j.LocalContainerEntityManagerFactoryBean : Initialized JPA EntityManagerFactory for persistence unit 'default'
2024-01-18T20:03:45.385+02:00  WARN 74534 --- [           main] JpaBaseConfiguration$JpaWebConfiguration : spring.jpa.open-in-view is enabled by default. Therefore, database queries may be performed during view rendering. Explicitly configure spring.jpa.open-in-view to disable this warning
2024-01-18T20:03:45.465+02:00  INFO 74534 --- [           main] o.s.s.web.DefaultSecurityFilterChain     : Will secure any request with [org.springframework.security.web.session.DisableEncodeUrlFilter@11292a54, org.springframework.security.web.context.request.async.WebAsyncManagerIntegrationFilter@422422f3, org.springframework.security.web.context.SecurityContextHolderFilter@4885181d, org.springframework.security.web.header.HeaderWriterFilter@5ba1e513, org.springframework.web.filter.CorsFilter@12f33968, org.springframework.web.filter.CorsFilter@22f62647, org.springframework.security.web.authentication.logout.LogoutFilter@347cf446, com.example.recipe.security.JwtAuthFilter@10f9616b, org.springframework.security.web.savedrequest.RequestCacheAwareFilter@e78956f, org.springframework.security.web.servletapi.SecurityContextHolderAwareRequestFilter@5aa570ce, org.springframework.security.web.authentication.AnonymousAuthenticationFilter@7a55d3c7, org.springframework.security.web.session.SessionManagementFilter@266502e8, org.springframework.security.web.access.ExceptionTranslationFilter@4c81474d, org.springframework.security.web.access.intercept.AuthorizationFilter@f37e059]
2024-01-18T20:03:45.555+02:00  INFO 74534 --- [           main] o.s.b.w.embedded.tomcat.TomcatWebServer  : Tomcat started on port 52574 (http) with context path ''
2024-01-18T20:03:45.557+02:00  INFO 74534 --- [           main] c.e.recipe.pages.PagesIntegrationTest    : Started PagesIntegrationTest in 0.861 seconds (process running for 79.296)
Hibernate: 
    select
        r1_0.recipe_id,
        r1_0.recipe_account,
        a1_0.account_id,
        a1_0.account_email,
        a1_0.account_name,
        a1_0.account_password,
        a1_0.account_username,
        r1_0.recipe_description,
        r1_0.recipe_do_later,
        r1_0.recipe_favourite,
        r1_0.recipe_finished,
        r1_0.recipe_health_score,
        r1_0.recipe_image,
        r1_0.recipe_original,
        r1_0.recipe_servings,
        r1_0.recipe_time,
        r1_0.recipe_title,
        r1_0.recipe_to_do_date,
        c1_0.recipe_category,
        c1_1.category_id,
        c1_1.category_name 
    from
        recipe r1_0 
    join
        account a1_0 
            on a1_0.account_id=r1_0.recipe_account 
    left join
        (recipe_category_mapping c1_0 
    join
        category c1_1 
            on c1_1.category_id=c1_0.category_id) 
        on r1_0.recipe_id=c1_0.recipe_category 
    where
        r1_0.recipe_id=?
Hibernate: 
    select
        t1_0.recipe_type,
        t1_1.type_id,
        t1_1.type_name 
    from
        recipe_type_mapping t1_0 
    join
        type t1_1 
            on t1_1.type_id=t1_0.type_id 
    where
        t1_0.recipe_type=?
Hibernate: 
    select
        m1_0.recipe_id,
        m1_0.measurement_id,
        m1_0.measurement_amount,
        i1_0.ingredient_id,
        i1_0.ingredient_name,
        u1_0.unit_id,
        u1_0.unit_name 
    from
        measurement m1_0 
    left join
        ingredient i1_0 
            on i1_0.ingredient_id=m1_0.measurement_ingredient 
    left join
        unit u1_0 
            on u1_0.unit_id=m1_0.measurement_unit 
    where
        m1_0.recipe_id=?
Hibernate: 
    select
        i1_0.recipe_id,
        i1_0.instruction_id,
        i1_0.instruction_body 
    from
        instruction i1_0 
    where
        i1_0.recipe_id=?
Hibernate: 
    select
        c1_0.recipe_country,
        c1_1.country_id,
        c1_1.country_name 
    from
        recipe_country_mapping c1_0 
    join
        country c1_1 
            on c1_1.country_id=c1_0.country_id 
    where
        c1_0.recipe_country=?
Hibernate: 
    insert 
    into
        instruction
        (instruction_body) 
    values
        (?)
Hibernate: 
    update
        category 
    set
        category_name=? 
    where
        category_id=?
Hibernate: 
    update
        type 
    set
        type_name=? 
    where
        type_id=?
Hibernate: 
    update
        measurement 
    set
        measurement_amount=?,
        measurement_ingredient=?,
        measurement_unit=? 
    where
        measurement_id=?
Hibernate: 
    update
        country 
    set
        country_name=? 
    where
        country_id=?
Hibernate: 
    delete 
    from
        recipe_category_mapping 
    where
        recipe_category=?
Hibernate: 
    insert 
    into
        recipe_category_mapping
        (recipe_category, category_id) 
    values
        (?, ?)
Hibernate: 
    delete 
    from
        recipe_country_mapping 
    where
        recipe_country=?
Hibernate: 
    insert 
    into
        recipe_country_mapping
        (recipe_country, country_id) 
    values
        (?, ?)
Hibernate: 
    update
        instruction 
    set
        recipe_id=null 
    where
        recipe_id=? 
        and instruction_id=?
Hibernate: 
    update
        instruction 
    set
        recipe_id=? 
    where
        instruction_id=?
Hibernate: 
    delete 
    from
        recipe_type_mapping 
    where
        recipe_type=?
Hibernate: 
    insert 
    into
        recipe_type_mapping
        (recipe_type, type_id) 
    values
        (?, ?)
2024-01-18T20:03:45.623+02:00  INFO 74534 --- [-auto-19-exec-1] o.a.c.c.C.[Tomcat].[localhost].[/]       : Initializing Spring DispatcherServlet 'dispatcherServlet'
2024-01-18T20:03:45.624+02:00  INFO 74534 --- [-auto-19-exec-1] o.s.web.servlet.DispatcherServlet        : Initializing Servlet 'dispatcherServlet'
2024-01-18T20:03:45.624+02:00  INFO 74534 --- [-auto-19-exec-1] o.s.web.servlet.DispatcherServlet        : Completed initialization in 0 ms
Hibernate: 
    SELECT
        * 
    FROM
        account a 
    WHERE
        a.account_username = ?
2024-01-18T20:03:45.632+02:00  WARN 74534 --- [-auto-19-exec-1] o.s.w.s.h.HandlerMappingIntrospector     : Cache miss for REQUEST dispatch to '/pages/get/todays' (previous null). Performing MatchableHandlerMapping lookup. This is logged once only at WARN level, and every time at TRACE.
Hibernate: 
    select
        a1_0.account_id,
        a1_0.account_email,
        a1_0.account_name,
        a1_0.account_password,
        a1_0.account_username 
    from
        account a1_0 
    where
        a1_0.account_id=?
Hibernate: 
    SELECT
        * 
    FROM
        recipe r 
    WHERE
        r.recipe_account = ? 
        AND r.recipe_to_do_date = ?
Hibernate: 
    select
        t1_0.recipe_type,
        t1_1.type_id,
        t1_1.type_name 
    from
        recipe_type_mapping t1_0 
    join
        type t1_1 
            on t1_1.type_id=t1_0.type_id 
    where
        t1_0.recipe_type=?
Hibernate: 
    select
        c1_0.recipe_country,
        c1_1.country_id,
        c1_1.country_name 
    from
        recipe_country_mapping c1_0 
    join
        country c1_1 
            on c1_1.country_id=c1_0.country_id 
    where
        c1_0.recipe_country=?
Hibernate: 
    select
        m1_0.recipe_id,
        m1_0.measurement_id,
        m1_0.measurement_amount,
        i1_0.ingredient_id,
        i1_0.ingredient_name,
        u1_0.unit_id,
        u1_0.unit_name 
    from
        measurement m1_0 
    left join
        ingredient i1_0 
            on i1_0.ingredient_id=m1_0.measurement_ingredient 
    left join
        unit u1_0 
            on u1_0.unit_id=m1_0.measurement_unit 
    where
        m1_0.recipe_id=?
Hibernate: 
    select
        c1_0.recipe_category,
        c1_1.category_id,
        c1_1.category_name 
    from
        recipe_category_mapping c1_0 
    join
        category c1_1 
            on c1_1.category_id=c1_0.category_id 
    where
        c1_0.recipe_category=?
Hibernate: 
    select
        i1_0.recipe_id,
        i1_0.instruction_id,
        i1_0.instruction_body 
    from
        instruction i1_0 
    where
        i1_0.recipe_id=?
Hibernate: 
    SELECT
        * 
    FROM
        recipe r 
    WHERE
        r.recipe_account = ? 
        AND r.recipe_to_do_date = ?
Hibernate: 
    SELECT
        * 
    FROM
        recipe r 
    WHERE
        r.recipe_account = ? 
        AND r.recipe_to_do_date = ?
Hibernate: 
    SELECT
        * 
    FROM
        recipe r 
    WHERE
        r.recipe_account = ? 
        AND r.recipe_to_do_date = ?
Hibernate: 
    SELECT
        * 
    FROM
        recipe r 
    WHERE
        r.recipe_account = ? 
        AND r.recipe_to_do_date = ?
Hibernate: 
    SELECT
        * 
    FROM
        recipe r 
    WHERE
        r.recipe_account = ? 
        AND r.recipe_to_do_date = ?
Hibernate: 
    SELECT
        * 
    FROM
        recipe r 
    WHERE
        r.recipe_account = ? 
        AND r.recipe_to_do_date = ?
Hibernate: 
    SELECT
        * 
    FROM
        recipe r 
    WHERE
        r.recipe_account = ? 
        AND r.recipe_to_do_date = ?
2024-01-18T20:03:47.763+02:00  INFO 74534 --- [           main] j.LocalContainerEntityManagerFactoryBean : Closing JPA EntityManagerFactory for persistence unit 'default'
2024-01-18T20:03:47.768+02:00  INFO 74534 --- [           main] com.zaxxer.hikari.HikariDataSource       : HikariPool-20 - Shutdown initiated...
2024-01-18T20:03:47.775+02:00  INFO 74534 --- [           main] com.zaxxer.hikari.HikariDataSource       : HikariPool-20 - Shutdown completed.
]]></system-out>
  </testcase>
</testsuite>